14:42:59 INFO  : Registering command handlers for SDK TCF services
14:43:03 INFO  : Launching XSCT server: xsct.bat -interactive B:\Dokumen\CNN_HW\CNN_HW.sdk\temp_xsdb_launch_script.tcl
14:43:08 INFO  : XSCT server has started successfully.
14:43:08 INFO  : Successfully done setting XSCT server connection channel  
14:43:22 INFO  : Successfully done setting SDK workspace  
14:43:22 INFO  : Processing command line option -hwspec B:/Dokumen/CNN_HW/CNN_HW.sdk/CNN_top_module_wrapper.hdf.
15:09:00 INFO  : Registering command handlers for SDK TCF services
15:09:02 INFO  : Launching XSCT server: xsct.bat -interactive B:\Dokumen\CNN_HW\CNN_HW.sdk\temp_xsdb_launch_script.tcl
15:09:07 INFO  : XSCT server has started successfully.
15:09:21 INFO  : Successfully done setting XSCT server connection channel  
15:09:21 INFO  : Processing command line option -hwspec B:/Dokumen/CNN_HW/CNN_HW.sdk/CNN_top_module_wrapper.hdf.
15:09:21 INFO  : Checking for hwspec changes in the project CNN_top_module_wrapper_hw_platform_0.
15:09:21 INFO  : Successfully done setting SDK workspace  
16:24:41 INFO  : Connected to target on host '127.0.0.1' and port '3121'.
16:24:54 INFO  : Connected to target on host '127.0.0.1' and port '3121'.
16:24:54 INFO  : 'targets -set -filter {jtag_cable_name =~ "Digilent Zybo 210279A428CAA" && level==0} -index 1' command is executed.
16:24:55 INFO  : FPGA configured successfully with bitstream "B:/Dokumen/CNN_HW/CNN_HW.sdk/CNN_top_module_wrapper_hw_platform_0/CNN_top_module_wrapper.bit"
16:29:28 ERROR : (XSDB Server)couldn't open "B:/DokumenCNN_HWCNN_HW.sdkcnn_sdkDebugcnn_sdk.elf": no such file or directory

16:29:50 ERROR : (XSDB Server)couldn't open "C:/cnn_sdk/Debug/cnn_sdk.elf": no such file or directory

16:30:22 ERROR : (XSDB Server)Memory write error at 0x100000. MMU page translation fault

16:31:37 INFO  : Connected to target on host '127.0.0.1' and port '3121'.
16:31:39 INFO  : Connected to target on host '127.0.0.1' and port '3121'.
16:31:40 INFO  : 'targets -set -filter {jtag_cable_name =~ "Digilent Zybo 210279A428CAA" && level==0} -index 1' command is executed.
16:31:41 INFO  : FPGA configured successfully with bitstream "B:/Dokumen/CNN_HW/CNN_HW.sdk/CNN_top_module_wrapper_hw_platform_0/CNN_top_module_wrapper.bit"
16:32:39 ERROR : (XSDB Server)Memory write error at 0x100000. MMU page translation fault

16:33:19 ERROR : (XSDB Server)Memory write error at 0x100000. MMU page translation fault

16:34:38 INFO  : Connected to target on host '127.0.0.1' and port '3121'.
16:34:38 WARN  : Part name present in the hardware specification 'xc7z020clg484-1' doesn't match the one present on the target 'xc7z010'.
16:34:45 INFO  : Jtag cable 'Digilent Zybo 210279A428CAA' is selected.
16:34:45 INFO  : 'jtag frequency' command is executed.
16:34:45 INFO  : Context for 'APU' is selected.
16:34:45 INFO  : Hardware design information is loaded from 'B:/Dokumen/CNN_HW/CNN_HW.sdk/ZC702_hw_platform/system.hdf'.
16:34:45 INFO  : 'configparams force-mem-access 1' command is executed.
16:34:45 INFO  : Context for processor 'ps7_cortexa9_0' is selected.
16:34:45 INFO  : Processor reset is completed for 'ps7_cortexa9_0'.
16:34:45 INFO  : Context for processor 'ps7_cortexa9_0' is selected.
16:34:45 INFO  : The application 'B:/Dokumen/CNN_HW/CNN_HW.sdk/cnn_sdk/Debug/cnn_sdk.elf' is downloaded to processor 'ps7_cortexa9_0'.
16:34:45 INFO  : 'configparams force-mem-access 0' command is executed.
16:34:45 INFO  : ----------------XSDB Script----------------
connect -url tcp:127.0.0.1:3121
targets -set -nocase -filter {name =~"APU*" && jtag_cable_name =~ "Digilent Zybo 210279A428CAA"} -index 0
loadhw -hw B:/Dokumen/CNN_HW/CNN_HW.sdk/ZC702_hw_platform/system.hdf -mem-ranges [list {0x40000000 0xbfffffff}]
configparams force-mem-access 1
targets -set -nocase -filter {name =~ "ARM*#0" && jtag_cable_name =~ "Digilent Zybo 210279A428CAA"} -index 0
rst -processor
targets -set -nocase -filter {name =~ "ARM*#0" && jtag_cable_name =~ "Digilent Zybo 210279A428CAA"} -index 0
dow B:/Dokumen/CNN_HW/CNN_HW.sdk/cnn_sdk/Debug/cnn_sdk.elf
configparams force-mem-access 0
----------------End of Script----------------

16:34:45 INFO  : Context for processor 'ps7_cortexa9_0' is selected.
16:34:45 INFO  : 'con' command is executed.
16:34:45 INFO  : ----------------XSDB Script (After Launch)----------------
targets -set -nocase -filter {name =~ "ARM*#0" && jtag_cable_name =~ "Digilent Zybo 210279A428CAA"} -index 0
con
----------------End of Script----------------

16:34:45 INFO  : Disconnected from the channel tcfchan#1.
16:35:13 INFO  : Connected to target on host '127.0.0.1' and port '3121'.
16:35:13 WARN  : Part name present in the hardware specification 'xc7z020clg484-1' doesn't match the one present on the target 'xc7z010'.
16:35:13 INFO  : Jtag cable 'Digilent Zybo 210279A428CAA' is selected.
16:35:13 INFO  : 'jtag frequency' command is executed.
16:35:13 INFO  : Context for 'APU' is selected.
16:35:16 INFO  : Hardware design information is loaded from 'B:/Dokumen/CNN_HW/CNN_HW.sdk/ZC702_hw_platform/system.hdf'.
16:35:16 INFO  : 'configparams force-mem-access 1' command is executed.
16:35:16 INFO  : Context for processor 'ps7_cortexa9_0' is selected.
16:35:16 INFO  : Processor reset is completed for 'ps7_cortexa9_0'.
16:35:16 INFO  : Context for processor 'ps7_cortexa9_0' is selected.
16:35:16 INFO  : The application 'B:/Dokumen/CNN_HW/CNN_HW.sdk/cnn_sdk/Debug/cnn_sdk.elf' is downloaded to processor 'ps7_cortexa9_0'.
16:35:16 INFO  : 'configparams force-mem-access 0' command is executed.
16:35:16 INFO  : ----------------XSDB Script----------------
connect -url tcp:127.0.0.1:3121
targets -set -nocase -filter {name =~"APU*" && jtag_cable_name =~ "Digilent Zybo 210279A428CAA"} -index 0
loadhw -hw B:/Dokumen/CNN_HW/CNN_HW.sdk/ZC702_hw_platform/system.hdf -mem-ranges [list {0x40000000 0xbfffffff}]
configparams force-mem-access 1
targets -set -nocase -filter {name =~ "ARM*#0" && jtag_cable_name =~ "Digilent Zybo 210279A428CAA"} -index 0
rst -processor
targets -set -nocase -filter {name =~ "ARM*#0" && jtag_cable_name =~ "Digilent Zybo 210279A428CAA"} -index 0
dow B:/Dokumen/CNN_HW/CNN_HW.sdk/cnn_sdk/Debug/cnn_sdk.elf
configparams force-mem-access 0
----------------End of Script----------------

16:35:16 INFO  : Context for processor 'ps7_cortexa9_0' is selected.
16:35:16 INFO  : 'con' command is executed.
16:35:16 INFO  : ----------------XSDB Script (After Launch)----------------
targets -set -nocase -filter {name =~ "ARM*#0" && jtag_cable_name =~ "Digilent Zybo 210279A428CAA"} -index 0
con
----------------End of Script----------------

16:35:16 INFO  : Disconnected from the channel tcfchan#2.
16:41:19 INFO  : Connected to target on host '127.0.0.1' and port '3121'.
16:41:19 WARN  : Part name present in the hardware specification 'xc7z020clg484-1' doesn't match the one present on the target 'xc7z010'.
16:41:19 INFO  : Jtag cable 'Digilent Zybo 210279A428CAA' is selected.
16:41:19 INFO  : 'jtag frequency' command is executed.
16:41:19 INFO  : Context for 'APU' is selected.
16:41:19 INFO  : Hardware design information is loaded from 'B:/Dokumen/CNN_HW/CNN_HW.sdk/ZC702_hw_platform/system.hdf'.
16:41:19 INFO  : 'configparams force-mem-access 1' command is executed.
16:41:19 INFO  : Context for processor 'ps7_cortexa9_0' is selected.
16:41:19 INFO  : Processor reset is completed for 'ps7_cortexa9_0'.
16:41:19 INFO  : Context for processor 'ps7_cortexa9_0' is selected.
16:41:19 INFO  : The application 'B:/Dokumen/CNN_HW/CNN_HW.sdk/cnn_sdk/Debug/cnn_sdk.elf' is downloaded to processor 'ps7_cortexa9_0'.
16:41:19 INFO  : 'configparams force-mem-access 0' command is executed.
16:41:19 INFO  : ----------------XSDB Script----------------
connect -url tcp:127.0.0.1:3121
targets -set -nocase -filter {name =~"APU*" && jtag_cable_name =~ "Digilent Zybo 210279A428CAA"} -index 0
loadhw -hw B:/Dokumen/CNN_HW/CNN_HW.sdk/ZC702_hw_platform/system.hdf -mem-ranges [list {0x40000000 0xbfffffff}]
configparams force-mem-access 1
targets -set -nocase -filter {name =~ "ARM*#0" && jtag_cable_name =~ "Digilent Zybo 210279A428CAA"} -index 0
rst -processor
targets -set -nocase -filter {name =~ "ARM*#0" && jtag_cable_name =~ "Digilent Zybo 210279A428CAA"} -index 0
dow B:/Dokumen/CNN_HW/CNN_HW.sdk/cnn_sdk/Debug/cnn_sdk.elf
configparams force-mem-access 0
----------------End of Script----------------

16:41:20 INFO  : Context for processor 'ps7_cortexa9_0' is selected.
16:41:20 INFO  : 'con' command is executed.
16:41:20 INFO  : ----------------XSDB Script (After Launch)----------------
targets -set -nocase -filter {name =~ "ARM*#0" && jtag_cable_name =~ "Digilent Zybo 210279A428CAA"} -index 0
con
----------------End of Script----------------

16:41:20 INFO  : Disconnected from the channel tcfchan#3.
16:41:32 INFO  : Connected to target on host '127.0.0.1' and port '3121'.
16:41:32 WARN  : Part name present in the hardware specification 'xc7z020clg484-1' doesn't match the one present on the target 'xc7z010'.
16:41:33 INFO  : Jtag cable 'Digilent Zybo 210279A428CAA' is selected.
16:41:33 INFO  : 'jtag frequency' command is executed.
16:41:33 INFO  : Context for 'APU' is selected.
16:41:33 INFO  : Hardware design information is loaded from 'B:/Dokumen/CNN_HW/CNN_HW.sdk/ZC702_hw_platform/system.hdf'.
16:41:33 INFO  : 'configparams force-mem-access 1' command is executed.
16:41:33 INFO  : Context for processor 'ps7_cortexa9_0' is selected.
16:41:33 INFO  : Processor reset is completed for 'ps7_cortexa9_0'.
16:41:33 INFO  : Context for processor 'ps7_cortexa9_0' is selected.
16:41:33 INFO  : The application 'B:/Dokumen/CNN_HW/CNN_HW.sdk/cnn_sdk/Debug/cnn_sdk.elf' is downloaded to processor 'ps7_cortexa9_0'.
16:41:33 INFO  : 'configparams force-mem-access 0' command is executed.
16:41:33 INFO  : ----------------XSDB Script----------------
connect -url tcp:127.0.0.1:3121
targets -set -nocase -filter {name =~"APU*" && jtag_cable_name =~ "Digilent Zybo 210279A428CAA"} -index 0
loadhw -hw B:/Dokumen/CNN_HW/CNN_HW.sdk/ZC702_hw_platform/system.hdf -mem-ranges [list {0x40000000 0xbfffffff}]
configparams force-mem-access 1
targets -set -nocase -filter {name =~ "ARM*#0" && jtag_cable_name =~ "Digilent Zybo 210279A428CAA"} -index 0
rst -processor
targets -set -nocase -filter {name =~ "ARM*#0" && jtag_cable_name =~ "Digilent Zybo 210279A428CAA"} -index 0
dow B:/Dokumen/CNN_HW/CNN_HW.sdk/cnn_sdk/Debug/cnn_sdk.elf
configparams force-mem-access 0
----------------End of Script----------------

16:41:33 INFO  : Context for processor 'ps7_cortexa9_0' is selected.
16:41:33 INFO  : 'con' command is executed.
16:41:33 INFO  : ----------------XSDB Script (After Launch)----------------
targets -set -nocase -filter {name =~ "ARM*#0" && jtag_cable_name =~ "Digilent Zybo 210279A428CAA"} -index 0
con
----------------End of Script----------------

16:41:33 INFO  : Disconnected from the channel tcfchan#4.
16:45:08 INFO  : Connected to target on host '127.0.0.1' and port '3121'.
16:45:08 WARN  : Part name present in the hardware specification 'xc7z020clg484-1' doesn't match the one present on the target 'xc7z010'.
16:45:08 INFO  : Jtag cable 'Digilent Zybo 210279A428CAA' is selected.
16:45:08 INFO  : 'jtag frequency' command is executed.
16:45:08 INFO  : Context for 'APU' is selected.
16:45:08 INFO  : Hardware design information is loaded from 'B:/Dokumen/CNN_HW/CNN_HW.sdk/ZC702_hw_platform/system.hdf'.
16:45:08 INFO  : 'configparams force-mem-access 1' command is executed.
16:45:09 INFO  : Context for processor 'ps7_cortexa9_0' is selected.
16:45:09 INFO  : Processor reset is completed for 'ps7_cortexa9_0'.
16:45:09 INFO  : Context for processor 'ps7_cortexa9_0' is selected.
16:45:09 INFO  : The application 'B:/Dokumen/CNN_HW/CNN_HW.sdk/cnn_sdk/Debug/cnn_sdk.elf' is downloaded to processor 'ps7_cortexa9_0'.
16:45:09 INFO  : 'configparams force-mem-access 0' command is executed.
16:45:09 INFO  : ----------------XSDB Script----------------
connect -url tcp:127.0.0.1:3121
targets -set -nocase -filter {name =~"APU*" && jtag_cable_name =~ "Digilent Zybo 210279A428CAA"} -index 0
loadhw -hw B:/Dokumen/CNN_HW/CNN_HW.sdk/ZC702_hw_platform/system.hdf -mem-ranges [list {0x40000000 0xbfffffff}]
configparams force-mem-access 1
targets -set -nocase -filter {name =~ "ARM*#0" && jtag_cable_name =~ "Digilent Zybo 210279A428CAA"} -index 0
rst -processor
targets -set -nocase -filter {name =~ "ARM*#0" && jtag_cable_name =~ "Digilent Zybo 210279A428CAA"} -index 0
dow B:/Dokumen/CNN_HW/CNN_HW.sdk/cnn_sdk/Debug/cnn_sdk.elf
configparams force-mem-access 0
----------------End of Script----------------

16:45:09 INFO  : Context for processor 'ps7_cortexa9_0' is selected.
16:45:09 INFO  : 'con' command is executed.
16:45:09 INFO  : ----------------XSDB Script (After Launch)----------------
targets -set -nocase -filter {name =~ "ARM*#0" && jtag_cable_name =~ "Digilent Zybo 210279A428CAA"} -index 0
con
----------------End of Script----------------

16:45:09 INFO  : Disconnected from the channel tcfchan#5.
16:45:18 INFO  : Connected to target on host '127.0.0.1' and port '3121'.
16:45:18 WARN  : Part name present in the hardware specification 'xc7z020clg484-1' doesn't match the one present on the target 'xc7z010'.
16:45:18 INFO  : Jtag cable 'Digilent Zybo 210279A428CAA' is selected.
16:45:18 INFO  : 'jtag frequency' command is executed.
16:45:18 INFO  : Context for 'APU' is selected.
16:45:18 INFO  : Hardware design information is loaded from 'B:/Dokumen/CNN_HW/CNN_HW.sdk/ZC702_hw_platform/system.hdf'.
16:45:18 INFO  : 'configparams force-mem-access 1' command is executed.
16:45:18 INFO  : Context for processor 'ps7_cortexa9_0' is selected.
16:45:18 INFO  : Processor reset is completed for 'ps7_cortexa9_0'.
16:45:18 INFO  : Context for processor 'ps7_cortexa9_0' is selected.
16:45:19 INFO  : The application 'B:/Dokumen/CNN_HW/CNN_HW.sdk/cnn_sdk/Debug/cnn_sdk.elf' is downloaded to processor 'ps7_cortexa9_0'.
16:45:19 INFO  : 'configparams force-mem-access 0' command is executed.
16:45:19 INFO  : ----------------XSDB Script----------------
connect -url tcp:127.0.0.1:3121
targets -set -nocase -filter {name =~"APU*" && jtag_cable_name =~ "Digilent Zybo 210279A428CAA"} -index 0
loadhw -hw B:/Dokumen/CNN_HW/CNN_HW.sdk/ZC702_hw_platform/system.hdf -mem-ranges [list {0x40000000 0xbfffffff}]
configparams force-mem-access 1
targets -set -nocase -filter {name =~ "ARM*#0" && jtag_cable_name =~ "Digilent Zybo 210279A428CAA"} -index 0
rst -processor
targets -set -nocase -filter {name =~ "ARM*#0" && jtag_cable_name =~ "Digilent Zybo 210279A428CAA"} -index 0
dow B:/Dokumen/CNN_HW/CNN_HW.sdk/cnn_sdk/Debug/cnn_sdk.elf
configparams force-mem-access 0
----------------End of Script----------------

16:45:19 INFO  : Context for processor 'ps7_cortexa9_0' is selected.
16:45:19 INFO  : 'con' command is executed.
16:45:19 INFO  : ----------------XSDB Script (After Launch)----------------
targets -set -nocase -filter {name =~ "ARM*#0" && jtag_cable_name =~ "Digilent Zybo 210279A428CAA"} -index 0
con
----------------End of Script----------------

16:45:19 INFO  : Disconnected from the channel tcfchan#6.
16:46:34 INFO  : Connected to target on host '127.0.0.1' and port '3121'.
16:46:34 WARN  : Part name present in the hardware specification 'xc7z020clg484-1' doesn't match the one present on the target 'xc7z010'.
16:46:35 INFO  : Jtag cable 'Digilent Zybo 210279A428CAA' is selected.
16:46:35 INFO  : 'jtag frequency' command is executed.
16:46:35 INFO  : Context for 'APU' is selected.
16:46:35 INFO  : Hardware design information is loaded from 'B:/Dokumen/CNN_HW/CNN_HW.sdk/ZC702_hw_platform/system.hdf'.
16:46:35 INFO  : 'configparams force-mem-access 1' command is executed.
16:46:35 INFO  : Context for processor 'ps7_cortexa9_0' is selected.
16:46:35 INFO  : Processor reset is completed for 'ps7_cortexa9_0'.
16:46:35 INFO  : Context for processor 'ps7_cortexa9_0' is selected.
16:46:35 INFO  : The application 'B:/Dokumen/CNN_HW/CNN_HW.sdk/cnn_sdk/Debug/cnn_sdk.elf' is downloaded to processor 'ps7_cortexa9_0'.
16:46:35 INFO  : 'configparams force-mem-access 0' command is executed.
16:46:35 INFO  : ----------------XSDB Script----------------
connect -url tcp:127.0.0.1:3121
targets -set -nocase -filter {name =~"APU*" && jtag_cable_name =~ "Digilent Zybo 210279A428CAA"} -index 0
loadhw -hw B:/Dokumen/CNN_HW/CNN_HW.sdk/ZC702_hw_platform/system.hdf -mem-ranges [list {0x40000000 0xbfffffff}]
configparams force-mem-access 1
targets -set -nocase -filter {name =~ "ARM*#0" && jtag_cable_name =~ "Digilent Zybo 210279A428CAA"} -index 0
rst -processor
targets -set -nocase -filter {name =~ "ARM*#0" && jtag_cable_name =~ "Digilent Zybo 210279A428CAA"} -index 0
dow B:/Dokumen/CNN_HW/CNN_HW.sdk/cnn_sdk/Debug/cnn_sdk.elf
configparams force-mem-access 0
----------------End of Script----------------

16:46:35 INFO  : Context for processor 'ps7_cortexa9_0' is selected.
16:46:35 INFO  : 'con' command is executed.
16:46:35 INFO  : ----------------XSDB Script (After Launch)----------------
targets -set -nocase -filter {name =~ "ARM*#0" && jtag_cable_name =~ "Digilent Zybo 210279A428CAA"} -index 0
con
----------------End of Script----------------

16:46:35 INFO  : Disconnected from the channel tcfchan#7.
16:48:06 INFO  : Connected to target on host '127.0.0.1' and port '3121'.
16:48:06 WARN  : Part name present in the hardware specification 'xc7z020clg484-1' doesn't match the one present on the target 'xc7z010'.
16:48:07 INFO  : Jtag cable 'Digilent Zybo 210279A428CAA' is selected.
16:48:07 INFO  : 'jtag frequency' command is executed.
16:48:07 INFO  : Context for 'APU' is selected.
16:48:07 INFO  : Hardware design information is loaded from 'B:/Dokumen/CNN_HW/CNN_HW.sdk/ZC702_hw_platform/system.hdf'.
16:48:07 INFO  : 'configparams force-mem-access 1' command is executed.
16:48:07 INFO  : Context for processor 'ps7_cortexa9_0' is selected.
16:48:07 INFO  : Processor reset is completed for 'ps7_cortexa9_0'.
16:48:07 INFO  : Context for processor 'ps7_cortexa9_0' is selected.
16:48:07 INFO  : The application 'B:/Dokumen/CNN_HW/CNN_HW.sdk/cnn_sdk/Debug/cnn_sdk.elf' is downloaded to processor 'ps7_cortexa9_0'.
16:48:07 INFO  : 'configparams force-mem-access 0' command is executed.
16:48:07 INFO  : ----------------XSDB Script----------------
connect -url tcp:127.0.0.1:3121
targets -set -nocase -filter {name =~"APU*" && jtag_cable_name =~ "Digilent Zybo 210279A428CAA"} -index 0
loadhw -hw B:/Dokumen/CNN_HW/CNN_HW.sdk/ZC702_hw_platform/system.hdf -mem-ranges [list {0x40000000 0xbfffffff}]
configparams force-mem-access 1
targets -set -nocase -filter {name =~ "ARM*#0" && jtag_cable_name =~ "Digilent Zybo 210279A428CAA"} -index 0
rst -processor
targets -set -nocase -filter {name =~ "ARM*#0" && jtag_cable_name =~ "Digilent Zybo 210279A428CAA"} -index 0
dow B:/Dokumen/CNN_HW/CNN_HW.sdk/cnn_sdk/Debug/cnn_sdk.elf
configparams force-mem-access 0
----------------End of Script----------------

16:48:07 INFO  : Context for processor 'ps7_cortexa9_0' is selected.
16:48:07 INFO  : 'con' command is executed.
16:48:07 INFO  : ----------------XSDB Script (After Launch)----------------
targets -set -nocase -filter {name =~ "ARM*#0" && jtag_cable_name =~ "Digilent Zybo 210279A428CAA"} -index 0
con
----------------End of Script----------------

16:48:07 INFO  : Disconnected from the channel tcfchan#8.
16:49:42 INFO  : Connected to target on host '127.0.0.1' and port '3121'.
16:49:42 WARN  : Part name present in the hardware specification 'xc7z020clg484-1' doesn't match the one present on the target 'xc7z010'.
16:49:42 INFO  : Jtag cable 'Digilent Zybo 210279A428CAA' is selected.
16:49:42 INFO  : 'jtag frequency' command is executed.
16:49:42 INFO  : Context for 'APU' is selected.
16:49:43 INFO  : Hardware design information is loaded from 'B:/Dokumen/CNN_HW/CNN_HW.sdk/ZC702_hw_platform/system.hdf'.
16:49:43 INFO  : 'configparams force-mem-access 1' command is executed.
16:49:43 INFO  : Context for processor 'ps7_cortexa9_0' is selected.
16:49:43 INFO  : Processor reset is completed for 'ps7_cortexa9_0'.
16:49:43 INFO  : Context for processor 'ps7_cortexa9_0' is selected.
16:49:43 INFO  : The application 'B:/Dokumen/CNN_HW/CNN_HW.sdk/cnn_sdk/Debug/cnn_sdk.elf' is downloaded to processor 'ps7_cortexa9_0'.
16:49:43 INFO  : 'configparams force-mem-access 0' command is executed.
16:49:43 INFO  : ----------------XSDB Script----------------
connect -url tcp:127.0.0.1:3121
targets -set -nocase -filter {name =~"APU*" && jtag_cable_name =~ "Digilent Zybo 210279A428CAA"} -index 0
loadhw -hw B:/Dokumen/CNN_HW/CNN_HW.sdk/ZC702_hw_platform/system.hdf -mem-ranges [list {0x40000000 0xbfffffff}]
configparams force-mem-access 1
targets -set -nocase -filter {name =~ "ARM*#0" && jtag_cable_name =~ "Digilent Zybo 210279A428CAA"} -index 0
rst -processor
targets -set -nocase -filter {name =~ "ARM*#0" && jtag_cable_name =~ "Digilent Zybo 210279A428CAA"} -index 0
dow B:/Dokumen/CNN_HW/CNN_HW.sdk/cnn_sdk/Debug/cnn_sdk.elf
configparams force-mem-access 0
----------------End of Script----------------

16:49:43 INFO  : Context for processor 'ps7_cortexa9_0' is selected.
16:49:43 INFO  : 'con' command is executed.
16:49:43 INFO  : ----------------XSDB Script (After Launch)----------------
targets -set -nocase -filter {name =~ "ARM*#0" && jtag_cable_name =~ "Digilent Zybo 210279A428CAA"} -index 0
con
----------------End of Script----------------

16:49:43 INFO  : Disconnected from the channel tcfchan#9.
16:49:59 INFO  : Connected to target on host '127.0.0.1' and port '3121'.
16:50:00 WARN  : Part name present in the hardware specification 'xc7z020clg484-1' doesn't match the one present on the target 'xc7z010'.
16:50:00 INFO  : Jtag cable 'Digilent Zybo 210279A428CAA' is selected.
16:50:00 INFO  : 'jtag frequency' command is executed.
16:50:00 INFO  : Context for 'APU' is selected.
16:50:00 INFO  : Hardware design information is loaded from 'B:/Dokumen/CNN_HW/CNN_HW.sdk/ZC702_hw_platform/system.hdf'.
16:50:00 INFO  : 'configparams force-mem-access 1' command is executed.
16:50:00 INFO  : Context for processor 'ps7_cortexa9_0' is selected.
16:50:00 INFO  : Processor reset is completed for 'ps7_cortexa9_0'.
16:50:00 INFO  : Context for processor 'ps7_cortexa9_0' is selected.
16:50:00 INFO  : The application 'B:/Dokumen/CNN_HW/CNN_HW.sdk/cnn_sdk/Debug/cnn_sdk.elf' is downloaded to processor 'ps7_cortexa9_0'.
16:50:00 INFO  : 'configparams force-mem-access 0' command is executed.
16:50:00 INFO  : ----------------XSDB Script----------------
connect -url tcp:127.0.0.1:3121
targets -set -nocase -filter {name =~"APU*" && jtag_cable_name =~ "Digilent Zybo 210279A428CAA"} -index 0
loadhw -hw B:/Dokumen/CNN_HW/CNN_HW.sdk/ZC702_hw_platform/system.hdf -mem-ranges [list {0x40000000 0xbfffffff}]
configparams force-mem-access 1
targets -set -nocase -filter {name =~ "ARM*#0" && jtag_cable_name =~ "Digilent Zybo 210279A428CAA"} -index 0
rst -processor
targets -set -nocase -filter {name =~ "ARM*#0" && jtag_cable_name =~ "Digilent Zybo 210279A428CAA"} -index 0
dow B:/Dokumen/CNN_HW/CNN_HW.sdk/cnn_sdk/Debug/cnn_sdk.elf
configparams force-mem-access 0
----------------End of Script----------------

16:50:00 INFO  : Context for processor 'ps7_cortexa9_0' is selected.
16:50:00 INFO  : 'con' command is executed.
16:50:00 INFO  : ----------------XSDB Script (After Launch)----------------
targets -set -nocase -filter {name =~ "ARM*#0" && jtag_cable_name =~ "Digilent Zybo 210279A428CAA"} -index 0
con
----------------End of Script----------------

16:50:00 INFO  : Disconnected from the channel tcfchan#10.
16:50:59 INFO  : Connected to target on host '127.0.0.1' and port '3121'.
16:50:59 WARN  : Part name present in the hardware specification 'xc7z020clg484-1' doesn't match the one present on the target 'xc7z010'.
16:50:59 INFO  : Jtag cable 'Digilent Zybo 210279A428CAA' is selected.
16:50:59 INFO  : 'jtag frequency' command is executed.
16:50:59 INFO  : Context for 'APU' is selected.
16:50:59 INFO  : Hardware design information is loaded from 'B:/Dokumen/CNN_HW/CNN_HW.sdk/ZC702_hw_platform/system.hdf'.
16:50:59 INFO  : 'configparams force-mem-access 1' command is executed.
16:50:59 INFO  : Context for processor 'ps7_cortexa9_0' is selected.
16:50:59 INFO  : Processor reset is completed for 'ps7_cortexa9_0'.
16:50:59 INFO  : Context for processor 'ps7_cortexa9_0' is selected.
16:50:59 INFO  : The application 'B:/Dokumen/CNN_HW/CNN_HW.sdk/cnn_sdk/Debug/cnn_sdk.elf' is downloaded to processor 'ps7_cortexa9_0'.
16:50:59 INFO  : 'configparams force-mem-access 0' command is executed.
16:50:59 INFO  : ----------------XSDB Script----------------
connect -url tcp:127.0.0.1:3121
targets -set -nocase -filter {name =~"APU*" && jtag_cable_name =~ "Digilent Zybo 210279A428CAA"} -index 0
loadhw -hw B:/Dokumen/CNN_HW/CNN_HW.sdk/ZC702_hw_platform/system.hdf -mem-ranges [list {0x40000000 0xbfffffff}]
configparams force-mem-access 1
targets -set -nocase -filter {name =~ "ARM*#0" && jtag_cable_name =~ "Digilent Zybo 210279A428CAA"} -index 0
rst -processor
targets -set -nocase -filter {name =~ "ARM*#0" && jtag_cable_name =~ "Digilent Zybo 210279A428CAA"} -index 0
dow B:/Dokumen/CNN_HW/CNN_HW.sdk/cnn_sdk/Debug/cnn_sdk.elf
configparams force-mem-access 0
----------------End of Script----------------

16:50:59 INFO  : Context for processor 'ps7_cortexa9_0' is selected.
16:50:59 INFO  : 'con' command is executed.
16:50:59 INFO  : ----------------XSDB Script (After Launch)----------------
targets -set -nocase -filter {name =~ "ARM*#0" && jtag_cable_name =~ "Digilent Zybo 210279A428CAA"} -index 0
con
----------------End of Script----------------

16:51:00 INFO  : Disconnected from the channel tcfchan#11.
16:51:15 INFO  : Connected to target on host '127.0.0.1' and port '3121'.
16:51:15 WARN  : Part name present in the hardware specification 'xc7z020clg484-1' doesn't match the one present on the target 'xc7z010'.
16:51:15 INFO  : Jtag cable 'Digilent Zybo 210279A428CAA' is selected.
16:51:15 INFO  : 'jtag frequency' command is executed.
16:51:15 INFO  : Context for 'APU' is selected.
16:51:15 INFO  : Hardware design information is loaded from 'B:/Dokumen/CNN_HW/CNN_HW.sdk/ZC702_hw_platform/system.hdf'.
16:51:15 INFO  : 'configparams force-mem-access 1' command is executed.
16:51:15 INFO  : Context for processor 'ps7_cortexa9_0' is selected.
16:51:15 INFO  : Processor reset is completed for 'ps7_cortexa9_0'.
16:51:16 INFO  : Context for processor 'ps7_cortexa9_0' is selected.
16:51:16 INFO  : The application 'B:/Dokumen/CNN_HW/CNN_HW.sdk/cnn_sdk/Debug/cnn_sdk.elf' is downloaded to processor 'ps7_cortexa9_0'.
16:51:16 INFO  : 'configparams force-mem-access 0' command is executed.
16:51:16 INFO  : ----------------XSDB Script----------------
connect -url tcp:127.0.0.1:3121
targets -set -nocase -filter {name =~"APU*" && jtag_cable_name =~ "Digilent Zybo 210279A428CAA"} -index 0
loadhw -hw B:/Dokumen/CNN_HW/CNN_HW.sdk/ZC702_hw_platform/system.hdf -mem-ranges [list {0x40000000 0xbfffffff}]
configparams force-mem-access 1
targets -set -nocase -filter {name =~ "ARM*#0" && jtag_cable_name =~ "Digilent Zybo 210279A428CAA"} -index 0
rst -processor
targets -set -nocase -filter {name =~ "ARM*#0" && jtag_cable_name =~ "Digilent Zybo 210279A428CAA"} -index 0
dow B:/Dokumen/CNN_HW/CNN_HW.sdk/cnn_sdk/Debug/cnn_sdk.elf
configparams force-mem-access 0
----------------End of Script----------------

16:51:16 INFO  : Context for processor 'ps7_cortexa9_0' is selected.
16:51:16 INFO  : 'con' command is executed.
16:51:16 INFO  : ----------------XSDB Script (After Launch)----------------
targets -set -nocase -filter {name =~ "ARM*#0" && jtag_cable_name =~ "Digilent Zybo 210279A428CAA"} -index 0
con
----------------End of Script----------------

16:51:16 INFO  : Disconnected from the channel tcfchan#12.
16:55:28 INFO  : Connected to target on host '127.0.0.1' and port '3121'.
16:55:29 WARN  : Part name present in the hardware specification 'xc7z020clg484-1' doesn't match the one present on the target 'xc7z010'.
16:55:29 INFO  : Jtag cable 'Digilent Zybo 210279A428CAA' is selected.
16:55:29 INFO  : 'jtag frequency' command is executed.
16:55:29 INFO  : Context for 'APU' is selected.
16:55:29 INFO  : Hardware design information is loaded from 'B:/Dokumen/CNN_HW/CNN_HW.sdk/ZC702_hw_platform/system.hdf'.
16:55:29 INFO  : 'configparams force-mem-access 1' command is executed.
16:55:29 INFO  : Context for processor 'ps7_cortexa9_0' is selected.
16:55:29 INFO  : Processor reset is completed for 'ps7_cortexa9_0'.
16:55:29 INFO  : Context for processor 'ps7_cortexa9_0' is selected.
16:55:29 INFO  : The application 'B:/Dokumen/CNN_HW/CNN_HW.sdk/cnn_sdk/Debug/cnn_sdk.elf' is downloaded to processor 'ps7_cortexa9_0'.
16:55:29 INFO  : 'configparams force-mem-access 0' command is executed.
16:55:29 INFO  : ----------------XSDB Script----------------
connect -url tcp:127.0.0.1:3121
targets -set -nocase -filter {name =~"APU*" && jtag_cable_name =~ "Digilent Zybo 210279A428CAA"} -index 0
loadhw -hw B:/Dokumen/CNN_HW/CNN_HW.sdk/ZC702_hw_platform/system.hdf -mem-ranges [list {0x40000000 0xbfffffff}]
configparams force-mem-access 1
targets -set -nocase -filter {name =~ "ARM*#0" && jtag_cable_name =~ "Digilent Zybo 210279A428CAA"} -index 0
rst -processor
targets -set -nocase -filter {name =~ "ARM*#0" && jtag_cable_name =~ "Digilent Zybo 210279A428CAA"} -index 0
dow B:/Dokumen/CNN_HW/CNN_HW.sdk/cnn_sdk/Debug/cnn_sdk.elf
configparams force-mem-access 0
----------------End of Script----------------

16:55:29 INFO  : Context for processor 'ps7_cortexa9_0' is selected.
16:55:29 INFO  : 'con' command is executed.
16:55:29 INFO  : ----------------XSDB Script (After Launch)----------------
targets -set -nocase -filter {name =~ "ARM*#0" && jtag_cable_name =~ "Digilent Zybo 210279A428CAA"} -index 0
con
----------------End of Script----------------

16:55:29 INFO  : Disconnected from the channel tcfchan#13.
16:56:54 INFO  : Connected to target on host '127.0.0.1' and port '3121'.
16:56:54 WARN  : Part name present in the hardware specification 'xc7z020clg484-1' doesn't match the one present on the target 'xc7z010'.
16:56:54 INFO  : Jtag cable 'Digilent Zybo 210279A428CAA' is selected.
16:56:54 INFO  : 'jtag frequency' command is executed.
16:56:55 INFO  : Context for 'APU' is selected.
16:56:55 INFO  : Hardware design information is loaded from 'B:/Dokumen/CNN_HW/CNN_HW.sdk/ZC702_hw_platform/system.hdf'.
16:56:55 INFO  : 'configparams force-mem-access 1' command is executed.
16:56:55 INFO  : Context for processor 'ps7_cortexa9_0' is selected.
16:56:55 INFO  : Processor reset is completed for 'ps7_cortexa9_0'.
16:56:55 INFO  : Context for processor 'ps7_cortexa9_0' is selected.
16:56:55 INFO  : The application 'B:/Dokumen/CNN_HW/CNN_HW.sdk/cnn_sdk/Debug/cnn_sdk.elf' is downloaded to processor 'ps7_cortexa9_0'.
16:56:55 INFO  : 'configparams force-mem-access 0' command is executed.
16:56:55 INFO  : ----------------XSDB Script----------------
connect -url tcp:127.0.0.1:3121
targets -set -nocase -filter {name =~"APU*" && jtag_cable_name =~ "Digilent Zybo 210279A428CAA"} -index 0
loadhw -hw B:/Dokumen/CNN_HW/CNN_HW.sdk/ZC702_hw_platform/system.hdf -mem-ranges [list {0x40000000 0xbfffffff}]
configparams force-mem-access 1
targets -set -nocase -filter {name =~ "ARM*#0" && jtag_cable_name =~ "Digilent Zybo 210279A428CAA"} -index 0
rst -processor
targets -set -nocase -filter {name =~ "ARM*#0" && jtag_cable_name =~ "Digilent Zybo 210279A428CAA"} -index 0
dow B:/Dokumen/CNN_HW/CNN_HW.sdk/cnn_sdk/Debug/cnn_sdk.elf
configparams force-mem-access 0
----------------End of Script----------------

16:56:55 INFO  : Context for processor 'ps7_cortexa9_0' is selected.
16:56:55 INFO  : 'con' command is executed.
16:56:55 INFO  : ----------------XSDB Script (After Launch)----------------
targets -set -nocase -filter {name =~ "ARM*#0" && jtag_cable_name =~ "Digilent Zybo 210279A428CAA"} -index 0
con
----------------End of Script----------------

16:56:55 INFO  : Disconnected from the channel tcfchan#14.
16:57:09 INFO  : Connected to target on host '127.0.0.1' and port '3121'.
16:57:10 WARN  : Part name present in the hardware specification 'xc7z020clg484-1' doesn't match the one present on the target 'xc7z010'.
16:57:10 INFO  : Jtag cable 'Digilent Zybo 210279A428CAA' is selected.
16:57:10 INFO  : 'jtag frequency' command is executed.
16:57:10 INFO  : Context for 'APU' is selected.
16:57:10 INFO  : Hardware design information is loaded from 'B:/Dokumen/CNN_HW/CNN_HW.sdk/ZC702_hw_platform/system.hdf'.
16:57:10 INFO  : 'configparams force-mem-access 1' command is executed.
16:57:10 INFO  : Context for processor 'ps7_cortexa9_0' is selected.
16:57:10 INFO  : Processor reset is completed for 'ps7_cortexa9_0'.
16:57:10 INFO  : Context for processor 'ps7_cortexa9_0' is selected.
16:57:10 INFO  : The application 'B:/Dokumen/CNN_HW/CNN_HW.sdk/cnn_sdk/Debug/cnn_sdk.elf' is downloaded to processor 'ps7_cortexa9_0'.
16:57:10 INFO  : 'configparams force-mem-access 0' command is executed.
16:57:10 INFO  : ----------------XSDB Script----------------
connect -url tcp:127.0.0.1:3121
targets -set -nocase -filter {name =~"APU*" && jtag_cable_name =~ "Digilent Zybo 210279A428CAA"} -index 0
loadhw -hw B:/Dokumen/CNN_HW/CNN_HW.sdk/ZC702_hw_platform/system.hdf -mem-ranges [list {0x40000000 0xbfffffff}]
configparams force-mem-access 1
targets -set -nocase -filter {name =~ "ARM*#0" && jtag_cable_name =~ "Digilent Zybo 210279A428CAA"} -index 0
rst -processor
targets -set -nocase -filter {name =~ "ARM*#0" && jtag_cable_name =~ "Digilent Zybo 210279A428CAA"} -index 0
dow B:/Dokumen/CNN_HW/CNN_HW.sdk/cnn_sdk/Debug/cnn_sdk.elf
configparams force-mem-access 0
----------------End of Script----------------

16:57:10 INFO  : Context for processor 'ps7_cortexa9_0' is selected.
16:57:10 INFO  : 'con' command is executed.
16:57:10 INFO  : ----------------XSDB Script (After Launch)----------------
targets -set -nocase -filter {name =~ "ARM*#0" && jtag_cable_name =~ "Digilent Zybo 210279A428CAA"} -index 0
con
----------------End of Script----------------

16:57:10 INFO  : Disconnected from the channel tcfchan#15.
16:58:00 INFO  : Connected to target on host '127.0.0.1' and port '3121'.
16:58:00 WARN  : Part name present in the hardware specification 'xc7z020clg484-1' doesn't match the one present on the target 'xc7z010'.
16:58:00 INFO  : Jtag cable 'Digilent Zybo 210279A428CAA' is selected.
16:58:00 INFO  : 'jtag frequency' command is executed.
16:58:00 INFO  : Context for 'APU' is selected.
16:58:00 INFO  : Hardware design information is loaded from 'B:/Dokumen/CNN_HW/CNN_HW.sdk/ZC702_hw_platform/system.hdf'.
16:58:00 INFO  : 'configparams force-mem-access 1' command is executed.
16:58:00 INFO  : Context for processor 'ps7_cortexa9_0' is selected.
16:58:00 INFO  : Processor reset is completed for 'ps7_cortexa9_0'.
16:58:00 INFO  : Context for processor 'ps7_cortexa9_0' is selected.
16:58:00 INFO  : The application 'B:/Dokumen/CNN_HW/CNN_HW.sdk/cnn_sdk/Debug/cnn_sdk.elf' is downloaded to processor 'ps7_cortexa9_0'.
16:58:00 INFO  : 'configparams force-mem-access 0' command is executed.
16:58:00 INFO  : ----------------XSDB Script----------------
connect -url tcp:127.0.0.1:3121
targets -set -nocase -filter {name =~"APU*" && jtag_cable_name =~ "Digilent Zybo 210279A428CAA"} -index 0
loadhw -hw B:/Dokumen/CNN_HW/CNN_HW.sdk/ZC702_hw_platform/system.hdf -mem-ranges [list {0x40000000 0xbfffffff}]
configparams force-mem-access 1
targets -set -nocase -filter {name =~ "ARM*#0" && jtag_cable_name =~ "Digilent Zybo 210279A428CAA"} -index 0
rst -processor
targets -set -nocase -filter {name =~ "ARM*#0" && jtag_cable_name =~ "Digilent Zybo 210279A428CAA"} -index 0
dow B:/Dokumen/CNN_HW/CNN_HW.sdk/cnn_sdk/Debug/cnn_sdk.elf
configparams force-mem-access 0
----------------End of Script----------------

16:58:01 INFO  : Context for processor 'ps7_cortexa9_0' is selected.
16:58:01 INFO  : 'con' command is executed.
16:58:01 INFO  : ----------------XSDB Script (After Launch)----------------
targets -set -nocase -filter {name =~ "ARM*#0" && jtag_cable_name =~ "Digilent Zybo 210279A428CAA"} -index 0
con
----------------End of Script----------------

16:58:01 INFO  : Disconnected from the channel tcfchan#16.
16:59:13 INFO  : Connected to target on host '127.0.0.1' and port '3121'.
16:59:14 WARN  : Part name present in the hardware specification 'xc7z020clg484-1' doesn't match the one present on the target 'xc7z010'.
16:59:14 INFO  : Jtag cable 'Digilent Zybo 210279A428CAA' is selected.
16:59:14 INFO  : 'jtag frequency' command is executed.
16:59:14 INFO  : Context for 'APU' is selected.
16:59:14 INFO  : Hardware design information is loaded from 'B:/Dokumen/CNN_HW/CNN_HW.sdk/ZC702_hw_platform/system.hdf'.
16:59:14 INFO  : 'configparams force-mem-access 1' command is executed.
16:59:14 INFO  : Context for processor 'ps7_cortexa9_0' is selected.
16:59:14 INFO  : Processor reset is completed for 'ps7_cortexa9_0'.
16:59:14 INFO  : Context for processor 'ps7_cortexa9_0' is selected.
16:59:14 INFO  : The application 'B:/Dokumen/CNN_HW/CNN_HW.sdk/cnn_sdk/Debug/cnn_sdk.elf' is downloaded to processor 'ps7_cortexa9_0'.
16:59:14 INFO  : 'configparams force-mem-access 0' command is executed.
16:59:14 INFO  : ----------------XSDB Script----------------
connect -url tcp:127.0.0.1:3121
targets -set -nocase -filter {name =~"APU*" && jtag_cable_name =~ "Digilent Zybo 210279A428CAA"} -index 0
loadhw -hw B:/Dokumen/CNN_HW/CNN_HW.sdk/ZC702_hw_platform/system.hdf -mem-ranges [list {0x40000000 0xbfffffff}]
configparams force-mem-access 1
targets -set -nocase -filter {name =~ "ARM*#0" && jtag_cable_name =~ "Digilent Zybo 210279A428CAA"} -index 0
rst -processor
targets -set -nocase -filter {name =~ "ARM*#0" && jtag_cable_name =~ "Digilent Zybo 210279A428CAA"} -index 0
dow B:/Dokumen/CNN_HW/CNN_HW.sdk/cnn_sdk/Debug/cnn_sdk.elf
configparams force-mem-access 0
----------------End of Script----------------

16:59:14 INFO  : Context for processor 'ps7_cortexa9_0' is selected.
16:59:14 INFO  : 'con' command is executed.
16:59:14 INFO  : ----------------XSDB Script (After Launch)----------------
targets -set -nocase -filter {name =~ "ARM*#0" && jtag_cable_name =~ "Digilent Zybo 210279A428CAA"} -index 0
con
----------------End of Script----------------

16:59:14 INFO  : Disconnected from the channel tcfchan#17.
16:59:24 INFO  : Connected to target on host '127.0.0.1' and port '3121'.
16:59:24 WARN  : Part name present in the hardware specification 'xc7z020clg484-1' doesn't match the one present on the target 'xc7z010'.
16:59:24 INFO  : Jtag cable 'Digilent Zybo 210279A428CAA' is selected.
16:59:24 INFO  : 'jtag frequency' command is executed.
16:59:24 INFO  : Context for 'APU' is selected.
16:59:24 INFO  : Hardware design information is loaded from 'B:/Dokumen/CNN_HW/CNN_HW.sdk/ZC702_hw_platform/system.hdf'.
16:59:24 INFO  : 'configparams force-mem-access 1' command is executed.
16:59:24 INFO  : Context for processor 'ps7_cortexa9_0' is selected.
16:59:24 INFO  : Processor reset is completed for 'ps7_cortexa9_0'.
16:59:24 INFO  : Context for processor 'ps7_cortexa9_0' is selected.
16:59:24 INFO  : The application 'B:/Dokumen/CNN_HW/CNN_HW.sdk/cnn_sdk/Debug/cnn_sdk.elf' is downloaded to processor 'ps7_cortexa9_0'.
16:59:25 INFO  : 'configparams force-mem-access 0' command is executed.
16:59:25 INFO  : ----------------XSDB Script----------------
connect -url tcp:127.0.0.1:3121
targets -set -nocase -filter {name =~"APU*" && jtag_cable_name =~ "Digilent Zybo 210279A428CAA"} -index 0
loadhw -hw B:/Dokumen/CNN_HW/CNN_HW.sdk/ZC702_hw_platform/system.hdf -mem-ranges [list {0x40000000 0xbfffffff}]
configparams force-mem-access 1
targets -set -nocase -filter {name =~ "ARM*#0" && jtag_cable_name =~ "Digilent Zybo 210279A428CAA"} -index 0
rst -processor
targets -set -nocase -filter {name =~ "ARM*#0" && jtag_cable_name =~ "Digilent Zybo 210279A428CAA"} -index 0
dow B:/Dokumen/CNN_HW/CNN_HW.sdk/cnn_sdk/Debug/cnn_sdk.elf
configparams force-mem-access 0
----------------End of Script----------------

16:59:25 INFO  : Context for processor 'ps7_cortexa9_0' is selected.
16:59:25 INFO  : 'con' command is executed.
16:59:25 INFO  : ----------------XSDB Script (After Launch)----------------
targets -set -nocase -filter {name =~ "ARM*#0" && jtag_cable_name =~ "Digilent Zybo 210279A428CAA"} -index 0
con
----------------End of Script----------------

16:59:25 INFO  : Disconnected from the channel tcfchan#18.
16:59:56 INFO  : Connected to target on host '127.0.0.1' and port '3121'.
16:59:56 WARN  : Part name present in the hardware specification 'xc7z020clg484-1' doesn't match the one present on the target 'xc7z010'.
16:59:56 INFO  : Jtag cable 'Digilent Zybo 210279A428CAA' is selected.
16:59:56 INFO  : 'jtag frequency' command is executed.
16:59:56 INFO  : Sourcing of 'B:/Dokumen/CNN_HW/CNN_HW.sdk/ZC702_hw_platform/ps7_init.tcl' is done.
16:59:56 INFO  : Context for 'APU' is selected.
16:59:57 INFO  : System reset is completed.
17:00:00 INFO  : 'after 3000' command is executed.
17:00:00 INFO  : Context for 'APU' is selected.
17:00:00 INFO  : Hardware design information is loaded from 'B:/Dokumen/CNN_HW/CNN_HW.sdk/ZC702_hw_platform/system.hdf'.
17:00:00 INFO  : 'configparams force-mem-access 1' command is executed.
17:00:00 INFO  : Context for 'APU' is selected.
17:00:00 INFO  : 'ps7_init' command is executed.
17:00:00 INFO  : 'ps7_post_config' command is executed.
17:00:00 INFO  : Context for processor 'ps7_cortexa9_0' is selected.
17:00:00 INFO  : The application 'B:/Dokumen/CNN_HW/CNN_HW.sdk/cnn_sdk/Debug/cnn_sdk.elf' is downloaded to processor 'ps7_cortexa9_0'.
17:00:00 INFO  : 'configparams force-mem-access 0' command is executed.
17:00:00 INFO  : ----------------XSDB Script----------------
connect -url tcp:127.0.0.1:3121
source B:/Dokumen/CNN_HW/CNN_HW.sdk/ZC702_hw_platform/ps7_init.tcl
targets -set -nocase -filter {name =~"APU*" && jtag_cable_name =~ "Digilent Zybo 210279A428CAA"} -index 0
rst -system
after 3000
targets -set -nocase -filter {name =~"APU*" && jtag_cable_name =~ "Digilent Zybo 210279A428CAA"} -index 0
loadhw -hw B:/Dokumen/CNN_HW/CNN_HW.sdk/ZC702_hw_platform/system.hdf -mem-ranges [list {0x40000000 0xbfffffff}]
configparams force-mem-access 1
targets -set -nocase -filter {name =~"APU*" && jtag_cable_name =~ "Digilent Zybo 210279A428CAA"} -index 0
ps7_init
ps7_post_config
targets -set -nocase -filter {name =~ "ARM*#0" && jtag_cable_name =~ "Digilent Zybo 210279A428CAA"} -index 0
dow B:/Dokumen/CNN_HW/CNN_HW.sdk/cnn_sdk/Debug/cnn_sdk.elf
configparams force-mem-access 0
----------------End of Script----------------

17:00:00 INFO  : Context for processor 'ps7_cortexa9_0' is selected.
17:00:01 INFO  : 'con' command is executed.
17:00:01 INFO  : ----------------XSDB Script (After Launch)----------------
targets -set -nocase -filter {name =~ "ARM*#0" && jtag_cable_name =~ "Digilent Zybo 210279A428CAA"} -index 0
con
----------------End of Script----------------

17:00:01 INFO  : Disconnected from the channel tcfchan#19.
17:00:29 INFO  : Connected to target on host '127.0.0.1' and port '3121'.
17:00:29 INFO  : ----------------XSDB Script----------------
connect -url tcp:127.0.0.1:3121
----------------End of Script----------------

17:00:44 INFO  : Connected to target on host '127.0.0.1' and port '3121'.
17:00:46 INFO  : Connected to target on host '127.0.0.1' and port '3121'.
17:00:47 INFO  : 'targets -set -filter {jtag_cable_name =~ "Digilent Zybo 210279A428CAA" && level==0} -index 1' command is executed.
17:00:48 INFO  : FPGA configured successfully with bitstream "B:/Dokumen/CNN_HW/CNN_HW.sdk/CNN_top_module_wrapper_hw_platform_0/CNN_top_module_wrapper.bit"
17:01:07 INFO  : Connected to target on host '127.0.0.1' and port '3121'.
17:01:07 WARN  : Part name present in the hardware specification 'xc7z020clg484-1' doesn't match the one present on the target 'xc7z010'.
17:01:07 INFO  : Jtag cable 'Digilent Zybo 210279A428CAA' is selected.
17:01:07 INFO  : 'jtag frequency' command is executed.
17:01:08 INFO  : Context for 'APU' is selected.
17:01:08 INFO  : Hardware design information is loaded from 'B:/Dokumen/CNN_HW/CNN_HW.sdk/ZC702_hw_platform/system.hdf'.
17:01:08 INFO  : 'configparams force-mem-access 1' command is executed.
17:01:08 INFO  : Context for processor 'ps7_cortexa9_0' is selected.
17:01:08 INFO  : Processor reset is completed for 'ps7_cortexa9_0'.
17:01:08 INFO  : Context for processor 'ps7_cortexa9_0' is selected.
17:01:08 INFO  : The application 'B:/Dokumen/CNN_HW/CNN_HW.sdk/cnn_sdk/Debug/cnn_sdk.elf' is downloaded to processor 'ps7_cortexa9_0'.
17:01:08 INFO  : 'configparams force-mem-access 0' command is executed.
17:01:08 INFO  : ----------------XSDB Script----------------
connect -url tcp:127.0.0.1:3121
targets -set -nocase -filter {name =~"APU*" && jtag_cable_name =~ "Digilent Zybo 210279A428CAA"} -index 0
loadhw -hw B:/Dokumen/CNN_HW/CNN_HW.sdk/ZC702_hw_platform/system.hdf -mem-ranges [list {0x40000000 0xbfffffff}]
configparams force-mem-access 1
targets -set -nocase -filter {name =~ "ARM*#0" && jtag_cable_name =~ "Digilent Zybo 210279A428CAA"} -index 0
rst -processor
targets -set -nocase -filter {name =~ "ARM*#0" && jtag_cable_name =~ "Digilent Zybo 210279A428CAA"} -index 0
dow B:/Dokumen/CNN_HW/CNN_HW.sdk/cnn_sdk/Debug/cnn_sdk.elf
configparams force-mem-access 0
----------------End of Script----------------

17:01:08 INFO  : Context for processor 'ps7_cortexa9_0' is selected.
17:01:08 INFO  : 'con' command is executed.
17:01:08 INFO  : ----------------XSDB Script (After Launch)----------------
targets -set -nocase -filter {name =~ "ARM*#0" && jtag_cable_name =~ "Digilent Zybo 210279A428CAA"} -index 0
con
----------------End of Script----------------

17:01:08 INFO  : Disconnected from the channel tcfchan#20.
17:01:22 INFO  : Connected to target on host '127.0.0.1' and port '3121'.
17:01:23 WARN  : Part name present in the hardware specification 'xc7z020clg484-1' doesn't match the one present on the target 'xc7z010'.
17:01:23 INFO  : Jtag cable 'Digilent Zybo 210279A428CAA' is selected.
17:01:23 INFO  : 'jtag frequency' command is executed.
17:01:23 INFO  : Context for 'APU' is selected.
17:01:23 INFO  : Hardware design information is loaded from 'B:/Dokumen/CNN_HW/CNN_HW.sdk/ZC702_hw_platform/system.hdf'.
17:01:23 INFO  : 'configparams force-mem-access 1' command is executed.
17:01:23 INFO  : Context for processor 'ps7_cortexa9_0' is selected.
17:01:23 INFO  : Processor reset is completed for 'ps7_cortexa9_0'.
17:01:23 INFO  : Context for processor 'ps7_cortexa9_0' is selected.
17:01:23 INFO  : The application 'B:/Dokumen/CNN_HW/CNN_HW.sdk/cnn_sdk/Debug/cnn_sdk.elf' is downloaded to processor 'ps7_cortexa9_0'.
17:01:23 INFO  : 'configparams force-mem-access 0' command is executed.
17:01:23 INFO  : ----------------XSDB Script----------------
connect -url tcp:127.0.0.1:3121
targets -set -nocase -filter {name =~"APU*" && jtag_cable_name =~ "Digilent Zybo 210279A428CAA"} -index 0
loadhw -hw B:/Dokumen/CNN_HW/CNN_HW.sdk/ZC702_hw_platform/system.hdf -mem-ranges [list {0x40000000 0xbfffffff}]
configparams force-mem-access 1
targets -set -nocase -filter {name =~ "ARM*#0" && jtag_cable_name =~ "Digilent Zybo 210279A428CAA"} -index 0
rst -processor
targets -set -nocase -filter {name =~ "ARM*#0" && jtag_cable_name =~ "Digilent Zybo 210279A428CAA"} -index 0
dow B:/Dokumen/CNN_HW/CNN_HW.sdk/cnn_sdk/Debug/cnn_sdk.elf
configparams force-mem-access 0
----------------End of Script----------------

17:01:23 INFO  : Context for processor 'ps7_cortexa9_0' is selected.
17:01:23 INFO  : 'con' command is executed.
17:01:23 INFO  : ----------------XSDB Script (After Launch)----------------
targets -set -nocase -filter {name =~ "ARM*#0" && jtag_cable_name =~ "Digilent Zybo 210279A428CAA"} -index 0
con
----------------End of Script----------------

17:01:23 INFO  : Disconnected from the channel tcfchan#21.
17:07:58 INFO  : Connected to target on host '127.0.0.1' and port '3121'.
17:07:59 WARN  : Part name present in the hardware specification 'xc7z020clg484-1' doesn't match the one present on the target 'xc7z010'.
17:07:59 INFO  : Jtag cable 'Digilent Zybo 210279A428CAA' is selected.
17:07:59 INFO  : 'jtag frequency' command is executed.
17:07:59 INFO  : Context for 'APU' is selected.
17:07:59 INFO  : Hardware design information is loaded from 'B:/Dokumen/CNN_HW/CNN_HW.sdk/ZC702_hw_platform/system.hdf'.
17:07:59 INFO  : 'configparams force-mem-access 1' command is executed.
17:07:59 INFO  : Context for processor 'ps7_cortexa9_0' is selected.
17:07:59 INFO  : Processor reset is completed for 'ps7_cortexa9_0'.
17:07:59 INFO  : Context for processor 'ps7_cortexa9_0' is selected.
17:07:59 INFO  : The application 'B:/Dokumen/CNN_HW/CNN_HW.sdk/cnn_sdk/Debug/cnn_sdk.elf' is downloaded to processor 'ps7_cortexa9_0'.
17:07:59 INFO  : 'configparams force-mem-access 0' command is executed.
17:07:59 INFO  : ----------------XSDB Script----------------
connect -url tcp:127.0.0.1:3121
targets -set -nocase -filter {name =~"APU*" && jtag_cable_name =~ "Digilent Zybo 210279A428CAA"} -index 0
loadhw -hw B:/Dokumen/CNN_HW/CNN_HW.sdk/ZC702_hw_platform/system.hdf -mem-ranges [list {0x40000000 0xbfffffff}]
configparams force-mem-access 1
targets -set -nocase -filter {name =~ "ARM*#0" && jtag_cable_name =~ "Digilent Zybo 210279A428CAA"} -index 0
rst -processor
targets -set -nocase -filter {name =~ "ARM*#0" && jtag_cable_name =~ "Digilent Zybo 210279A428CAA"} -index 0
dow B:/Dokumen/CNN_HW/CNN_HW.sdk/cnn_sdk/Debug/cnn_sdk.elf
configparams force-mem-access 0
----------------End of Script----------------

17:07:59 INFO  : Context for processor 'ps7_cortexa9_0' is selected.
17:07:59 INFO  : 'con' command is executed.
17:07:59 INFO  : ----------------XSDB Script (After Launch)----------------
targets -set -nocase -filter {name =~ "ARM*#0" && jtag_cable_name =~ "Digilent Zybo 210279A428CAA"} -index 0
con
----------------End of Script----------------

17:07:59 INFO  : Disconnected from the channel tcfchan#22.
17:09:14 INFO  : Connected to target on host '127.0.0.1' and port '3121'.
17:09:15 WARN  : Part name present in the hardware specification 'xc7z020clg484-1' doesn't match the one present on the target 'xc7z010'.
17:09:15 INFO  : Jtag cable 'Digilent Zybo 210279A428CAA' is selected.
17:09:15 INFO  : 'jtag frequency' command is executed.
17:09:15 INFO  : Context for 'APU' is selected.
17:09:15 INFO  : Hardware design information is loaded from 'B:/Dokumen/CNN_HW/CNN_HW.sdk/ZC702_hw_platform/system.hdf'.
17:09:15 INFO  : 'configparams force-mem-access 1' command is executed.
17:09:15 INFO  : Context for processor 'ps7_cortexa9_0' is selected.
17:09:15 INFO  : Processor reset is completed for 'ps7_cortexa9_0'.
17:09:15 INFO  : Context for processor 'ps7_cortexa9_0' is selected.
17:09:15 INFO  : The application 'B:/Dokumen/CNN_HW/CNN_HW.sdk/cnn_sdk/Debug/cnn_sdk.elf' is downloaded to processor 'ps7_cortexa9_0'.
17:09:15 INFO  : 'configparams force-mem-access 0' command is executed.
17:09:15 INFO  : ----------------XSDB Script----------------
connect -url tcp:127.0.0.1:3121
targets -set -nocase -filter {name =~"APU*" && jtag_cable_name =~ "Digilent Zybo 210279A428CAA"} -index 0
loadhw -hw B:/Dokumen/CNN_HW/CNN_HW.sdk/ZC702_hw_platform/system.hdf -mem-ranges [list {0x40000000 0xbfffffff}]
configparams force-mem-access 1
targets -set -nocase -filter {name =~ "ARM*#0" && jtag_cable_name =~ "Digilent Zybo 210279A428CAA"} -index 0
rst -processor
targets -set -nocase -filter {name =~ "ARM*#0" && jtag_cable_name =~ "Digilent Zybo 210279A428CAA"} -index 0
dow B:/Dokumen/CNN_HW/CNN_HW.sdk/cnn_sdk/Debug/cnn_sdk.elf
configparams force-mem-access 0
----------------End of Script----------------

17:09:15 INFO  : Context for processor 'ps7_cortexa9_0' is selected.
17:09:15 INFO  : 'con' command is executed.
17:09:15 INFO  : ----------------XSDB Script (After Launch)----------------
targets -set -nocase -filter {name =~ "ARM*#0" && jtag_cable_name =~ "Digilent Zybo 210279A428CAA"} -index 0
con
----------------End of Script----------------

17:09:15 INFO  : Disconnected from the channel tcfchan#23.
17:21:22 INFO  : Connected to target on host '127.0.0.1' and port '3121'.
17:21:22 WARN  : Part name present in the hardware specification 'xc7z020clg484-1' doesn't match the one present on the target 'xc7z010'.
17:21:22 INFO  : Jtag cable 'Digilent Zybo 210279A428CAA' is selected.
17:21:22 INFO  : 'jtag frequency' command is executed.
17:21:22 INFO  : Context for 'APU' is selected.
17:21:22 INFO  : Hardware design information is loaded from 'B:/Dokumen/CNN_HW/CNN_HW.sdk/ZC702_hw_platform/system.hdf'.
17:21:22 INFO  : 'configparams force-mem-access 1' command is executed.
17:21:22 INFO  : Context for processor 'ps7_cortexa9_0' is selected.
17:21:22 INFO  : Processor reset is completed for 'ps7_cortexa9_0'.
17:21:22 INFO  : Context for processor 'ps7_cortexa9_0' is selected.
17:21:23 INFO  : The application 'B:/Dokumen/CNN_HW/CNN_HW.sdk/cnn_sdk/Debug/cnn_sdk.elf' is downloaded to processor 'ps7_cortexa9_0'.
17:21:23 INFO  : 'configparams force-mem-access 0' command is executed.
17:21:23 INFO  : ----------------XSDB Script----------------
connect -url tcp:127.0.0.1:3121
targets -set -nocase -filter {name =~"APU*" && jtag_cable_name =~ "Digilent Zybo 210279A428CAA"} -index 0
loadhw -hw B:/Dokumen/CNN_HW/CNN_HW.sdk/ZC702_hw_platform/system.hdf -mem-ranges [list {0x40000000 0xbfffffff}]
configparams force-mem-access 1
targets -set -nocase -filter {name =~ "ARM*#0" && jtag_cable_name =~ "Digilent Zybo 210279A428CAA"} -index 0
rst -processor
targets -set -nocase -filter {name =~ "ARM*#0" && jtag_cable_name =~ "Digilent Zybo 210279A428CAA"} -index 0
dow B:/Dokumen/CNN_HW/CNN_HW.sdk/cnn_sdk/Debug/cnn_sdk.elf
configparams force-mem-access 0
----------------End of Script----------------

17:21:23 INFO  : Context for processor 'ps7_cortexa9_0' is selected.
17:21:23 INFO  : 'con' command is executed.
17:21:23 INFO  : ----------------XSDB Script (After Launch)----------------
targets -set -nocase -filter {name =~ "ARM*#0" && jtag_cable_name =~ "Digilent Zybo 210279A428CAA"} -index 0
con
----------------End of Script----------------

17:21:23 INFO  : Disconnected from the channel tcfchan#24.
17:22:01 INFO  : Connected to target on host '127.0.0.1' and port '3121'.
17:22:02 WARN  : Part name present in the hardware specification 'xc7z020clg484-1' doesn't match the one present on the target 'xc7z010'.
17:22:02 INFO  : Jtag cable 'Digilent Zybo 210279A428CAA' is selected.
17:22:02 INFO  : 'jtag frequency' command is executed.
17:22:02 INFO  : Context for 'APU' is selected.
17:22:02 INFO  : Hardware design information is loaded from 'B:/Dokumen/CNN_HW/CNN_HW.sdk/ZC702_hw_platform/system.hdf'.
17:22:02 INFO  : 'configparams force-mem-access 1' command is executed.
17:22:02 INFO  : Context for processor 'ps7_cortexa9_0' is selected.
17:22:02 INFO  : Processor reset is completed for 'ps7_cortexa9_0'.
17:22:02 INFO  : Context for processor 'ps7_cortexa9_0' is selected.
17:22:02 INFO  : The application 'B:/Dokumen/CNN_HW/CNN_HW.sdk/cnn_sdk/Debug/cnn_sdk.elf' is downloaded to processor 'ps7_cortexa9_0'.
17:22:02 INFO  : 'configparams force-mem-access 0' command is executed.
17:22:02 INFO  : ----------------XSDB Script----------------
connect -url tcp:127.0.0.1:3121
targets -set -nocase -filter {name =~"APU*" && jtag_cable_name =~ "Digilent Zybo 210279A428CAA"} -index 0
loadhw -hw B:/Dokumen/CNN_HW/CNN_HW.sdk/ZC702_hw_platform/system.hdf -mem-ranges [list {0x40000000 0xbfffffff}]
configparams force-mem-access 1
targets -set -nocase -filter {name =~ "ARM*#0" && jtag_cable_name =~ "Digilent Zybo 210279A428CAA"} -index 0
rst -processor
targets -set -nocase -filter {name =~ "ARM*#0" && jtag_cable_name =~ "Digilent Zybo 210279A428CAA"} -index 0
dow B:/Dokumen/CNN_HW/CNN_HW.sdk/cnn_sdk/Debug/cnn_sdk.elf
configparams force-mem-access 0
----------------End of Script----------------

17:22:02 INFO  : Context for processor 'ps7_cortexa9_0' is selected.
17:22:03 INFO  : 'con' command is executed.
17:22:03 INFO  : ----------------XSDB Script (After Launch)----------------
targets -set -nocase -filter {name =~ "ARM*#0" && jtag_cable_name =~ "Digilent Zybo 210279A428CAA"} -index 0
con
----------------End of Script----------------

17:22:03 INFO  : Disconnected from the channel tcfchan#25.
