Copyright 1986-2018 Xilinx, Inc. All Rights Reserved.
---------------------------------------------------------------------------------------------------
| Tool Version : Vivado v.2018.3 (win64) Build 2405991 Thu Dec  6 23:38:27 MST 2018
| Date         : Sat May  4 15:54:34 2019
| Host         : DESKTOP-I4SG0E1 running 64-bit major release  (build 9200)
| Command      : report_control_sets -verbose -file CNN_top_module_wrapper_control_sets_placed.rpt
| Design       : CNN_top_module_wrapper
| Device       : xc7z010
---------------------------------------------------------------------------------------------------

Control Set Information

Table of Contents
-----------------
1. Summary
2. Histogram
3. Flip-Flop Distribution
4. Detailed Control Set Information

1. Summary
----------

+----------------------------------------------------------+-------+
|                          Status                          | Count |
+----------------------------------------------------------+-------+
| Number of unique control sets                            |   215 |
| Unused register locations in slices containing registers |   802 |
+----------------------------------------------------------+-------+


2. Histogram
------------

+--------+--------------+
| Fanout | Control Sets |
+--------+--------------+
|      2 |            3 |
|      4 |            4 |
|      5 |            4 |
|      6 |            2 |
|      8 |            1 |
|     12 |            6 |
|     13 |            1 |
|    16+ |          194 |
+--------+--------------+


3. Flip-Flop Distribution
-------------------------

+--------------+-----------------------+------------------------+-----------------+--------------+
| Clock Enable | Synchronous Set/Reset | Asynchronous Set/Reset | Total Registers | Total Slices |
+--------------+-----------------------+------------------------+-----------------+--------------+
| No           | No                    | No                     |             140 |           45 |
| No           | No                    | Yes                    |               0 |            0 |
| No           | Yes                   | No                     |            1469 |          551 |
| Yes          | No                    | No                     |             404 |          106 |
| Yes          | No                    | Yes                    |               0 |            0 |
| Yes          | Yes                   | No                     |            4169 |         2662 |
+--------------+-----------------------+------------------------+-----------------+--------------+


4. Detailed Control Set Information
-----------------------------------

+---------------------------------------------------------+-----------------------------------------------------------------------------------------------------------------------------------------------------------------+-------------------------------------------------------------------------------------------------------------------------------------------------------------+------------------+----------------+
|                       Clock Signal                      |                                                                          Enable Signal                                                                          |                                                                       Set/Reset Signal                                                                      | Slice Load Count | Bel Load Count |
+---------------------------------------------------------+-----------------------------------------------------------------------------------------------------------------------------------------------------------------+-------------------------------------------------------------------------------------------------------------------------------------------------------------+------------------+----------------+
|  CNN_top_module_i/processing_system7_0/inst/FCLK_CLK0   |                                                                                                                                                                 | CNN_top_module_i/ps7_0_axi_periph/s00_couplers/auto_pc/inst/gen_axilite.gen_b2s_conv.axilite_b2s/SI_REG/ar.ar_pipe/ACTIVE_LOW_PR_OUT_DFF[0].FDRE_PER_N      |                1 |              2 |
|  CNN_top_module_i/processing_system7_0/inst/FCLK_CLK0   | CNN_top_module_i/ps7_0_axi_periph/s00_couplers/auto_pc/inst/gen_axilite.gen_b2s_conv.axilite_b2s/WR.b_channel_0/bid_fifo_0/E[0]                                 | CNN_top_module_i/ps7_0_axi_periph/s00_couplers/auto_pc/inst/gen_axilite.gen_b2s_conv.axilite_b2s/areset_d1                                                  |                1 |              2 |
|  CNN_top_module_i/processing_system7_0/inst/FCLK_CLK0   | CNN_top_module_i/ps7_0_axi_periph/s00_couplers/auto_pc/inst/gen_axilite.gen_b2s_conv.axilite_b2s/WR.aw_channel_0/aw_cmd_fsm_0/state_reg[0]_4[0]                 | CNN_top_module_i/ps7_0_axi_periph/s00_couplers/auto_pc/inst/gen_axilite.gen_b2s_conv.axilite_b2s/areset_d1                                                  |                1 |              2 |
|  CNN_top_module_i/processing_system7_0/inst/FCLK_CLK0   |                                                                                                                                                                 | CNN_top_module_i/ps7_0_axi_periph/s00_couplers/auto_pc/inst/gen_axilite.gen_b2s_conv.axilite_b2s/SI_REG/ar.ar_pipe/aresetn_d_reg[1]_0                       |                4 |              4 |
|  CNN_top_module_i/processing_system7_0/inst/FCLK_CLK0   |                                                                                                                                                                 | CNN_top_module_i/ps7_0_axi_periph/s00_couplers/auto_pc/inst/gen_axilite.gen_b2s_conv.axilite_b2s/SI_REG/aw.aw_pipe/aresetn_d_reg[0]_0                       |                3 |              4 |
|  CNN_top_module_i/processing_system7_0/inst/FCLK_CLK0   |                                                                                                                                                                 | CNN_top_module_i/rst_ps7_0_50M/U0/EXT_LPF/lpf_int                                                                                                           |                1 |              4 |
|  CNN_top_module_i/processing_system7_0/inst/FCLK_CLK0   |                                                                                                                                                                 | CNN_top_module_i/axi_cnn_0/inst/coreInstance/multxPrime/mult28/ACTIVE_LOW_PR_OUT_DFF[0].FDRE_PER_N                                                          |                2 |              4 |
|  CNN_top_module_i/processing_system7_0/inst/FCLK_CLK0   | CNN_top_module_i/ps7_0_axi_periph/s00_couplers/auto_pc/inst/gen_axilite.gen_b2s_conv.axilite_b2s/RD.r_channel_0/rd_data_fifo_0/E[0]                             | CNN_top_module_i/ps7_0_axi_periph/s00_couplers/auto_pc/inst/gen_axilite.gen_b2s_conv.axilite_b2s/areset_d1                                                  |                2 |              5 |
|  CNN_top_module_i/processing_system7_0/inst/FCLK_CLK0   | CNN_top_module_i/ps7_0_axi_periph/s00_couplers/auto_pc/inst/gen_axilite.gen_b2s_conv.axilite_b2s/RD.r_channel_0/rd_data_fifo_0/cnt_read[4]_i_1__0_n_0           | CNN_top_module_i/ps7_0_axi_periph/s00_couplers/auto_pc/inst/gen_axilite.gen_b2s_conv.axilite_b2s/areset_d1                                                  |                1 |              5 |
|  CNN_top_module_i/processing_system7_0/inst/FCLK_CLK0   | CNN_top_module_i/ps7_0_axi_periph/s00_couplers/auto_pc/inst/gen_axilite.gen_b2s_conv.axilite_b2s/WR.aw_channel_0/aw_cmd_fsm_0/state_reg[0]_5                    | CNN_top_module_i/ps7_0_axi_periph/s00_couplers/auto_pc/inst/gen_axilite.gen_b2s_conv.axilite_b2s/WR.aw_channel_0/aw_cmd_fsm_0/state_reg[0]_1                |                2 |              5 |
|  CNN_top_module_i/processing_system7_0/inst/FCLK_CLK0   | CNN_top_module_i/ps7_0_axi_periph/s00_couplers/auto_pc/inst/gen_axilite.gen_b2s_conv.axilite_b2s/RD.ar_channel_0/ar_cmd_fsm_0/FSM_sequential_state_reg[0]_3     | CNN_top_module_i/ps7_0_axi_periph/s00_couplers/auto_pc/inst/gen_axilite.gen_b2s_conv.axilite_b2s/RD.ar_channel_0/ar_cmd_fsm_0/FSM_sequential_state_reg[0]_0 |                3 |              5 |
|  CNN_top_module_i/processing_system7_0/inst/FCLK_CLK0   |                                                                                                                                                                 | CNN_top_module_i/ps7_0_axi_periph/s00_couplers/auto_pc/inst/gen_axilite.gen_b2s_conv.axilite_b2s/areset_d1                                                  |                3 |              6 |
|  CNN_top_module_i/processing_system7_0/inst/FCLK_CLK0   | CNN_top_module_i/rst_ps7_0_50M/U0/SEQ/seq_cnt_en                                                                                                                | CNN_top_module_i/rst_ps7_0_50M/U0/SEQ/SEQ_COUNTER/clear                                                                                                     |                1 |              6 |
|  CNN_top_module_i/processing_system7_0/inst/FCLK_CLK0   | CNN_top_module_i/ps7_0_axi_periph/s00_couplers/auto_pc/inst/gen_axilite.gen_b2s_conv.axilite_b2s/WR.b_channel_0/mhandshake_r                                    | CNN_top_module_i/ps7_0_axi_periph/s00_couplers/auto_pc/inst/gen_axilite.gen_b2s_conv.axilite_b2s/WR.b_channel_0/bid_fifo_0/SR[0]                            |                2 |              8 |
|  CNN_top_module_i/processing_system7_0/inst/FCLK_CLK0   | CNN_top_module_i/ps7_0_axi_periph/s00_couplers/auto_pc/inst/gen_axilite.gen_b2s_conv.axilite_b2s/SI_REG/b.b_pipe/s_ready_i_reg_0                                |                                                                                                                                                             |                4 |             12 |
|  CNN_top_module_i/processing_system7_0/inst/FCLK_CLK0   | CNN_top_module_i/ps7_0_axi_periph/s00_couplers/auto_pc/inst/gen_axilite.gen_b2s_conv.axilite_b2s/SI_REG/b.b_pipe/p_1_in                                         |                                                                                                                                                             |                4 |             12 |
|  CNN_top_module_i/processing_system7_0/inst/FCLK_CLK0   | CNN_top_module_i/ps7_0_axi_periph/s00_couplers/auto_pc/inst/gen_axilite.gen_b2s_conv.axilite_b2s/WR.aw_channel_0/aw_cmd_fsm_0/E[0]                              |                                                                                                                                                             |                4 |             12 |
|  CNN_top_module_i/processing_system7_0/inst/FCLK_CLK0   | CNN_top_module_i/ps7_0_axi_periph/s00_couplers/auto_pc/inst/gen_axilite.gen_b2s_conv.axilite_b2s/WR.aw_channel_0/cmd_translator_0/wrap_cmd_0/sel_first_reg_1[0] |                                                                                                                                                             |                2 |             12 |
|  CNN_top_module_i/processing_system7_0/inst/FCLK_CLK0   | CNN_top_module_i/ps7_0_axi_periph/s00_couplers/auto_pc/inst/gen_axilite.gen_b2s_conv.axilite_b2s/RD.ar_channel_0/ar_cmd_fsm_0/E[0]                              |                                                                                                                                                             |                4 |             12 |
|  CNN_top_module_i/processing_system7_0/inst/FCLK_CLK0   | CNN_top_module_i/ps7_0_axi_periph/s00_couplers/auto_pc/inst/gen_axilite.gen_b2s_conv.axilite_b2s/RD.ar_channel_0/cmd_translator_0/wrap_cmd_0/sel_first_reg_1[0] |                                                                                                                                                             |                2 |             12 |
|  CNN_top_module_i/processing_system7_0/inst/FCLK_CLK0   | CNN_top_module_i/ps7_0_axi_periph/s00_couplers/auto_pc/inst/gen_axilite.gen_b2s_conv.axilite_b2s/RD.r_channel_0/r_push_r                                        |                                                                                                                                                             |                4 |             13 |
|  CNN_top_module_i/processing_system7_0/inst/FCLK_CLK0   | CNN_top_module_i/ps7_0_axi_periph/s00_couplers/auto_pc/inst/gen_axilite.gen_b2s_conv.axilite_b2s/WR.aw_channel_0/aw_cmd_fsm_0/b_push                            |                                                                                                                                                             |                3 |             16 |
|  CNN_top_module_i/processing_system7_0/inst/FCLK_CLK0   | CNN_top_module_i/axi_cnn_0/inst/reg64[16]_i_1_n_0                                                                                                               | CNN_top_module_i/axi_cnn_0/inst/coreInstance/multxPrime/mult28/ACTIVE_LOW_PR_OUT_DFF[0].FDRE_PER_N                                                          |               13 |             17 |
|  CNN_top_module_i/processing_system7_0/inst/FCLK_CLK0   | CNN_top_module_i/axi_cnn_0/inst/reg66[17]_i_1_n_0                                                                                                               | CNN_top_module_i/axi_cnn_0/inst/coreInstance/multxPrime/mult28/ACTIVE_LOW_PR_OUT_DFF[0].FDRE_PER_N                                                          |                9 |             18 |
|  CNN_top_module_i/processing_system7_0/inst/FCLK_CLK0   | CNN_top_module_i/axi_cnn_0/inst/reg41[17]_i_1_n_0                                                                                                               | CNN_top_module_i/axi_cnn_0/inst/coreInstance/multxPrime/mult28/ACTIVE_LOW_PR_OUT_DFF[0].FDRE_PER_N                                                          |               12 |             18 |
|  CNN_top_module_i/processing_system7_0/inst/FCLK_CLK0   | CNN_top_module_i/axi_cnn_0/inst/reg42[17]_i_1_n_0                                                                                                               | CNN_top_module_i/axi_cnn_0/inst/coreInstance/multxPrime/mult28/ACTIVE_LOW_PR_OUT_DFF[0].FDRE_PER_N                                                          |               15 |             18 |
|  CNN_top_module_i/processing_system7_0/inst/FCLK_CLK0   | CNN_top_module_i/axi_cnn_0/inst/reg45[17]_i_1_n_0                                                                                                               | CNN_top_module_i/axi_cnn_0/inst/coreInstance/multxPrime/mult28/ACTIVE_LOW_PR_OUT_DFF[0].FDRE_PER_N                                                          |               12 |             18 |
|  CNN_top_module_i/processing_system7_0/inst/FCLK_CLK0   | CNN_top_module_i/axi_cnn_0/inst/reg57[17]_i_1_n_0                                                                                                               | CNN_top_module_i/axi_cnn_0/inst/coreInstance/multxPrime/mult28/ACTIVE_LOW_PR_OUT_DFF[0].FDRE_PER_N                                                          |               14 |             18 |
|  CNN_top_module_i/processing_system7_0/inst/FCLK_CLK0   | CNN_top_module_i/axi_cnn_0/inst/reg95[17]_i_1_n_0                                                                                                               | CNN_top_module_i/axi_cnn_0/inst/coreInstance/multxPrime/mult28/ACTIVE_LOW_PR_OUT_DFF[0].FDRE_PER_N                                                          |                9 |             18 |
|  CNN_top_module_i/processing_system7_0/inst/FCLK_CLK0   | CNN_top_module_i/axi_cnn_0/inst/reg50[17]_i_1_n_0                                                                                                               | CNN_top_module_i/axi_cnn_0/inst/coreInstance/multxPrime/mult28/ACTIVE_LOW_PR_OUT_DFF[0].FDRE_PER_N                                                          |               16 |             18 |
|  CNN_top_module_i/processing_system7_0/inst/FCLK_CLK0   | CNN_top_module_i/axi_cnn_0/inst/reg55[17]_i_1_n_0                                                                                                               | CNN_top_module_i/axi_cnn_0/inst/coreInstance/multxPrime/mult28/ACTIVE_LOW_PR_OUT_DFF[0].FDRE_PER_N                                                          |               11 |             18 |
|  CNN_top_module_i/processing_system7_0/inst/FCLK_CLK0   | CNN_top_module_i/axi_cnn_0/inst/reg47[17]_i_1_n_0                                                                                                               | CNN_top_module_i/axi_cnn_0/inst/coreInstance/multxPrime/mult28/ACTIVE_LOW_PR_OUT_DFF[0].FDRE_PER_N                                                          |               14 |             18 |
|  CNN_top_module_i/processing_system7_0/inst/FCLK_CLK0   | CNN_top_module_i/axi_cnn_0/inst/reg48[17]_i_1_n_0                                                                                                               | CNN_top_module_i/axi_cnn_0/inst/coreInstance/multxPrime/mult28/ACTIVE_LOW_PR_OUT_DFF[0].FDRE_PER_N                                                          |               15 |             18 |
|  CNN_top_module_i/processing_system7_0/inst/FCLK_CLK0   | CNN_top_module_i/axi_cnn_0/inst/reg97[17]_i_1_n_0                                                                                                               | CNN_top_module_i/axi_cnn_0/inst/coreInstance/multxPrime/mult28/ACTIVE_LOW_PR_OUT_DFF[0].FDRE_PER_N                                                          |                8 |             18 |
|  CNN_top_module_i/processing_system7_0/inst/FCLK_CLK0   | CNN_top_module_i/axi_cnn_0/inst/reg58[17]_i_1_n_0                                                                                                               | CNN_top_module_i/axi_cnn_0/inst/coreInstance/multxPrime/mult28/ACTIVE_LOW_PR_OUT_DFF[0].FDRE_PER_N                                                          |               14 |             18 |
|  CNN_top_module_i/processing_system7_0/inst/FCLK_CLK0   | CNN_top_module_i/axi_cnn_0/inst/reg5[17]_i_1_n_0                                                                                                                | CNN_top_module_i/axi_cnn_0/inst/coreInstance/multxPrime/mult28/ACTIVE_LOW_PR_OUT_DFF[0].FDRE_PER_N                                                          |               10 |             18 |
|  CNN_top_module_i/processing_system7_0/inst/FCLK_CLK0   | CNN_top_module_i/axi_cnn_0/inst/reg49[17]_i_1_n_0                                                                                                               | CNN_top_module_i/axi_cnn_0/inst/coreInstance/multxPrime/mult28/ACTIVE_LOW_PR_OUT_DFF[0].FDRE_PER_N                                                          |               14 |             18 |
|  CNN_top_module_i/processing_system7_0/inst/FCLK_CLK0   | CNN_top_module_i/axi_cnn_0/inst/reg9[17]_i_1_n_0                                                                                                                | CNN_top_module_i/axi_cnn_0/inst/coreInstance/multxPrime/mult28/ACTIVE_LOW_PR_OUT_DFF[0].FDRE_PER_N                                                          |               12 |             18 |
|  CNN_top_module_i/processing_system7_0/inst/FCLK_CLK0   | CNN_top_module_i/axi_cnn_0/inst/reg56[17]_i_1_n_0                                                                                                               | CNN_top_module_i/axi_cnn_0/inst/coreInstance/multxPrime/mult28/ACTIVE_LOW_PR_OUT_DFF[0].FDRE_PER_N                                                          |               16 |             18 |
|  CNN_top_module_i/processing_system7_0/inst/FCLK_CLK0   | CNN_top_module_i/axi_cnn_0/inst/reg70[17]_i_1_n_0                                                                                                               | CNN_top_module_i/axi_cnn_0/inst/coreInstance/multxPrime/mult28/ACTIVE_LOW_PR_OUT_DFF[0].FDRE_PER_N                                                          |                8 |             18 |
|  CNN_top_module_i/processing_system7_0/inst/FCLK_CLK0   | CNN_top_module_i/axi_cnn_0/inst/reg91[17]_i_1_n_0                                                                                                               | CNN_top_module_i/axi_cnn_0/inst/coreInstance/multxPrime/mult28/ACTIVE_LOW_PR_OUT_DFF[0].FDRE_PER_N                                                          |                6 |             18 |
|  CNN_top_module_i/processing_system7_0/inst/FCLK_CLK0   | CNN_top_module_i/axi_cnn_0/inst/reg59[17]_i_1_n_0                                                                                                               | CNN_top_module_i/axi_cnn_0/inst/coreInstance/multxPrime/mult28/ACTIVE_LOW_PR_OUT_DFF[0].FDRE_PER_N                                                          |               15 |             18 |
|  CNN_top_module_i/processing_system7_0/inst/FCLK_CLK0   | CNN_top_module_i/axi_cnn_0/inst/reg89[17]_i_1_n_0                                                                                                               | CNN_top_module_i/axi_cnn_0/inst/coreInstance/multxPrime/mult28/ACTIVE_LOW_PR_OUT_DFF[0].FDRE_PER_N                                                          |                7 |             18 |
|  CNN_top_module_i/processing_system7_0/inst/FCLK_CLK0   | CNN_top_module_i/axi_cnn_0/inst/reg52[17]_i_1_n_0                                                                                                               | CNN_top_module_i/axi_cnn_0/inst/coreInstance/multxPrime/mult28/ACTIVE_LOW_PR_OUT_DFF[0].FDRE_PER_N                                                          |               11 |             18 |
|  CNN_top_module_i/processing_system7_0/inst/FCLK_CLK0   | CNN_top_module_i/axi_cnn_0/inst/reg92[17]_i_1_n_0                                                                                                               | CNN_top_module_i/axi_cnn_0/inst/coreInstance/multxPrime/mult28/ACTIVE_LOW_PR_OUT_DFF[0].FDRE_PER_N                                                          |               10 |             18 |
|  CNN_top_module_i/processing_system7_0/inst/FCLK_CLK0   | CNN_top_module_i/axi_cnn_0/inst/reg54[17]_i_1_n_0                                                                                                               | CNN_top_module_i/axi_cnn_0/inst/coreInstance/multxPrime/mult28/ACTIVE_LOW_PR_OUT_DFF[0].FDRE_PER_N                                                          |               11 |             18 |
|  CNN_top_module_i/processing_system7_0/inst/FCLK_CLK0   | CNN_top_module_i/axi_cnn_0/inst/reg98[17]_i_1_n_0                                                                                                               | CNN_top_module_i/axi_cnn_0/inst/coreInstance/multxPrime/mult28/ACTIVE_LOW_PR_OUT_DFF[0].FDRE_PER_N                                                          |                6 |             18 |
|  CNN_top_module_i/processing_system7_0/inst/FCLK_CLK0   | CNN_top_module_i/axi_cnn_0/inst/reg38[17]_i_1_n_0                                                                                                               | CNN_top_module_i/axi_cnn_0/inst/coreInstance/multxPrime/mult28/ACTIVE_LOW_PR_OUT_DFF[0].FDRE_PER_N                                                          |               11 |             18 |
|  CNN_top_module_i/processing_system7_0/inst/FCLK_CLK0   | CNN_top_module_i/axi_cnn_0/inst/reg4[17]_i_1_n_0                                                                                                                | CNN_top_module_i/axi_cnn_0/inst/coreInstance/multxPrime/mult28/ACTIVE_LOW_PR_OUT_DFF[0].FDRE_PER_N                                                          |               11 |             18 |
|  CNN_top_module_i/processing_system7_0/inst/FCLK_CLK0   | CNN_top_module_i/axi_cnn_0/inst/reg107[17]_i_1_n_0                                                                                                              | CNN_top_module_i/axi_cnn_0/inst/coreInstance/multxPrime/mult28/ACTIVE_LOW_PR_OUT_DFF[0].FDRE_PER_N                                                          |                7 |             18 |
|  CNN_top_module_i/processing_system7_0/inst/FCLK_CLK0   | CNN_top_module_i/axi_cnn_0/inst/reg7[17]_i_1_n_0                                                                                                                | CNN_top_module_i/axi_cnn_0/inst/coreInstance/multxPrime/mult28/ACTIVE_LOW_PR_OUT_DFF[0].FDRE_PER_N                                                          |               12 |             18 |
|  CNN_top_module_i/processing_system7_0/inst/FCLK_CLK0   | CNN_top_module_i/axi_cnn_0/inst/reg51[17]_i_1_n_0                                                                                                               | CNN_top_module_i/axi_cnn_0/inst/coreInstance/multxPrime/mult28/ACTIVE_LOW_PR_OUT_DFF[0].FDRE_PER_N                                                          |               16 |             18 |
|  CNN_top_module_i/processing_system7_0/inst/FCLK_CLK0   | CNN_top_module_i/axi_cnn_0/inst/reg62[17]_i_1_n_0                                                                                                               | CNN_top_module_i/axi_cnn_0/inst/coreInstance/multxPrime/mult28/ACTIVE_LOW_PR_OUT_DFF[0].FDRE_PER_N                                                          |               10 |             18 |
|  CNN_top_module_i/processing_system7_0/inst/FCLK_CLK0   | CNN_top_module_i/axi_cnn_0/inst/reg63[17]_i_1_n_0                                                                                                               | CNN_top_module_i/axi_cnn_0/inst/coreInstance/multxPrime/mult28/ACTIVE_LOW_PR_OUT_DFF[0].FDRE_PER_N                                                          |                7 |             18 |
|  CNN_top_module_i/processing_system7_0/inst/FCLK_CLK0   | CNN_top_module_i/axi_cnn_0/inst/reg65[17]_i_1_n_0                                                                                                               | CNN_top_module_i/axi_cnn_0/inst/coreInstance/multxPrime/mult28/ACTIVE_LOW_PR_OUT_DFF[0].FDRE_PER_N                                                          |               10 |             18 |
|  CNN_top_module_i/processing_system7_0/inst/FCLK_CLK0   | CNN_top_module_i/axi_cnn_0/inst/reg68[17]_i_1_n_0                                                                                                               | CNN_top_module_i/axi_cnn_0/inst/coreInstance/multxPrime/mult28/ACTIVE_LOW_PR_OUT_DFF[0].FDRE_PER_N                                                          |                8 |             18 |
|  CNN_top_module_i/processing_system7_0/inst/FCLK_CLK0   | CNN_top_module_i/axi_cnn_0/inst/reg8[17]_i_1_n_0                                                                                                                | CNN_top_module_i/axi_cnn_0/inst/coreInstance/multxPrime/mult28/ACTIVE_LOW_PR_OUT_DFF[0].FDRE_PER_N                                                          |               13 |             18 |
|  CNN_top_module_i/processing_system7_0/inst/FCLK_CLK0   | CNN_top_module_i/axi_cnn_0/inst/reg40[17]_i_1_n_0                                                                                                               | CNN_top_module_i/axi_cnn_0/inst/coreInstance/multxPrime/mult28/ACTIVE_LOW_PR_OUT_DFF[0].FDRE_PER_N                                                          |               14 |             18 |
|  CNN_top_module_i/processing_system7_0/inst/FCLK_CLK0   | CNN_top_module_i/axi_cnn_0/inst/reg61[17]_i_1_n_0                                                                                                               | CNN_top_module_i/axi_cnn_0/inst/coreInstance/multxPrime/mult28/ACTIVE_LOW_PR_OUT_DFF[0].FDRE_PER_N                                                          |               13 |             18 |
|  CNN_top_module_i/processing_system7_0/inst/FCLK_CLK0   | CNN_top_module_i/axi_cnn_0/inst/reg99[17]_i_1_n_0                                                                                                               | CNN_top_module_i/axi_cnn_0/inst/coreInstance/multxPrime/mult28/ACTIVE_LOW_PR_OUT_DFF[0].FDRE_PER_N                                                          |                4 |             18 |
|  CNN_top_module_i/processing_system7_0/inst/FCLK_CLK0   | CNN_top_module_i/axi_cnn_0/inst/reg39[17]_i_1_n_0                                                                                                               | CNN_top_module_i/axi_cnn_0/inst/coreInstance/multxPrime/mult28/ACTIVE_LOW_PR_OUT_DFF[0].FDRE_PER_N                                                          |               10 |             18 |
|  CNN_top_module_i/processing_system7_0/inst/FCLK_CLK0   | CNN_top_module_i/axi_cnn_0/inst/reg46[17]_i_1_n_0                                                                                                               | CNN_top_module_i/axi_cnn_0/inst/coreInstance/multxPrime/mult28/ACTIVE_LOW_PR_OUT_DFF[0].FDRE_PER_N                                                          |               14 |             18 |
|  CNN_top_module_i/processing_system7_0/inst/FCLK_CLK0   | CNN_top_module_i/axi_cnn_0/inst/reg67[17]_i_1_n_0                                                                                                               | CNN_top_module_i/axi_cnn_0/inst/coreInstance/multxPrime/mult28/ACTIVE_LOW_PR_OUT_DFF[0].FDRE_PER_N                                                          |                6 |             18 |
|  CNN_top_module_i/processing_system7_0/inst/FCLK_CLK0   | CNN_top_module_i/axi_cnn_0/inst/reg6[17]_i_1_n_0                                                                                                                | CNN_top_module_i/axi_cnn_0/inst/coreInstance/multxPrime/mult28/ACTIVE_LOW_PR_OUT_DFF[0].FDRE_PER_N                                                          |               11 |             18 |
|  CNN_top_module_i/processing_system7_0/inst/FCLK_CLK0   | CNN_top_module_i/axi_cnn_0/inst/reg94[17]_i_1_n_0                                                                                                               | CNN_top_module_i/axi_cnn_0/inst/coreInstance/multxPrime/mult28/ACTIVE_LOW_PR_OUT_DFF[0].FDRE_PER_N                                                          |               11 |             18 |
|  CNN_top_module_i/processing_system7_0/inst/FCLK_CLK0   | CNN_top_module_i/axi_cnn_0/inst/reg96[17]_i_1_n_0                                                                                                               | CNN_top_module_i/axi_cnn_0/inst/coreInstance/multxPrime/mult28/ACTIVE_LOW_PR_OUT_DFF[0].FDRE_PER_N                                                          |                9 |             18 |
|  CNN_top_module_i/processing_system7_0/inst/FCLK_CLK0   | CNN_top_module_i/axi_cnn_0/inst/reg60[17]_i_1_n_0                                                                                                               | CNN_top_module_i/axi_cnn_0/inst/coreInstance/multxPrime/mult28/ACTIVE_LOW_PR_OUT_DFF[0].FDRE_PER_N                                                          |               13 |             18 |
|  CNN_top_module_i/processing_system7_0/inst/FCLK_CLK0   | CNN_top_module_i/axi_cnn_0/inst/reg69[17]_i_1_n_0                                                                                                               | CNN_top_module_i/axi_cnn_0/inst/coreInstance/multxPrime/mult28/ACTIVE_LOW_PR_OUT_DFF[0].FDRE_PER_N                                                          |                7 |             18 |
|  CNN_top_module_i/processing_system7_0/inst/FCLK_CLK0   | CNN_top_module_i/axi_cnn_0/inst/reg93[17]_i_1_n_0                                                                                                               | CNN_top_module_i/axi_cnn_0/inst/coreInstance/multxPrime/mult28/ACTIVE_LOW_PR_OUT_DFF[0].FDRE_PER_N                                                          |                7 |             18 |
|  CNN_top_module_i/processing_system7_0/inst/FCLK_CLK0   | CNN_top_module_i/axi_cnn_0/inst/reg43[17]_i_1_n_0                                                                                                               | CNN_top_module_i/axi_cnn_0/inst/coreInstance/multxPrime/mult28/ACTIVE_LOW_PR_OUT_DFF[0].FDRE_PER_N                                                          |               14 |             18 |
|  CNN_top_module_i/processing_system7_0/inst/FCLK_CLK0   | CNN_top_module_i/axi_cnn_0/inst/reg71[17]_i_1_n_0                                                                                                               | CNN_top_module_i/axi_cnn_0/inst/coreInstance/multxPrime/mult28/ACTIVE_LOW_PR_OUT_DFF[0].FDRE_PER_N                                                          |                6 |             18 |
|  CNN_top_module_i/processing_system7_0/inst/FCLK_CLK0   | CNN_top_module_i/axi_cnn_0/inst/reg53[17]_i_1_n_0                                                                                                               | CNN_top_module_i/axi_cnn_0/inst/coreInstance/multxPrime/mult28/ACTIVE_LOW_PR_OUT_DFF[0].FDRE_PER_N                                                          |               11 |             18 |
|  CNN_top_module_i/processing_system7_0/inst/FCLK_CLK0   | CNN_top_module_i/axi_cnn_0/inst/p_2_out[17]                                                                                                                     | CNN_top_module_i/axi_cnn_0/inst/coreInstance/multxPrime/mult28/ACTIVE_LOW_PR_OUT_DFF[0].FDRE_PER_N                                                          |                9 |             18 |
|  CNN_top_module_i/processing_system7_0/inst/FCLK_CLK0   | CNN_top_module_i/axi_cnn_0/inst/p_1_in[17]                                                                                                                      | CNN_top_module_i/axi_cnn_0/inst/coreInstance/multxPrime/mult28/ACTIVE_LOW_PR_OUT_DFF[0].FDRE_PER_N                                                          |                9 |             18 |
|  CNN_top_module_i/processing_system7_0/inst/FCLK_CLK0   | CNN_top_module_i/axi_cnn_0/inst/p_3_out[17]                                                                                                                     | CNN_top_module_i/axi_cnn_0/inst/coreInstance/multxPrime/mult28/ACTIVE_LOW_PR_OUT_DFF[0].FDRE_PER_N                                                          |               12 |             18 |
|  CNN_top_module_i/processing_system7_0/inst/FCLK_CLK0   | CNN_top_module_i/axi_cnn_0/inst/coreInstance/multxPrime/mult9/waddr_reg[3][0]                                                                                   | CNN_top_module_i/axi_cnn_0/inst/coreInstance/multxPrime/mult28/ACTIVE_LOW_PR_OUT_DFF[0].FDRE_PER_N                                                          |               15 |             18 |
|  CNN_top_module_i/processing_system7_0/inst/FCLK_CLK0   | CNN_top_module_i/axi_cnn_0/inst/coreInstance/multxPrime/mult11/waddr_reg[8][0]                                                                                  | CNN_top_module_i/axi_cnn_0/inst/coreInstance/multxPrime/mult28/ACTIVE_LOW_PR_OUT_DFF[0].FDRE_PER_N                                                          |               10 |             18 |
|  CNN_top_module_i/processing_system7_0/inst/FCLK_CLK0   | CNN_top_module_i/axi_cnn_0/inst/coreInstance/multxPrime/mult10/waddr_reg[8][0]                                                                                  | CNN_top_module_i/axi_cnn_0/inst/coreInstance/multxPrime/mult28/ACTIVE_LOW_PR_OUT_DFF[0].FDRE_PER_N                                                          |                9 |             18 |
|  CNN_top_module_i/processing_system7_0/inst/FCLK_CLK0   | CNN_top_module_i/axi_cnn_0/inst/coreInstance/multxPrime/mult8/waddr_reg[3][0]                                                                                   | CNN_top_module_i/axi_cnn_0/inst/coreInstance/multxPrime/mult28/ACTIVE_LOW_PR_OUT_DFF[0].FDRE_PER_N                                                          |               13 |             18 |
|  CNN_top_module_i/processing_system7_0/inst/FCLK_CLK0   | CNN_top_module_i/axi_cnn_0/inst/coreInstance/multxPrime/mult12/waddr_reg[3][0]                                                                                  | CNN_top_module_i/axi_cnn_0/inst/coreInstance/multxPrime/mult28/ACTIVE_LOW_PR_OUT_DFF[0].FDRE_PER_N                                                          |               14 |             18 |
|  CNN_top_module_i/processing_system7_0/inst/FCLK_CLK0   | CNN_top_module_i/axi_cnn_0/inst/coreInstance/multxPrime/mult14/waddr_reg[8][0]                                                                                  | CNN_top_module_i/axi_cnn_0/inst/coreInstance/multxPrime/mult28/ACTIVE_LOW_PR_OUT_DFF[0].FDRE_PER_N                                                          |                8 |             18 |
|  CNN_top_module_i/processing_system7_0/inst/FCLK_CLK0   | CNN_top_module_i/axi_cnn_0/inst/coreInstance/multxPrime/mult13/waddr_reg[3][0]                                                                                  | CNN_top_module_i/axi_cnn_0/inst/coreInstance/multxPrime/mult28/ACTIVE_LOW_PR_OUT_DFF[0].FDRE_PER_N                                                          |                8 |             18 |
|  CNN_top_module_i/processing_system7_0/inst/FCLK_CLK0   | CNN_top_module_i/axi_cnn_0/inst/coreInstance/multxPrime/mult17/waddr_reg[3][0]                                                                                  | CNN_top_module_i/axi_cnn_0/inst/coreInstance/multxPrime/mult28/ACTIVE_LOW_PR_OUT_DFF[0].FDRE_PER_N                                                          |                8 |             18 |
|  CNN_top_module_i/processing_system7_0/inst/FCLK_CLK0   | CNN_top_module_i/axi_cnn_0/inst/coreInstance/multxPrime/mult16/waddr_reg[8][0]                                                                                  | CNN_top_module_i/axi_cnn_0/inst/coreInstance/multxPrime/mult28/ACTIVE_LOW_PR_OUT_DFF[0].FDRE_PER_N                                                          |                8 |             18 |
|  CNN_top_module_i/processing_system7_0/inst/FCLK_CLK0   | CNN_top_module_i/axi_cnn_0/inst/coreInstance/multxPrime/mult19/waddr_reg[8][0]                                                                                  | CNN_top_module_i/axi_cnn_0/inst/coreInstance/multxPrime/mult28/ACTIVE_LOW_PR_OUT_DFF[0].FDRE_PER_N                                                          |                5 |             18 |
|  CNN_top_module_i/processing_system7_0/inst/FCLK_CLK0   | CNN_top_module_i/axi_cnn_0/inst/coreInstance/multxPrime/mult18/waddr_reg[3][0]                                                                                  | CNN_top_module_i/axi_cnn_0/inst/coreInstance/multxPrime/mult28/ACTIVE_LOW_PR_OUT_DFF[0].FDRE_PER_N                                                          |                8 |             18 |
|  CNN_top_module_i/processing_system7_0/inst/FCLK_CLK0   | CNN_top_module_i/axi_cnn_0/inst/coreInstance/multxPrime/mult20/waddr_reg[8][0]                                                                                  | CNN_top_module_i/axi_cnn_0/inst/coreInstance/multxPrime/mult28/ACTIVE_LOW_PR_OUT_DFF[0].FDRE_PER_N                                                          |                8 |             18 |
|  CNN_top_module_i/processing_system7_0/inst/FCLK_CLK0   | CNN_top_module_i/axi_cnn_0/inst/coreInstance/multxPrime/mult22/waddr_reg[3][0]                                                                                  | CNN_top_module_i/axi_cnn_0/inst/coreInstance/multxPrime/mult28/ACTIVE_LOW_PR_OUT_DFF[0].FDRE_PER_N                                                          |               11 |             18 |
|  CNN_top_module_i/processing_system7_0/inst/FCLK_CLK0   | CNN_top_module_i/axi_cnn_0/inst/coreInstance/multxPrime/mult26/waddr_reg[3][0]                                                                                  | CNN_top_module_i/axi_cnn_0/inst/coreInstance/multxPrime/mult28/ACTIVE_LOW_PR_OUT_DFF[0].FDRE_PER_N                                                          |               11 |             18 |
|  CNN_top_module_i/processing_system7_0/inst/FCLK_CLK0   | CNN_top_module_i/axi_cnn_0/inst/coreInstance/multxPrime/mult21/waddr_reg[3][0]                                                                                  | CNN_top_module_i/axi_cnn_0/inst/coreInstance/multxPrime/mult28/ACTIVE_LOW_PR_OUT_DFF[0].FDRE_PER_N                                                          |               14 |             18 |
|  CNN_top_module_i/processing_system7_0/inst/FCLK_CLK0   | CNN_top_module_i/axi_cnn_0/inst/coreInstance/multxPrime/mult25/waddr_reg[8][0]                                                                                  | CNN_top_module_i/axi_cnn_0/inst/coreInstance/multxPrime/mult28/ACTIVE_LOW_PR_OUT_DFF[0].FDRE_PER_N                                                          |               11 |             18 |
|  CNN_top_module_i/processing_system7_0/inst/FCLK_CLK0   | CNN_top_module_i/axi_cnn_0/inst/coreInstance/multxPrime/mult24/waddr_reg[8][0]                                                                                  | CNN_top_module_i/axi_cnn_0/inst/coreInstance/multxPrime/mult28/ACTIVE_LOW_PR_OUT_DFF[0].FDRE_PER_N                                                          |               13 |             18 |
|  CNN_top_module_i/processing_system7_0/inst/FCLK_CLK0   | CNN_top_module_i/axi_cnn_0/inst/coreInstance/multxPrime/mult28/E[0]                                                                                             | CNN_top_module_i/axi_cnn_0/inst/coreInstance/multxPrime/mult28/ACTIVE_LOW_PR_OUT_DFF[0].FDRE_PER_N                                                          |               14 |             18 |
|  CNN_top_module_i/processing_system7_0/inst/FCLK_CLK0   | CNN_top_module_i/axi_cnn_0/inst/reg25[17]_i_1_n_0                                                                                                               | CNN_top_module_i/axi_cnn_0/inst/coreInstance/multxPrime/mult28/ACTIVE_LOW_PR_OUT_DFF[0].FDRE_PER_N                                                          |               13 |             18 |
|  CNN_top_module_i/processing_system7_0/inst/FCLK_CLK0   | CNN_top_module_i/axi_cnn_0/inst/reg104[17]_i_1_n_0                                                                                                              | CNN_top_module_i/axi_cnn_0/inst/coreInstance/multxPrime/mult28/ACTIVE_LOW_PR_OUT_DFF[0].FDRE_PER_N                                                          |                7 |             18 |
|  CNN_top_module_i/processing_system7_0/inst/FCLK_CLK0   | CNN_top_module_i/axi_cnn_0/inst/reg28[17]_i_1_n_0                                                                                                               | CNN_top_module_i/axi_cnn_0/inst/coreInstance/multxPrime/mult28/ACTIVE_LOW_PR_OUT_DFF[0].FDRE_PER_N                                                          |               17 |             18 |
|  CNN_top_module_i/processing_system7_0/inst/FCLK_CLK0   | CNN_top_module_i/axi_cnn_0/inst/reg11[17]_i_1_n_0                                                                                                               | CNN_top_module_i/axi_cnn_0/inst/coreInstance/multxPrime/mult28/ACTIVE_LOW_PR_OUT_DFF[0].FDRE_PER_N                                                          |               12 |             18 |
|  CNN_top_module_i/processing_system7_0/inst/FCLK_CLK0   | CNN_top_module_i/axi_cnn_0/inst/reg23[17]_i_1_n_0                                                                                                               | CNN_top_module_i/axi_cnn_0/inst/coreInstance/multxPrime/mult28/ACTIVE_LOW_PR_OUT_DFF[0].FDRE_PER_N                                                          |               12 |             18 |
|  CNN_top_module_i/processing_system7_0/inst/FCLK_CLK0   | CNN_top_module_i/axi_cnn_0/inst/reg112[17]_i_1_n_0                                                                                                              | CNN_top_module_i/axi_cnn_0/inst/coreInstance/multxPrime/mult28/ACTIVE_LOW_PR_OUT_DFF[0].FDRE_PER_N                                                          |               12 |             18 |
|  CNN_top_module_i/processing_system7_0/inst/FCLK_CLK0   | CNN_top_module_i/axi_cnn_0/inst/reg13[17]_i_1_n_0                                                                                                               | CNN_top_module_i/axi_cnn_0/inst/coreInstance/multxPrime/mult28/ACTIVE_LOW_PR_OUT_DFF[0].FDRE_PER_N                                                          |               11 |             18 |
|  CNN_top_module_i/processing_system7_0/inst/FCLK_CLK0   | CNN_top_module_i/axi_cnn_0/inst/reg33[17]_i_1_n_0                                                                                                               | CNN_top_module_i/axi_cnn_0/inst/coreInstance/multxPrime/mult28/ACTIVE_LOW_PR_OUT_DFF[0].FDRE_PER_N                                                          |               13 |             18 |
|  CNN_top_module_i/processing_system7_0/inst/FCLK_CLK0   | CNN_top_module_i/axi_cnn_0/inst/reg34[17]_i_1_n_0                                                                                                               | CNN_top_module_i/axi_cnn_0/inst/coreInstance/multxPrime/mult28/ACTIVE_LOW_PR_OUT_DFF[0].FDRE_PER_N                                                          |               11 |             18 |
|  CNN_top_module_i/processing_system7_0/inst/FCLK_CLK0   | CNN_top_module_i/axi_cnn_0/inst/reg35[17]_i_1_n_0                                                                                                               | CNN_top_module_i/axi_cnn_0/inst/coreInstance/multxPrime/mult28/ACTIVE_LOW_PR_OUT_DFF[0].FDRE_PER_N                                                          |                9 |             18 |
|  CNN_top_module_i/processing_system7_0/inst/FCLK_CLK0   | CNN_top_module_i/axi_cnn_0/inst/reg101[17]_i_1_n_0                                                                                                              | CNN_top_module_i/axi_cnn_0/inst/coreInstance/multxPrime/mult28/ACTIVE_LOW_PR_OUT_DFF[0].FDRE_PER_N                                                          |                7 |             18 |
|  CNN_top_module_i/processing_system7_0/inst/FCLK_CLK0   | CNN_top_module_i/axi_cnn_0/inst/reg36[17]_i_1_n_0                                                                                                               | CNN_top_module_i/axi_cnn_0/inst/coreInstance/multxPrime/mult28/ACTIVE_LOW_PR_OUT_DFF[0].FDRE_PER_N                                                          |               13 |             18 |
|  CNN_top_module_i/processing_system7_0/inst/FCLK_CLK0   | CNN_top_module_i/axi_cnn_0/inst/reg37[17]_i_1_n_0                                                                                                               | CNN_top_module_i/axi_cnn_0/inst/coreInstance/multxPrime/mult28/ACTIVE_LOW_PR_OUT_DFF[0].FDRE_PER_N                                                          |               11 |             18 |
|  CNN_top_module_i/processing_system7_0/inst/FCLK_CLK0   | CNN_top_module_i/axi_cnn_0/inst/reg10[17]_i_1_n_0                                                                                                               | CNN_top_module_i/axi_cnn_0/inst/coreInstance/multxPrime/mult28/ACTIVE_LOW_PR_OUT_DFF[0].FDRE_PER_N                                                          |               15 |             18 |
|  CNN_top_module_i/processing_system7_0/inst/FCLK_CLK0   | CNN_top_module_i/axi_cnn_0/inst/reg44[17]_i_1_n_0                                                                                                               | CNN_top_module_i/axi_cnn_0/inst/coreInstance/multxPrime/mult28/ACTIVE_LOW_PR_OUT_DFF[0].FDRE_PER_N                                                          |               12 |             18 |
|  CNN_top_module_i/processing_system7_0/inst/FCLK_CLK0   | CNN_top_module_i/axi_cnn_0/inst/reg108[17]_i_1_n_0                                                                                                              | CNN_top_module_i/axi_cnn_0/inst/coreInstance/multxPrime/mult28/ACTIVE_LOW_PR_OUT_DFF[0].FDRE_PER_N                                                          |               10 |             18 |
|  CNN_top_module_i/processing_system7_0/inst/FCLK_CLK0   | CNN_top_module_i/axi_cnn_0/inst/reg19[17]_i_1_n_0                                                                                                               | CNN_top_module_i/axi_cnn_0/inst/coreInstance/multxPrime/mult28/ACTIVE_LOW_PR_OUT_DFF[0].FDRE_PER_N                                                          |               11 |             18 |
|  CNN_top_module_i/processing_system7_0/inst/FCLK_CLK0   | CNN_top_module_i/axi_cnn_0/inst/reg20[17]_i_1_n_0                                                                                                               | CNN_top_module_i/axi_cnn_0/inst/coreInstance/multxPrime/mult28/ACTIVE_LOW_PR_OUT_DFF[0].FDRE_PER_N                                                          |               14 |             18 |
|  CNN_top_module_i/processing_system7_0/inst/FCLK_CLK0   | CNN_top_module_i/axi_cnn_0/inst/reg105[17]_i_1_n_0                                                                                                              | CNN_top_module_i/axi_cnn_0/inst/coreInstance/multxPrime/mult28/ACTIVE_LOW_PR_OUT_DFF[0].FDRE_PER_N                                                          |                5 |             18 |
|  CNN_top_module_i/processing_system7_0/inst/FCLK_CLK0   | CNN_top_module_i/axi_cnn_0/inst/reg31[17]_i_1_n_0                                                                                                               | CNN_top_module_i/axi_cnn_0/inst/coreInstance/multxPrime/mult28/ACTIVE_LOW_PR_OUT_DFF[0].FDRE_PER_N                                                          |               10 |             18 |
|  CNN_top_module_i/processing_system7_0/inst/FCLK_CLK0   | CNN_top_module_i/axi_cnn_0/inst/reg18[17]_i_1_n_0                                                                                                               | CNN_top_module_i/axi_cnn_0/inst/coreInstance/multxPrime/mult28/ACTIVE_LOW_PR_OUT_DFF[0].FDRE_PER_N                                                          |               10 |             18 |
|  CNN_top_module_i/processing_system7_0/inst/FCLK_CLK0   | CNN_top_module_i/axi_cnn_0/inst/reg111[17]_i_1_n_0                                                                                                              | CNN_top_module_i/axi_cnn_0/inst/coreInstance/multxPrime/mult28/ACTIVE_LOW_PR_OUT_DFF[0].FDRE_PER_N                                                          |                8 |             18 |
|  CNN_top_module_i/processing_system7_0/inst/FCLK_CLK0   | CNN_top_module_i/axi_cnn_0/inst/reg110[17]_i_1_n_0                                                                                                              | CNN_top_module_i/axi_cnn_0/inst/coreInstance/multxPrime/mult28/ACTIVE_LOW_PR_OUT_DFF[0].FDRE_PER_N                                                          |               10 |             18 |
|  CNN_top_module_i/processing_system7_0/inst/FCLK_CLK0   | CNN_top_module_i/axi_cnn_0/inst/reg106[17]_i_1_n_0                                                                                                              | CNN_top_module_i/axi_cnn_0/inst/coreInstance/multxPrime/mult28/ACTIVE_LOW_PR_OUT_DFF[0].FDRE_PER_N                                                          |               10 |             18 |
|  CNN_top_module_i/processing_system7_0/inst/FCLK_CLK0   | CNN_top_module_i/axi_cnn_0/inst/reg113[17]_i_1_n_0                                                                                                              | CNN_top_module_i/axi_cnn_0/inst/coreInstance/multxPrime/mult28/ACTIVE_LOW_PR_OUT_DFF[0].FDRE_PER_N                                                          |               10 |             18 |
|  CNN_top_module_i/processing_system7_0/inst/FCLK_CLK0   | CNN_top_module_i/axi_cnn_0/inst/reg21[17]_i_1_n_0                                                                                                               | CNN_top_module_i/axi_cnn_0/inst/coreInstance/multxPrime/mult28/ACTIVE_LOW_PR_OUT_DFF[0].FDRE_PER_N                                                          |               14 |             18 |
|  CNN_top_module_i/processing_system7_0/inst/FCLK_CLK0   | CNN_top_module_i/axi_cnn_0/inst/reg22[17]_i_1_n_0                                                                                                               | CNN_top_module_i/axi_cnn_0/inst/coreInstance/multxPrime/mult28/ACTIVE_LOW_PR_OUT_DFF[0].FDRE_PER_N                                                          |               13 |             18 |
|  CNN_top_module_i/processing_system7_0/inst/FCLK_CLK0   | CNN_top_module_i/axi_cnn_0/inst/reg109[17]_i_1_n_0                                                                                                              | CNN_top_module_i/axi_cnn_0/inst/coreInstance/multxPrime/mult28/ACTIVE_LOW_PR_OUT_DFF[0].FDRE_PER_N                                                          |               10 |             18 |
|  CNN_top_module_i/processing_system7_0/inst/FCLK_CLK0   | CNN_top_module_i/axi_cnn_0/inst/reg24[17]_i_1_n_0                                                                                                               | CNN_top_module_i/axi_cnn_0/inst/coreInstance/multxPrime/mult28/ACTIVE_LOW_PR_OUT_DFF[0].FDRE_PER_N                                                          |               14 |             18 |
|  CNN_top_module_i/processing_system7_0/inst/FCLK_CLK0   | CNN_top_module_i/axi_cnn_0/inst/reg0[17]_i_1_n_0                                                                                                                | CNN_top_module_i/axi_cnn_0/inst/coreInstance/multxPrime/mult28/ACTIVE_LOW_PR_OUT_DFF[0].FDRE_PER_N                                                          |                9 |             18 |
|  CNN_top_module_i/processing_system7_0/inst/FCLK_CLK0   | CNN_top_module_i/axi_cnn_0/inst/reg29[17]_i_1_n_0                                                                                                               | CNN_top_module_i/axi_cnn_0/inst/coreInstance/multxPrime/mult28/ACTIVE_LOW_PR_OUT_DFF[0].FDRE_PER_N                                                          |               17 |             18 |
|  CNN_top_module_i/processing_system7_0/inst/FCLK_CLK0   | CNN_top_module_i/axi_cnn_0/inst/reg30[17]_i_1_n_0                                                                                                               | CNN_top_module_i/axi_cnn_0/inst/coreInstance/multxPrime/mult28/ACTIVE_LOW_PR_OUT_DFF[0].FDRE_PER_N                                                          |               10 |             18 |
|  CNN_top_module_i/processing_system7_0/inst/FCLK_CLK0   | CNN_top_module_i/axi_cnn_0/inst/reg32[17]_i_1_n_0                                                                                                               | CNN_top_module_i/axi_cnn_0/inst/coreInstance/multxPrime/mult28/ACTIVE_LOW_PR_OUT_DFF[0].FDRE_PER_N                                                          |               13 |             18 |
|  CNN_top_module_i/processing_system7_0/inst/FCLK_CLK0   | CNN_top_module_i/axi_cnn_0/inst/reg27[17]_i_1_n_0                                                                                                               | CNN_top_module_i/axi_cnn_0/inst/coreInstance/multxPrime/mult28/ACTIVE_LOW_PR_OUT_DFF[0].FDRE_PER_N                                                          |               13 |             18 |
|  CNN_top_module_i/processing_system7_0/inst/FCLK_CLK0   | CNN_top_module_i/axi_cnn_0/inst/reg103[17]_i_1_n_0                                                                                                              | CNN_top_module_i/axi_cnn_0/inst/coreInstance/multxPrime/mult28/ACTIVE_LOW_PR_OUT_DFF[0].FDRE_PER_N                                                          |                6 |             18 |
|  CNN_top_module_i/processing_system7_0/inst/FCLK_CLK0   | CNN_top_module_i/axi_cnn_0/inst/reg14[17]_i_1_n_0                                                                                                               | CNN_top_module_i/axi_cnn_0/inst/coreInstance/multxPrime/mult28/ACTIVE_LOW_PR_OUT_DFF[0].FDRE_PER_N                                                          |               14 |             18 |
|  CNN_top_module_i/processing_system7_0/inst/FCLK_CLK0   | CNN_top_module_i/axi_cnn_0/inst/reg16[17]_i_1_n_0                                                                                                               | CNN_top_module_i/axi_cnn_0/inst/coreInstance/multxPrime/mult28/ACTIVE_LOW_PR_OUT_DFF[0].FDRE_PER_N                                                          |               11 |             18 |
|  CNN_top_module_i/processing_system7_0/inst/FCLK_CLK0   | CNN_top_module_i/axi_cnn_0/inst/reg15[17]_i_1_n_0                                                                                                               | CNN_top_module_i/axi_cnn_0/inst/coreInstance/multxPrime/mult28/ACTIVE_LOW_PR_OUT_DFF[0].FDRE_PER_N                                                          |               13 |             18 |
|  CNN_top_module_i/processing_system7_0/inst/FCLK_CLK0   | CNN_top_module_i/axi_cnn_0/inst/reg102[17]_i_1_n_0                                                                                                              | CNN_top_module_i/axi_cnn_0/inst/coreInstance/multxPrime/mult28/ACTIVE_LOW_PR_OUT_DFF[0].FDRE_PER_N                                                          |                7 |             18 |
|  CNN_top_module_i/processing_system7_0/inst/FCLK_CLK0   | CNN_top_module_i/axi_cnn_0/inst/reg12[17]_i_1_n_0                                                                                                               | CNN_top_module_i/axi_cnn_0/inst/coreInstance/multxPrime/mult28/ACTIVE_LOW_PR_OUT_DFF[0].FDRE_PER_N                                                          |               12 |             18 |
|  CNN_top_module_i/processing_system7_0/inst/FCLK_CLK0   | CNN_top_module_i/axi_cnn_0/inst/reg17[17]_i_1_n_0                                                                                                               | CNN_top_module_i/axi_cnn_0/inst/coreInstance/multxPrime/mult28/ACTIVE_LOW_PR_OUT_DFF[0].FDRE_PER_N                                                          |               10 |             18 |
|  CNN_top_module_i/processing_system7_0/inst/FCLK_CLK0   | CNN_top_module_i/axi_cnn_0/inst/reg26[17]_i_1_n_0                                                                                                               | CNN_top_module_i/axi_cnn_0/inst/coreInstance/multxPrime/mult28/ACTIVE_LOW_PR_OUT_DFF[0].FDRE_PER_N                                                          |               15 |             18 |
|  CNN_top_module_i/processing_system7_0/inst/FCLK_CLK0   | CNN_top_module_i/axi_cnn_0/inst/reg100[17]_i_1_n_0                                                                                                              | CNN_top_module_i/axi_cnn_0/inst/coreInstance/multxPrime/mult28/ACTIVE_LOW_PR_OUT_DFF[0].FDRE_PER_N                                                          |                8 |             18 |
|  CNN_top_module_i/processing_system7_0/inst/FCLK_CLK0   | CNN_top_module_i/ps7_0_axi_periph/s00_couplers/auto_pc/inst/gen_axilite.gen_b2s_conv.axilite_b2s/RD.ar_channel_0/ar_cmd_fsm_0/FSM_sequential_state_reg[0]_3     |                                                                                                                                                             |                6 |             21 |
|  CNN_top_module_i/processing_system7_0/inst/FCLK_CLK0   | CNN_top_module_i/ps7_0_axi_periph/s00_couplers/auto_pc/inst/gen_axilite.gen_b2s_conv.axilite_b2s/WR.aw_channel_0/aw_cmd_fsm_0/state_reg[0]_5                    |                                                                                                                                                             |                7 |             21 |
|  CNN_top_module_i/processing_system7_0/inst/FCLK_CLK0   | CNN_top_module_i/axi_cnn_0/inst/aw_hs                                                                                                                           |                                                                                                                                                             |                7 |             24 |
|  CNN_top_module_i/axi_cnn_0/coreInstance/processedClock | CNN_top_module_i/axi_cnn_0/inst/coreInstance/outMult19/outq[35]_i_1__11_n_0                                                                                     | CNN_top_module_i/axi_cnn_0/inst/coreInstance/multxPrime/mult28/ACTIVE_LOW_PR_OUT_DFF[0].FDRE_PER_N                                                          |               15 |             32 |
|  CNN_top_module_i/axi_cnn_0/coreInstance/processedClock | CNN_top_module_i/axi_cnn_0/inst/coreInstance/outMult2/outq[35]_i_1__20_n_0                                                                                      | CNN_top_module_i/axi_cnn_0/inst/coreInstance/multxPrime/mult28/ACTIVE_LOW_PR_OUT_DFF[0].FDRE_PER_N                                                          |               18 |             32 |
|  CNN_top_module_i/axi_cnn_0/coreInstance/processedClock | CNN_top_module_i/axi_cnn_0/inst/coreInstance/outMult17/outq[35]_i_1__28_n_0                                                                                     | CNN_top_module_i/axi_cnn_0/inst/coreInstance/multxPrime/mult28/ACTIVE_LOW_PR_OUT_DFF[0].FDRE_PER_N                                                          |               21 |             32 |
|  CNN_top_module_i/axi_cnn_0/coreInstance/processedClock | CNN_top_module_i/axi_cnn_0/inst/coreInstance/outMult0/outq[35]_i_1__6_n_0                                                                                       | CNN_top_module_i/axi_cnn_0/inst/coreInstance/multxPrime/mult28/ACTIVE_LOW_PR_OUT_DFF[0].FDRE_PER_N                                                          |               14 |             32 |
|  CNN_top_module_i/axi_cnn_0/coreInstance/processedClock | CNN_top_module_i/axi_cnn_0/inst/coreInstance/outMult14/outq[35]_i_1__24_n_0                                                                                     | CNN_top_module_i/axi_cnn_0/inst/coreInstance/multxPrime/mult28/ACTIVE_LOW_PR_OUT_DFF[0].FDRE_PER_N                                                          |               19 |             32 |
|  CNN_top_module_i/axi_cnn_0/coreInstance/processedClock | CNN_top_module_i/axi_cnn_0/inst/coreInstance/outMult18/outq[35]_i_1__21_n_0                                                                                     | CNN_top_module_i/axi_cnn_0/inst/coreInstance/multxPrime/mult28/ACTIVE_LOW_PR_OUT_DFF[0].FDRE_PER_N                                                          |               20 |             32 |
|  CNN_top_module_i/axi_cnn_0/coreInstance/processedClock | CNN_top_module_i/axi_cnn_0/inst/coreInstance/outMult15/outq[35]_i_1__15_n_0                                                                                     | CNN_top_module_i/axi_cnn_0/inst/coreInstance/multxPrime/mult28/ACTIVE_LOW_PR_OUT_DFF[0].FDRE_PER_N                                                          |               21 |             32 |
|  CNN_top_module_i/axi_cnn_0/coreInstance/processedClock | CNN_top_module_i/axi_cnn_0/inst/coreInstance/outMult16/outq[35]_i_1__7_n_0                                                                                      | CNN_top_module_i/axi_cnn_0/inst/coreInstance/multxPrime/mult28/ACTIVE_LOW_PR_OUT_DFF[0].FDRE_PER_N                                                          |               19 |             32 |
|  CNN_top_module_i/axi_cnn_0/coreInstance/processedClock | CNN_top_module_i/axi_cnn_0/inst/coreInstance/outMult23/outq[35]_i_1__13_n_0                                                                                     | CNN_top_module_i/axi_cnn_0/inst/coreInstance/multxPrime/mult28/ACTIVE_LOW_PR_OUT_DFF[0].FDRE_PER_N                                                          |               23 |             32 |
|  CNN_top_module_i/axi_cnn_0/coreInstance/processedClock | CNN_top_module_i/axi_cnn_0/inst/coreInstance/outMult24/outq[35]_i_1__5_n_0                                                                                      | CNN_top_module_i/axi_cnn_0/inst/coreInstance/multxPrime/mult28/ACTIVE_LOW_PR_OUT_DFF[0].FDRE_PER_N                                                          |               25 |             32 |
|  CNN_top_module_i/axi_cnn_0/coreInstance/processedClock | CNN_top_module_i/axi_cnn_0/inst/coreInstance/outMult25/outq[35]_i_1__26_n_0                                                                                     | CNN_top_module_i/axi_cnn_0/inst/coreInstance/multxPrime/mult28/ACTIVE_LOW_PR_OUT_DFF[0].FDRE_PER_N                                                          |               20 |             32 |
|  CNN_top_module_i/axi_cnn_0/coreInstance/processedClock | CNN_top_module_i/axi_cnn_0/inst/coreInstance/outMult26/outq[35]_i_1__19_n_0                                                                                     | CNN_top_module_i/axi_cnn_0/inst/coreInstance/multxPrime/mult28/ACTIVE_LOW_PR_OUT_DFF[0].FDRE_PER_N                                                          |               22 |             32 |
|  CNN_top_module_i/axi_cnn_0/coreInstance/processedClock | CNN_top_module_i/axi_cnn_0/inst/coreInstance/outMult21/outq[35]_i_1__30_n_0                                                                                     | CNN_top_module_i/axi_cnn_0/inst/coreInstance/multxPrime/mult28/ACTIVE_LOW_PR_OUT_DFF[0].FDRE_PER_N                                                          |               18 |             32 |
|  CNN_top_module_i/axi_cnn_0/coreInstance/processedClock | CNN_top_module_i/axi_cnn_0/inst/coreInstance/outMult27/outq[35]_i_1__9_n_0                                                                                      | CNN_top_module_i/axi_cnn_0/inst/coreInstance/multxPrime/mult28/ACTIVE_LOW_PR_OUT_DFF[0].FDRE_PER_N                                                          |               21 |             32 |
|  CNN_top_module_i/axi_cnn_0/coreInstance/processedClock | CNN_top_module_i/axi_cnn_0/inst/coreInstance/outMult22/outq[35]_i_1__23_n_0                                                                                     | CNN_top_module_i/axi_cnn_0/inst/coreInstance/multxPrime/mult28/ACTIVE_LOW_PR_OUT_DFF[0].FDRE_PER_N                                                          |               25 |             32 |
|  CNN_top_module_i/axi_cnn_0/coreInstance/processedClock | CNN_top_module_i/axi_cnn_0/inst/coreInstance/outMult31/outq[35]_i_1__45_n_0                                                                                     | CNN_top_module_i/axi_cnn_0/inst/coreInstance/multxPrime/mult28/ACTIVE_LOW_PR_OUT_DFF[0].FDRE_PER_N                                                          |               23 |             32 |
|  CNN_top_module_i/axi_cnn_0/coreInstance/processedClock | CNN_top_module_i/axi_cnn_0/inst/coreInstance/outMult28/outq[35]_i_1__0_n_0                                                                                      | CNN_top_module_i/axi_cnn_0/inst/coreInstance/multxPrime/mult28/ACTIVE_LOW_PR_OUT_DFF[0].FDRE_PER_N                                                          |               27 |             32 |
|  CNN_top_module_i/axi_cnn_0/coreInstance/processedClock | CNN_top_module_i/axi_cnn_0/inst/coreInstance/outMult29/outq[35]_i_1__61_n_0                                                                                     | CNN_top_module_i/axi_cnn_0/inst/coreInstance/multxPrime/mult28/ACTIVE_LOW_PR_OUT_DFF[0].FDRE_PER_N                                                          |               21 |             32 |
|  CNN_top_module_i/axi_cnn_0/coreInstance/processedClock | CNN_top_module_i/axi_cnn_0/inst/coreInstance/outMult3/outq[35]_i_1__10_n_0                                                                                      | CNN_top_module_i/axi_cnn_0/inst/coreInstance/multxPrime/mult28/ACTIVE_LOW_PR_OUT_DFF[0].FDRE_PER_N                                                          |               17 |             32 |
|  CNN_top_module_i/axi_cnn_0/coreInstance/processedClock | CNN_top_module_i/axi_cnn_0/inst/coreInstance/outMult30/outq[35]_i_1__53_n_0                                                                                     | CNN_top_module_i/axi_cnn_0/inst/coreInstance/multxPrime/mult28/ACTIVE_LOW_PR_OUT_DFF[0].FDRE_PER_N                                                          |               27 |             32 |
|  CNN_top_module_i/axi_cnn_0/coreInstance/processedClock | CNN_top_module_i/axi_cnn_0/inst/coreInstance/outMult33/outq[35]_i_1__57_n_0                                                                                     | CNN_top_module_i/axi_cnn_0/inst/coreInstance/multxPrime/mult28/ACTIVE_LOW_PR_OUT_DFF[0].FDRE_PER_N                                                          |               22 |             32 |
|  CNN_top_module_i/axi_cnn_0/coreInstance/processedClock | CNN_top_module_i/axi_cnn_0/inst/coreInstance/outMult34/outq[35]_i_1__49_n_0                                                                                     | CNN_top_module_i/axi_cnn_0/inst/coreInstance/multxPrime/mult28/ACTIVE_LOW_PR_OUT_DFF[0].FDRE_PER_N                                                          |               23 |             32 |
|  CNN_top_module_i/axi_cnn_0/coreInstance/processedClock | CNN_top_module_i/axi_cnn_0/inst/coreInstance/outMult35/outq[35]_i_1__41_n_0                                                                                     | CNN_top_module_i/axi_cnn_0/inst/coreInstance/multxPrime/mult28/ACTIVE_LOW_PR_OUT_DFF[0].FDRE_PER_N                                                          |               22 |             32 |
|  CNN_top_module_i/axi_cnn_0/coreInstance/processedClock | CNN_top_module_i/axi_cnn_0/inst/coreInstance/outMult37/outq[35]_i_1__59_n_0                                                                                     | CNN_top_module_i/axi_cnn_0/inst/coreInstance/multxPrime/mult28/ACTIVE_LOW_PR_OUT_DFF[0].FDRE_PER_N                                                          |               24 |             32 |
|  CNN_top_module_i/axi_cnn_0/coreInstance/processedClock | CNN_top_module_i/axi_cnn_0/inst/coreInstance/outMult4/outq[35]_i_1__2_n_0                                                                                       | CNN_top_module_i/axi_cnn_0/inst/coreInstance/multxPrime/mult28/ACTIVE_LOW_PR_OUT_DFF[0].FDRE_PER_N                                                          |               20 |             32 |
|  CNN_top_module_i/axi_cnn_0/coreInstance/processedClock | CNN_top_module_i/axi_cnn_0/inst/coreInstance/outMult38/outq[35]_i_1__51_n_0                                                                                     | CNN_top_module_i/axi_cnn_0/inst/coreInstance/multxPrime/mult28/ACTIVE_LOW_PR_OUT_DFF[0].FDRE_PER_N                                                          |               26 |             32 |
|  CNN_top_module_i/axi_cnn_0/coreInstance/processedClock | CNN_top_module_i/axi_cnn_0/inst/coreInstance/outMult39/outq[35]_i_1__43_n_0                                                                                     | CNN_top_module_i/axi_cnn_0/inst/coreInstance/multxPrime/mult28/ACTIVE_LOW_PR_OUT_DFF[0].FDRE_PER_N                                                          |               27 |             32 |
|  CNN_top_module_i/axi_cnn_0/coreInstance/processedClock | CNN_top_module_i/axi_cnn_0/inst/coreInstance/outMult32/outq[35]_i_1__37_n_0                                                                                     | CNN_top_module_i/axi_cnn_0/inst/coreInstance/multxPrime/mult28/ACTIVE_LOW_PR_OUT_DFF[0].FDRE_PER_N                                                          |               18 |             32 |
|  CNN_top_module_i/axi_cnn_0/coreInstance/processedClock | CNN_top_module_i/axi_cnn_0/inst/coreInstance/outMult43/outq[35]_i_1__39_n_0                                                                                     | CNN_top_module_i/axi_cnn_0/inst/coreInstance/multxPrime/mult28/ACTIVE_LOW_PR_OUT_DFF[0].FDRE_PER_N                                                          |               22 |             32 |
|  CNN_top_module_i/axi_cnn_0/coreInstance/processedClock | CNN_top_module_i/axi_cnn_0/inst/coreInstance/outMult44/outq[35]_i_1__32_n_0                                                                                     | CNN_top_module_i/axi_cnn_0/inst/coreInstance/multxPrime/mult28/ACTIVE_LOW_PR_OUT_DFF[0].FDRE_PER_N                                                          |               21 |             32 |
|  CNN_top_module_i/axi_cnn_0/coreInstance/processedClock | CNN_top_module_i/axi_cnn_0/inst/coreInstance/outMult45/outq[35]_i_1__62_n_0                                                                                     | CNN_top_module_i/axi_cnn_0/inst/coreInstance/multxPrime/mult28/ACTIVE_LOW_PR_OUT_DFF[0].FDRE_PER_N                                                          |               20 |             32 |
|  CNN_top_module_i/axi_cnn_0/coreInstance/processedClock | CNN_top_module_i/axi_cnn_0/inst/coreInstance/outMult48/outq[35]_i_1__38_n_0                                                                                     | CNN_top_module_i/axi_cnn_0/inst/coreInstance/multxPrime/mult28/ACTIVE_LOW_PR_OUT_DFF[0].FDRE_PER_N                                                          |               21 |             32 |
|  CNN_top_module_i/axi_cnn_0/coreInstance/processedClock | CNN_top_module_i/axi_cnn_0/inst/coreInstance/outMult46/outq[35]_i_1__54_n_0                                                                                     | CNN_top_module_i/axi_cnn_0/inst/coreInstance/multxPrime/mult28/ACTIVE_LOW_PR_OUT_DFF[0].FDRE_PER_N                                                          |               20 |             32 |
|  CNN_top_module_i/axi_cnn_0/coreInstance/processedClock | CNN_top_module_i/axi_cnn_0/inst/coreInstance/outMult47/outq[35]_i_1__46_n_0                                                                                     | CNN_top_module_i/axi_cnn_0/inst/coreInstance/multxPrime/mult28/ACTIVE_LOW_PR_OUT_DFF[0].FDRE_PER_N                                                          |               21 |             32 |
|  CNN_top_module_i/axi_cnn_0/coreInstance/processedClock | CNN_top_module_i/axi_cnn_0/inst/coreInstance/outMult40/outq[35]_i_1__35_n_0                                                                                     | CNN_top_module_i/axi_cnn_0/inst/coreInstance/multxPrime/mult28/ACTIVE_LOW_PR_OUT_DFF[0].FDRE_PER_N                                                          |               28 |             32 |
|  CNN_top_module_i/axi_cnn_0/coreInstance/processedClock | CNN_top_module_i/axi_cnn_0/inst/coreInstance/outMult41/outq[35]_i_1__55_n_0                                                                                     | CNN_top_module_i/axi_cnn_0/inst/coreInstance/multxPrime/mult28/ACTIVE_LOW_PR_OUT_DFF[0].FDRE_PER_N                                                          |               24 |             32 |
|  CNN_top_module_i/axi_cnn_0/coreInstance/processedClock | CNN_top_module_i/axi_cnn_0/inst/coreInstance/outMult42/outq[35]_i_1__47_n_0                                                                                     | CNN_top_module_i/axi_cnn_0/inst/coreInstance/multxPrime/mult28/ACTIVE_LOW_PR_OUT_DFF[0].FDRE_PER_N                                                          |               21 |             32 |
|  CNN_top_module_i/axi_cnn_0/coreInstance/processedClock | CNN_top_module_i/axi_cnn_0/inst/coreInstance/outMult51/outq[35]_i_1__42_n_0                                                                                     | CNN_top_module_i/axi_cnn_0/inst/coreInstance/multxPrime/mult28/ACTIVE_LOW_PR_OUT_DFF[0].FDRE_PER_N                                                          |               21 |             32 |
|  CNN_top_module_i/axi_cnn_0/coreInstance/processedClock | CNN_top_module_i/axi_cnn_0/inst/coreInstance/outMult52/outq[35]_i_1__34_n_0                                                                                     | CNN_top_module_i/axi_cnn_0/inst/coreInstance/multxPrime/mult28/ACTIVE_LOW_PR_OUT_DFF[0].FDRE_PER_N                                                          |               25 |             32 |
|  CNN_top_module_i/axi_cnn_0/coreInstance/processedClock | CNN_top_module_i/axi_cnn_0/inst/coreInstance/outMult49/outq[35]_i_1__58_n_0                                                                                     | CNN_top_module_i/axi_cnn_0/inst/coreInstance/multxPrime/mult28/ACTIVE_LOW_PR_OUT_DFF[0].FDRE_PER_N                                                          |               21 |             32 |
|  CNN_top_module_i/axi_cnn_0/coreInstance/processedClock | CNN_top_module_i/axi_cnn_0/inst/coreInstance/outMult5/outq[35]_i_1__29_n_0                                                                                      | CNN_top_module_i/axi_cnn_0/inst/coreInstance/multxPrime/mult28/ACTIVE_LOW_PR_OUT_DFF[0].FDRE_PER_N                                                          |               16 |             32 |
|  CNN_top_module_i/axi_cnn_0/coreInstance/processedClock | CNN_top_module_i/axi_cnn_0/inst/coreInstance/outMult53/outq[35]_i_1__60_n_0                                                                                     | CNN_top_module_i/axi_cnn_0/inst/coreInstance/multxPrime/mult28/ACTIVE_LOW_PR_OUT_DFF[0].FDRE_PER_N                                                          |               20 |             32 |
|  CNN_top_module_i/axi_cnn_0/coreInstance/processedClock | CNN_top_module_i/axi_cnn_0/inst/coreInstance/outMult1/outq[35]_i_1__27_n_0                                                                                      | CNN_top_module_i/axi_cnn_0/inst/coreInstance/multxPrime/mult28/ACTIVE_LOW_PR_OUT_DFF[0].FDRE_PER_N                                                          |               20 |             32 |
|  CNN_top_module_i/axi_cnn_0/coreInstance/processedClock | CNN_top_module_i/axi_cnn_0/inst/coreInstance/outMult50/outq[35]_i_1__50_n_0                                                                                     | CNN_top_module_i/axi_cnn_0/inst/coreInstance/multxPrime/mult28/ACTIVE_LOW_PR_OUT_DFF[0].FDRE_PER_N                                                          |               24 |             32 |
|  CNN_top_module_i/axi_cnn_0/coreInstance/processedClock | CNN_top_module_i/axi_cnn_0/inst/coreInstance/outMult55/outq[35]_i_1__44_n_0                                                                                     | CNN_top_module_i/axi_cnn_0/inst/coreInstance/multxPrime/mult28/ACTIVE_LOW_PR_OUT_DFF[0].FDRE_PER_N                                                          |               21 |             32 |
|  CNN_top_module_i/axi_cnn_0/coreInstance/processedClock | CNN_top_module_i/axi_cnn_0/inst/coreInstance/outMult56/outq[35]_i_1__36_n_0                                                                                     | CNN_top_module_i/axi_cnn_0/inst/coreInstance/multxPrime/mult28/ACTIVE_LOW_PR_OUT_DFF[0].FDRE_PER_N                                                          |               23 |             32 |
|  CNN_top_module_i/axi_cnn_0/coreInstance/processedClock | CNN_top_module_i/axi_cnn_0/inst/coreInstance/outMult10/outq[35]_i_1__18_n_0                                                                                     | CNN_top_module_i/axi_cnn_0/inst/coreInstance/multxPrime/mult28/ACTIVE_LOW_PR_OUT_DFF[0].FDRE_PER_N                                                          |               24 |             32 |
|  CNN_top_module_i/axi_cnn_0/coreInstance/processedClock | CNN_top_module_i/axi_cnn_0/inst/coreInstance/outMult57/outq[35]_i_1__56_n_0                                                                                     | CNN_top_module_i/axi_cnn_0/inst/coreInstance/multxPrime/mult28/ACTIVE_LOW_PR_OUT_DFF[0].FDRE_PER_N                                                          |               24 |             32 |
|  CNN_top_module_i/axi_cnn_0/coreInstance/processedClock | CNN_top_module_i/axi_cnn_0/inst/coreInstance/outMult58/outq[35]_i_1__48_n_0                                                                                     | CNN_top_module_i/axi_cnn_0/inst/coreInstance/multxPrime/mult28/ACTIVE_LOW_PR_OUT_DFF[0].FDRE_PER_N                                                          |               23 |             32 |
|  CNN_top_module_i/axi_cnn_0/coreInstance/processedClock | CNN_top_module_i/axi_cnn_0/inst/coreInstance/outMult13/outq[35]_i_1__31_n_0                                                                                     | CNN_top_module_i/axi_cnn_0/inst/coreInstance/multxPrime/mult28/ACTIVE_LOW_PR_OUT_DFF[0].FDRE_PER_N                                                          |               20 |             32 |
|  CNN_top_module_i/axi_cnn_0/coreInstance/processedClock | CNN_top_module_i/axi_cnn_0/inst/coreInstance/outMult12/outq[35]_i_1__1_n_0                                                                                      | CNN_top_module_i/axi_cnn_0/inst/coreInstance/multxPrime/mult28/ACTIVE_LOW_PR_OUT_DFF[0].FDRE_PER_N                                                          |               19 |             32 |
|  CNN_top_module_i/processing_system7_0/inst/FCLK_CLK0   | CNN_top_module_i/axi_cnn_0/inst/rdata[31]_i_1_n_0                                                                                                               | CNN_top_module_i/axi_cnn_0/inst/coreInstance/multxPrime/mult28/ACTIVE_LOW_PR_OUT_DFF[0].FDRE_PER_N                                                          |               24 |             32 |
|  CNN_top_module_i/axi_cnn_0/coreInstance/processedClock | CNN_top_module_i/axi_cnn_0/inst/coreInstance/outMult11/outq[35]_i_1__8_n_0                                                                                      | CNN_top_module_i/axi_cnn_0/inst/coreInstance/multxPrime/mult28/ACTIVE_LOW_PR_OUT_DFF[0].FDRE_PER_N                                                          |               20 |             32 |
|  CNN_top_module_i/axi_cnn_0/coreInstance/processedClock | CNN_top_module_i/axi_cnn_0/inst/coreInstance/outMult36/outq[35]_i_1__33_n_0                                                                                     | CNN_top_module_i/axi_cnn_0/inst/coreInstance/multxPrime/mult28/ACTIVE_LOW_PR_OUT_DFF[0].FDRE_PER_N                                                          |               26 |             32 |
|  CNN_top_module_i/axi_cnn_0/coreInstance/processedClock | CNN_top_module_i/axi_cnn_0/inst/coreInstance/outMult20/outq[35]_i_1__3_n_0                                                                                      | CNN_top_module_i/axi_cnn_0/inst/coreInstance/multxPrime/mult28/ACTIVE_LOW_PR_OUT_DFF[0].FDRE_PER_N                                                          |               18 |             32 |
|  CNN_top_module_i/axi_cnn_0/coreInstance/processedClock | CNN_top_module_i/axi_cnn_0/inst/coreInstance/outMult62/outq[35]_i_1__17_n_0                                                                                     | CNN_top_module_i/axi_cnn_0/inst/coreInstance/multxPrime/mult28/ACTIVE_LOW_PR_OUT_DFF[0].FDRE_PER_N                                                          |               19 |             32 |
|  CNN_top_module_i/axi_cnn_0/coreInstance/processedClock | CNN_top_module_i/axi_cnn_0/inst/coreInstance/outMult61/outq[35]_i_1__16_n_0                                                                                     | CNN_top_module_i/axi_cnn_0/inst/coreInstance/multxPrime/mult28/ACTIVE_LOW_PR_OUT_DFF[0].FDRE_PER_N                                                          |               23 |             32 |
|  CNN_top_module_i/axi_cnn_0/coreInstance/processedClock | CNN_top_module_i/axi_cnn_0/inst/coreInstance/outMult60/outq[35]_i_1_n_0                                                                                         | CNN_top_module_i/axi_cnn_0/inst/coreInstance/multxPrime/mult28/ACTIVE_LOW_PR_OUT_DFF[0].FDRE_PER_N                                                          |               21 |             32 |
|  CNN_top_module_i/axi_cnn_0/coreInstance/processedClock | CNN_top_module_i/axi_cnn_0/inst/coreInstance/outMult6/outq[35]_i_1__22_n_0                                                                                      | CNN_top_module_i/axi_cnn_0/inst/coreInstance/multxPrime/mult28/ACTIVE_LOW_PR_OUT_DFF[0].FDRE_PER_N                                                          |               23 |             32 |
|  CNN_top_module_i/axi_cnn_0/coreInstance/processedClock | CNN_top_module_i/axi_cnn_0/inst/coreInstance/outMult8/outq[35]_i_1__4_n_0                                                                                       | CNN_top_module_i/axi_cnn_0/inst/coreInstance/multxPrime/mult28/ACTIVE_LOW_PR_OUT_DFF[0].FDRE_PER_N                                                          |               25 |             32 |
|  CNN_top_module_i/axi_cnn_0/coreInstance/processedClock | CNN_top_module_i/axi_cnn_0/inst/coreInstance/outMult7/outq[35]_i_1__12_n_0                                                                                      | CNN_top_module_i/axi_cnn_0/inst/coreInstance/multxPrime/mult28/ACTIVE_LOW_PR_OUT_DFF[0].FDRE_PER_N                                                          |               21 |             32 |
|  CNN_top_module_i/axi_cnn_0/coreInstance/processedClock | CNN_top_module_i/axi_cnn_0/inst/coreInstance/outMult9/outq[35]_i_1__25_n_0                                                                                      | CNN_top_module_i/axi_cnn_0/inst/coreInstance/multxPrime/mult28/ACTIVE_LOW_PR_OUT_DFF[0].FDRE_PER_N                                                          |               25 |             32 |
|  CNN_top_module_i/axi_cnn_0/coreInstance/processedClock | CNN_top_module_i/axi_cnn_0/inst/coreInstance/outMult54/outq[35]_i_1__52_n_0                                                                                     | CNN_top_module_i/axi_cnn_0/inst/coreInstance/multxPrime/mult28/ACTIVE_LOW_PR_OUT_DFF[0].FDRE_PER_N                                                          |               23 |             32 |
|  CNN_top_module_i/processing_system7_0/inst/FCLK_CLK0   | CNN_top_module_i/ps7_0_axi_periph/s00_couplers/auto_pc/inst/gen_axilite.gen_b2s_conv.axilite_b2s/RD.r_channel_0/rd_data_fifo_0/wr_en0                           |                                                                                                                                                             |               11 |             32 |
|  CNN_top_module_i/axi_cnn_0/coreInstance/processedClock | CNN_top_module_i/axi_cnn_0/inst/coreInstance/outMult59/outq[35]_i_1__40_n_0                                                                                     | CNN_top_module_i/axi_cnn_0/inst/coreInstance/multxPrime/mult28/ACTIVE_LOW_PR_OUT_DFF[0].FDRE_PER_N                                                          |               20 |             32 |
|  CNN_top_module_i/axi_cnn_0/coreInstance/processedClock | CNN_top_module_i/axi_cnn_0/inst/coreInstance/outMult63/outq[35]_i_1__14_n_0                                                                                     | CNN_top_module_i/axi_cnn_0/inst/coreInstance/multxPrime/mult28/ACTIVE_LOW_PR_OUT_DFF[0].FDRE_PER_N                                                          |               21 |             32 |
|  CNN_top_module_i/axi_cnn_0/coreInstance/processedClock |                                                                                                                                                                 |                                                                                                                                                             |               21 |             36 |
|  CNN_top_module_i/processing_system7_0/inst/FCLK_CLK0   | CNN_top_module_i/ps7_0_axi_periph/s00_couplers/auto_pc/inst/gen_axilite.gen_b2s_conv.axilite_b2s/WR.aw_channel_0/aw_cmd_fsm_0/state_reg[0]_3[0]                 |                                                                                                                                                             |               12 |             44 |
|  CNN_top_module_i/processing_system7_0/inst/FCLK_CLK0   | CNN_top_module_i/ps7_0_axi_periph/s00_couplers/auto_pc/inst/gen_axilite.gen_b2s_conv.axilite_b2s/SI_REG/aw.aw_pipe/s_ready_i_reg_0                              |                                                                                                                                                             |               13 |             44 |
|  CNN_top_module_i/processing_system7_0/inst/FCLK_CLK0   | CNN_top_module_i/ps7_0_axi_periph/s00_couplers/auto_pc/inst/gen_axilite.gen_b2s_conv.axilite_b2s/SI_REG/ar.ar_pipe/s_ready_i_reg_0                              |                                                                                                                                                             |               12 |             44 |
|  CNN_top_module_i/processing_system7_0/inst/FCLK_CLK0   | CNN_top_module_i/ps7_0_axi_periph/s00_couplers/auto_pc/inst/gen_axilite.gen_b2s_conv.axilite_b2s/RD.ar_channel_0/ar_cmd_fsm_0/FSM_sequential_state_reg[0]_4[0]  |                                                                                                                                                             |                8 |             44 |
|  CNN_top_module_i/processing_system7_0/inst/FCLK_CLK0   | CNN_top_module_i/ps7_0_axi_periph/s00_couplers/auto_pc/inst/gen_axilite.gen_b2s_conv.axilite_b2s/SI_REG/r.r_pipe/s_ready_i_reg_0                                |                                                                                                                                                             |               12 |             45 |
|  CNN_top_module_i/processing_system7_0/inst/FCLK_CLK0   | CNN_top_module_i/ps7_0_axi_periph/s00_couplers/auto_pc/inst/gen_axilite.gen_b2s_conv.axilite_b2s/SI_REG/r.r_pipe/p_1_in                                         |                                                                                                                                                             |                9 |             45 |
|  CNN_top_module_i/processing_system7_0/inst/FCLK_CLK0   |                                                                                                                                                                 |                                                                                                                                                             |               25 |            105 |
|  CNN_top_module_i/processing_system7_0/inst/FCLK_CLK0   |                                                                                                                                                                 | CNN_top_module_i/axi_cnn_0/inst/coreInstance/counter[6]_i_1_n_0                                                                                             |               64 |            113 |
|  CNN_top_module_i/axi_cnn_0/coreInstance/processedClock |                                                                                                                                                                 | CNN_top_module_i/axi_cnn_0/inst/coreInstance/multxPrime/mult28/ACTIVE_LOW_PR_OUT_DFF[0].FDRE_PER_N                                                          |              473 |           1332 |
+---------------------------------------------------------+-----------------------------------------------------------------------------------------------------------------------------------------------------------------+-------------------------------------------------------------------------------------------------------------------------------------------------------------+------------------+----------------+


