
*** Running vivado
    with args -log CNN_top_module_wrapper.vdi -applog -m64 -product Vivado -messageDb vivado.pb -mode batch -source CNN_top_module_wrapper.tcl -notrace


****** Vivado v2018.3 (64-bit)
  **** SW Build 2405991 on Thu Dec  6 23:38:27 MST 2018
  **** IP Build 2404404 on Fri Dec  7 01:43:56 MST 2018
    ** Copyright 1986-2018 Xilinx, Inc. All Rights Reserved.

source CNN_top_module_wrapper.tcl -notrace
INFO: [IP_Flow 19-234] Refreshing IP repositories
INFO: [IP_Flow 19-1704] No user IP repositories specified
INFO: [IP_Flow 19-2313] Loaded Vivado IP repository 'B:/Xilinx/Vivado/2018.3/data/ip'.
Command: link_design -top CNN_top_module_wrapper -part xc7z010clg400-1
Design is defaulting to srcset: sources_1
Design is defaulting to constrset: constrs_1
INFO: [Netlist 29-17] Analyzing 2087 Unisim elements for replacement
INFO: [Netlist 29-28] Unisim Transformation completed in 1 CPU seconds
INFO: [Project 1-479] Netlist was created with Vivado 2018.3
INFO: [Device 21-403] Loading part xc7z010clg400-1
INFO: [Project 1-570] Preparing netlist for logic optimization
Parsing XDC File [b:/Dokumen/CNN_HW/CNN_HW.srcs/sources_1/bd/CNN_top_module/ip/CNN_top_module_processing_system7_0_0/CNN_top_module_processing_system7_0_0.xdc] for cell 'CNN_top_module_i/processing_system7_0/inst'
WARNING: [Vivado 12-2489] -input_jitter contains time 0.468750 which will be rounded to 0.469 to ensure it is an integer multiple of 1 picosecond [b:/Dokumen/CNN_HW/CNN_HW.srcs/sources_1/bd/CNN_top_module/ip/CNN_top_module_processing_system7_0_0/CNN_top_module_processing_system7_0_0.xdc:21]
Finished Parsing XDC File [b:/Dokumen/CNN_HW/CNN_HW.srcs/sources_1/bd/CNN_top_module/ip/CNN_top_module_processing_system7_0_0/CNN_top_module_processing_system7_0_0.xdc] for cell 'CNN_top_module_i/processing_system7_0/inst'
Parsing XDC File [b:/Dokumen/CNN_HW/CNN_HW.srcs/sources_1/bd/CNN_top_module/ip/CNN_top_module_rst_ps7_0_50M_0/CNN_top_module_rst_ps7_0_50M_0_board.xdc] for cell 'CNN_top_module_i/rst_ps7_0_50M/U0'
Finished Parsing XDC File [b:/Dokumen/CNN_HW/CNN_HW.srcs/sources_1/bd/CNN_top_module/ip/CNN_top_module_rst_ps7_0_50M_0/CNN_top_module_rst_ps7_0_50M_0_board.xdc] for cell 'CNN_top_module_i/rst_ps7_0_50M/U0'
Parsing XDC File [b:/Dokumen/CNN_HW/CNN_HW.srcs/sources_1/bd/CNN_top_module/ip/CNN_top_module_rst_ps7_0_50M_0/CNN_top_module_rst_ps7_0_50M_0.xdc] for cell 'CNN_top_module_i/rst_ps7_0_50M/U0'
Finished Parsing XDC File [b:/Dokumen/CNN_HW/CNN_HW.srcs/sources_1/bd/CNN_top_module/ip/CNN_top_module_rst_ps7_0_50M_0/CNN_top_module_rst_ps7_0_50M_0.xdc] for cell 'CNN_top_module_i/rst_ps7_0_50M/U0'
INFO: [Opt 31-138] Pushed 0 inverter(s) to 0 load pin(s).
Netlist sorting complete. Time (s): cpu = 00:00:00 ; elapsed = 00:00:00.006 . Memory (MB): peak = 701.281 ; gain = 0.000
INFO: [Project 1-111] Unisim Transformation Summary:
No Unisim elements were transformed.

10 Infos, 1 Warnings, 0 Critical Warnings and 0 Errors encountered.
link_design completed successfully
link_design: Time (s): cpu = 00:00:10 ; elapsed = 00:00:14 . Memory (MB): peak = 701.281 ; gain = 406.383
Command: opt_design -directive ExploreWithRemap
INFO: [Vivado_Tcl 4-136] Directive used for opt_design is: ExploreWithRemap
Attempting to get a license for feature 'Implementation' and/or device 'xc7z010'
INFO: [Common 17-349] Got license for feature 'Implementation' and/or device 'xc7z010'
Running DRC as a precondition to command opt_design

Starting DRC Task
INFO: [DRC 23-27] Running DRC with 2 threads
INFO: [Project 1-461] DRC finished with 0 Errors
INFO: [Project 1-462] Please refer to the DRC report (report_drc) for more information.

Time (s): cpu = 00:00:01 ; elapsed = 00:00:00.666 . Memory (MB): peak = 701.281 ; gain = 0.000

Starting Cache Timing Information Task
INFO: [Timing 38-35] Done setting XDC timing constraints.
Ending Cache Timing Information Task | Checksum: 1b6eab05a

Time (s): cpu = 00:00:10 ; elapsed = 00:00:10 . Memory (MB): peak = 1249.359 ; gain = 547.762

Starting Logic Optimization Task

Phase 1 Retarget
INFO: [Opt 31-138] Pushed 1 inverter(s) to 3 load pin(s).
INFO: [Opt 31-49] Retargeted 0 cell(s).
Phase 1 Retarget | Checksum: 1a13dc040

Time (s): cpu = 00:00:01 ; elapsed = 00:00:01 . Memory (MB): peak = 1343.785 ; gain = 0.000
INFO: [Opt 31-389] Phase Retarget created 2 cells and removed 30 cells

Phase 2 Constant propagation
INFO: [Opt 31-138] Pushed 0 inverter(s) to 0 load pin(s).
Phase 2 Constant propagation | Checksum: 240c68a6f

Time (s): cpu = 00:00:02 ; elapsed = 00:00:02 . Memory (MB): peak = 1343.785 ; gain = 0.000
INFO: [Opt 31-389] Phase Constant propagation created 0 cells and removed 19 cells

Phase 3 BUFG optimization
Phase 3 BUFG optimization | Checksum: 240c68a6f

Time (s): cpu = 00:00:02 ; elapsed = 00:00:02 . Memory (MB): peak = 1343.785 ; gain = 0.000
INFO: [Opt 31-662] Phase BUFG optimization created 0 cells of which 0 are BUFGs and removed 0 cells.

Phase 4 Shift Register Optimization
Phase 4 Shift Register Optimization | Checksum: 17bdb14d1

Time (s): cpu = 00:00:03 ; elapsed = 00:00:03 . Memory (MB): peak = 1343.785 ; gain = 0.000
INFO: [Opt 31-389] Phase Shift Register Optimization created 0 cells and removed 0 cells

Phase 5 Sweep
Phase 5 Sweep | Checksum: 13d8b2fe8

Time (s): cpu = 00:00:04 ; elapsed = 00:00:04 . Memory (MB): peak = 1343.785 ; gain = 0.000
INFO: [Opt 31-389] Phase Sweep created 0 cells and removed 165 cells

Phase 6 Constant propagation
INFO: [Opt 31-138] Pushed 0 inverter(s) to 0 load pin(s).
Phase 6 Constant propagation | Checksum: 13d8b2fe8

Time (s): cpu = 00:00:04 ; elapsed = 00:00:04 . Memory (MB): peak = 1343.785 ; gain = 0.000
INFO: [Opt 31-389] Phase Constant propagation created 0 cells and removed 0 cells

Phase 7 Sweep
Phase 7 Sweep | Checksum: 13d767c54

Time (s): cpu = 00:00:05 ; elapsed = 00:00:05 . Memory (MB): peak = 1343.785 ; gain = 0.000
INFO: [Opt 31-389] Phase Sweep created 0 cells and removed 0 cells

Phase 8 Remap
Phase 8 Remap | Checksum: 1af5829a7

Time (s): cpu = 00:00:08 ; elapsed = 00:00:08 . Memory (MB): peak = 1343.785 ; gain = 0.000
INFO: [Opt 31-389] Phase Remap created 15 cells and removed 18 cells

Phase 9 Post Processing Netlist
Phase 9 Post Processing Netlist | Checksum: 1fe8b655c

Time (s): cpu = 00:00:08 ; elapsed = 00:00:08 . Memory (MB): peak = 1343.785 ; gain = 0.000
INFO: [Opt 31-389] Phase Post Processing Netlist created 0 cells and removed 0 cells
Opt_design Change Summary
=========================


-------------------------------------------------------------------------------------------------------------------------
|  Phase                        |  #Cells created  |  #Cells Removed  |  #Constrained objects preventing optimizations  |
-------------------------------------------------------------------------------------------------------------------------
|  Retarget                     |               2  |              30  |                                              0  |
|  Constant propagation         |               0  |              19  |                                              0  |
|  BUFG optimization            |               0  |               0  |                                              0  |
|  Shift Register Optimization  |               0  |               0  |                                              0  |
|  Sweep                        |               0  |             165  |                                              0  |
|  Constant propagation         |               0  |               0  |                                              0  |
|  Sweep                        |               0  |               0  |                                              0  |
|  Remap                        |              15  |              18  |                                              0  |
|  Post Processing Netlist      |               0  |               0  |                                              0  |
-------------------------------------------------------------------------------------------------------------------------



Starting Connectivity Check Task

Time (s): cpu = 00:00:00 ; elapsed = 00:00:00.065 . Memory (MB): peak = 1343.785 ; gain = 0.000
Ending Logic Optimization Task | Checksum: 1626f8de9

Time (s): cpu = 00:00:09 ; elapsed = 00:00:09 . Memory (MB): peak = 1343.785 ; gain = 0.000

Starting Power Optimization Task
INFO: [Pwropt 34-132] Skipping clock gating for clocks with a period < 2.00 ns.
Ending Power Optimization Task | Checksum: 1626f8de9

Time (s): cpu = 00:00:00 ; elapsed = 00:00:00.018 . Memory (MB): peak = 1343.785 ; gain = 0.000

Starting Final Cleanup Task
Ending Final Cleanup Task | Checksum: 1626f8de9

Time (s): cpu = 00:00:00 ; elapsed = 00:00:00 . Memory (MB): peak = 1343.785 ; gain = 0.000

Starting Netlist Obfuscation Task
Netlist sorting complete. Time (s): cpu = 00:00:00 ; elapsed = 00:00:00.006 . Memory (MB): peak = 1343.785 ; gain = 0.000
Ending Netlist Obfuscation Task | Checksum: 1626f8de9

Time (s): cpu = 00:00:00 ; elapsed = 00:00:00.006 . Memory (MB): peak = 1343.785 ; gain = 0.000
INFO: [Common 17-83] Releasing license: Implementation
31 Infos, 1 Warnings, 0 Critical Warnings and 0 Errors encountered.
opt_design completed successfully
opt_design: Time (s): cpu = 00:00:21 ; elapsed = 00:00:20 . Memory (MB): peak = 1343.785 ; gain = 642.504
Netlist sorting complete. Time (s): cpu = 00:00:00 ; elapsed = 00:00:00.005 . Memory (MB): peak = 1343.785 ; gain = 0.000
INFO: [Timing 38-480] Writing timing data to binary archive.
Writing placer database...
Writing XDEF routing.
Writing XDEF routing logical nets.
Writing XDEF routing special nets.
Write XDEF Complete: Time (s): cpu = 00:00:01 ; elapsed = 00:00:00.163 . Memory (MB): peak = 1343.785 ; gain = 0.000
Netlist sorting complete. Time (s): cpu = 00:00:00 ; elapsed = 00:00:00.006 . Memory (MB): peak = 1343.785 ; gain = 0.000
INFO: [Common 17-1381] The checkpoint 'B:/Dokumen/CNN_HW/CNN_HW.runs/impl_1/CNN_top_module_wrapper_opt.dcp' has been generated.
INFO: [runtcl-4] Executing : report_drc -file CNN_top_module_wrapper_drc_opted.rpt -pb CNN_top_module_wrapper_drc_opted.pb -rpx CNN_top_module_wrapper_drc_opted.rpx
Command: report_drc -file CNN_top_module_wrapper_drc_opted.rpt -pb CNN_top_module_wrapper_drc_opted.pb -rpx CNN_top_module_wrapper_drc_opted.rpx
INFO: [IP_Flow 19-1839] IP Catalog is up to date.
INFO: [DRC 23-27] Running DRC with 2 threads
WARNING: [Designutils 20-3303] unexpected site type 'IOPAD' in HDPYFinalizeIO
WARNING: [Designutils 20-3303] unexpected site type 'IOPAD' in HDPYFinalizeIO
WARNING: [Designutils 20-3303] unexpected site type 'IOPAD' in HDPYFinalizeIO
WARNING: [Designutils 20-3303] unexpected site type 'IOPAD' in HDPYFinalizeIO
WARNING: [Designutils 20-3303] unexpected site type 'IOPAD' in HDPYFinalizeIO
WARNING: [Designutils 20-3303] unexpected site type 'IOPAD' in HDPYFinalizeIO
WARNING: [Designutils 20-3303] unexpected site type 'IOPAD' in HDPYFinalizeIO
WARNING: [Designutils 20-3303] unexpected site type 'IOPAD' in HDPYFinalizeIO
WARNING: [Designutils 20-3303] unexpected site type 'IOPAD' in HDPYFinalizeIO
WARNING: [Designutils 20-3303] unexpected site type 'IOPAD' in HDPYFinalizeIO
WARNING: [Designutils 20-3303] unexpected site type 'IOPAD' in HDPYFinalizeIO
WARNING: [Designutils 20-3303] unexpected site type 'IOPAD' in HDPYFinalizeIO
WARNING: [Designutils 20-3303] unexpected site type 'IOPAD' in HDPYFinalizeIO
WARNING: [Designutils 20-3303] unexpected site type 'IOPAD' in HDPYFinalizeIO
WARNING: [Designutils 20-3303] unexpected site type 'IOPAD' in HDPYFinalizeIO
WARNING: [Designutils 20-3303] unexpected site type 'IOPAD' in HDPYFinalizeIO
WARNING: [Designutils 20-3303] unexpected site type 'IOPAD' in HDPYFinalizeIO
WARNING: [Designutils 20-3303] unexpected site type 'IOPAD' in HDPYFinalizeIO
WARNING: [Designutils 20-3303] unexpected site type 'IOPAD' in HDPYFinalizeIO
WARNING: [Designutils 20-3303] unexpected site type 'IOPAD' in HDPYFinalizeIO
WARNING: [Designutils 20-3303] unexpected site type 'IOPAD' in HDPYFinalizeIO
WARNING: [Designutils 20-3303] unexpected site type 'IOPAD' in HDPYFinalizeIO
WARNING: [Designutils 20-3303] unexpected site type 'IOPAD' in HDPYFinalizeIO
WARNING: [Designutils 20-3303] unexpected site type 'IOPAD' in HDPYFinalizeIO
WARNING: [Designutils 20-3303] unexpected site type 'IOPAD' in HDPYFinalizeIO
WARNING: [Designutils 20-3303] unexpected site type 'IOPAD' in HDPYFinalizeIO
WARNING: [Designutils 20-3303] unexpected site type 'IOPAD' in HDPYFinalizeIO
WARNING: [Designutils 20-3303] unexpected site type 'IOPAD' in HDPYFinalizeIO
WARNING: [Designutils 20-3303] unexpected site type 'IOPAD' in HDPYFinalizeIO
WARNING: [Designutils 20-3303] unexpected site type 'IOPAD' in HDPYFinalizeIO
WARNING: [Designutils 20-3303] unexpected site type 'IOPAD' in HDPYFinalizeIO
WARNING: [Designutils 20-3303] unexpected site type 'IOPAD' in HDPYFinalizeIO
WARNING: [Designutils 20-3303] unexpected site type 'IOPAD' in HDPYFinalizeIO
WARNING: [Designutils 20-3303] unexpected site type 'IOPAD' in HDPYFinalizeIO
WARNING: [Designutils 20-3303] unexpected site type 'IOPAD' in HDPYFinalizeIO
WARNING: [Designutils 20-3303] unexpected site type 'IOPAD' in HDPYFinalizeIO
WARNING: [Designutils 20-3303] unexpected site type 'IOPAD' in HDPYFinalizeIO
WARNING: [Designutils 20-3303] unexpected site type 'IOPAD' in HDPYFinalizeIO
WARNING: [Designutils 20-3303] unexpected site type 'IOPAD' in HDPYFinalizeIO
WARNING: [Designutils 20-3303] unexpected site type 'IOPAD' in HDPYFinalizeIO
WARNING: [Designutils 20-3303] unexpected site type 'IOPAD' in HDPYFinalizeIO
WARNING: [Designutils 20-3303] unexpected site type 'IOPAD' in HDPYFinalizeIO
WARNING: [Designutils 20-3303] unexpected site type 'IOPAD' in HDPYFinalizeIO
WARNING: [Designutils 20-3303] unexpected site type 'IOPAD' in HDPYFinalizeIO
WARNING: [Designutils 20-3303] unexpected site type 'IOPAD' in HDPYFinalizeIO
WARNING: [Designutils 20-3303] unexpected site type 'IOPAD' in HDPYFinalizeIO
WARNING: [Designutils 20-3303] unexpected site type 'IOPAD' in HDPYFinalizeIO
WARNING: [Designutils 20-3303] unexpected site type 'IOPAD' in HDPYFinalizeIO
WARNING: [Designutils 20-3303] unexpected site type 'IOPAD' in HDPYFinalizeIO
WARNING: [Designutils 20-3303] unexpected site type 'IOPAD' in HDPYFinalizeIO
WARNING: [Designutils 20-3303] unexpected site type 'IOPAD' in HDPYFinalizeIO
WARNING: [Designutils 20-3303] unexpected site type 'IOPAD' in HDPYFinalizeIO
WARNING: [Designutils 20-3303] unexpected site type 'IOPAD' in HDPYFinalizeIO
WARNING: [Designutils 20-3303] unexpected site type 'IOPAD' in HDPYFinalizeIO
WARNING: [Designutils 20-3303] unexpected site type 'IOPAD' in HDPYFinalizeIO
WARNING: [Designutils 20-3303] unexpected site type 'IOPAD' in HDPYFinalizeIO
WARNING: [Designutils 20-3303] unexpected site type 'IOPAD' in HDPYFinalizeIO
WARNING: [Designutils 20-3303] unexpected site type 'IOPAD' in HDPYFinalizeIO
WARNING: [Designutils 20-3303] unexpected site type 'IOPAD' in HDPYFinalizeIO
WARNING: [Designutils 20-3303] unexpected site type 'IOPAD' in HDPYFinalizeIO
WARNING: [Designutils 20-3303] unexpected site type 'IOPAD' in HDPYFinalizeIO
WARNING: [Designutils 20-3303] unexpected site type 'IOPAD' in HDPYFinalizeIO
WARNING: [Designutils 20-3303] unexpected site type 'IOPAD' in HDPYFinalizeIO
WARNING: [Designutils 20-3303] unexpected site type 'IOPAD' in HDPYFinalizeIO
WARNING: [Designutils 20-3303] unexpected site type 'IOPAD' in HDPYFinalizeIO
WARNING: [Designutils 20-3303] unexpected site type 'IOPAD' in HDPYFinalizeIO
WARNING: [Designutils 20-3303] unexpected site type 'IOPAD' in HDPYFinalizeIO
WARNING: [Designutils 20-3303] unexpected site type 'IOPAD' in HDPYFinalizeIO
WARNING: [Designutils 20-3303] unexpected site type 'IOPAD' in HDPYFinalizeIO
WARNING: [Designutils 20-3303] unexpected site type 'IOPAD' in HDPYFinalizeIO
WARNING: [Designutils 20-3303] unexpected site type 'IOPAD' in HDPYFinalizeIO
WARNING: [Designutils 20-3303] unexpected site type 'IOPAD' in HDPYFinalizeIO
WARNING: [Designutils 20-3303] unexpected site type 'IOPAD' in HDPYFinalizeIO
WARNING: [Designutils 20-3303] unexpected site type 'IOPAD' in HDPYFinalizeIO
WARNING: [Designutils 20-3303] unexpected site type 'IOPAD' in HDPYFinalizeIO
WARNING: [Designutils 20-3303] unexpected site type 'IOPAD' in HDPYFinalizeIO
WARNING: [Designutils 20-3303] unexpected site type 'IOPAD' in HDPYFinalizeIO
WARNING: [Designutils 20-3303] unexpected site type 'IOPAD' in HDPYFinalizeIO
WARNING: [Designutils 20-3303] unexpected site type 'IOPAD' in HDPYFinalizeIO
WARNING: [Designutils 20-3303] unexpected site type 'IOPAD' in HDPYFinalizeIO
WARNING: [Designutils 20-3303] unexpected site type 'IOPAD' in HDPYFinalizeIO
WARNING: [Designutils 20-3303] unexpected site type 'IOPAD' in HDPYFinalizeIO
WARNING: [Designutils 20-3303] unexpected site type 'IOPAD' in HDPYFinalizeIO
WARNING: [Designutils 20-3303] unexpected site type 'IOPAD' in HDPYFinalizeIO
WARNING: [Designutils 20-3303] unexpected site type 'IOPAD' in HDPYFinalizeIO
WARNING: [Designutils 20-3303] unexpected site type 'IOPAD' in HDPYFinalizeIO
WARNING: [Designutils 20-3303] unexpected site type 'IOPAD' in HDPYFinalizeIO
WARNING: [Designutils 20-3303] unexpected site type 'IOPAD' in HDPYFinalizeIO
WARNING: [Designutils 20-3303] unexpected site type 'IOPAD' in HDPYFinalizeIO
WARNING: [Designutils 20-3303] unexpected site type 'IOPAD' in HDPYFinalizeIO
WARNING: [Designutils 20-3303] unexpected site type 'IOPAD' in HDPYFinalizeIO
WARNING: [Designutils 20-3303] unexpected site type 'IOPAD' in HDPYFinalizeIO
WARNING: [Designutils 20-3303] unexpected site type 'IOPAD' in HDPYFinalizeIO
WARNING: [Designutils 20-3303] unexpected site type 'IOPAD' in HDPYFinalizeIO
WARNING: [Designutils 20-3303] unexpected site type 'IOPAD' in HDPYFinalizeIO
WARNING: [Designutils 20-3303] unexpected site type 'IOPAD' in HDPYFinalizeIO
WARNING: [Designutils 20-3303] unexpected site type 'IOPAD' in HDPYFinalizeIO
WARNING: [Designutils 20-3303] unexpected site type 'IOPAD' in HDPYFinalizeIO
WARNING: [Designutils 20-3303] unexpected site type 'IOPAD' in HDPYFinalizeIO
WARNING: [Designutils 20-3303] unexpected site type 'IOPAD' in HDPYFinalizeIO
INFO: [Common 17-14] Message 'Designutils 20-3303' appears 100 times and further instances of the messages will be disabled. Use the Tcl command set_msg_config to change the current settings.
INFO: [Coretcl 2-168] The results of DRC are in file B:/Dokumen/CNN_HW/CNN_HW.runs/impl_1/CNN_top_module_wrapper_drc_opted.rpt.
report_drc completed successfully
Command: place_design -directive Explore
Attempting to get a license for feature 'Implementation' and/or device 'xc7z010'
INFO: [Common 17-349] Got license for feature 'Implementation' and/or device 'xc7z010'
INFO: [DRC 23-27] Running DRC with 2 threads
INFO: [Vivado_Tcl 4-198] DRC finished with 0 Errors
INFO: [Vivado_Tcl 4-199] Please refer to the DRC report (report_drc) for more information.
Running DRC as a precondition to command place_design
INFO: [DRC 23-27] Running DRC with 2 threads
INFO: [Vivado_Tcl 4-198] DRC finished with 0 Errors
INFO: [Vivado_Tcl 4-199] Please refer to the DRC report (report_drc) for more information.

Starting Placer Task
INFO: [Place 46-5] The placer was invoked with the 'Explore' directive.
INFO: [Place 30-611] Multithreading enabled for place_design using a maximum of 2 CPUs

Phase 1 Placer Initialization

Phase 1.1 Placer Initialization Netlist Sorting
Netlist sorting complete. Time (s): cpu = 00:00:00 ; elapsed = 00:00:00.006 . Memory (MB): peak = 1343.785 ; gain = 0.000
Phase 1.1 Placer Initialization Netlist Sorting | Checksum: 14300e421

Time (s): cpu = 00:00:00 ; elapsed = 00:00:00.015 . Memory (MB): peak = 1343.785 ; gain = 0.000
Netlist sorting complete. Time (s): cpu = 00:00:00 ; elapsed = 00:00:00.006 . Memory (MB): peak = 1343.785 ; gain = 0.000

Phase 1.2 IO Placement/ Clock Placement/ Build Placer Device
INFO: [Timing 38-35] Done setting XDC timing constraints.
Phase 1.2 IO Placement/ Clock Placement/ Build Placer Device | Checksum: 17efd3233

Time (s): cpu = 00:00:04 ; elapsed = 00:00:03 . Memory (MB): peak = 1345.598 ; gain = 1.813

Phase 1.3 Build Placer Netlist Model
Phase 1.3 Build Placer Netlist Model | Checksum: 1b2ea0d69

Time (s): cpu = 00:00:10 ; elapsed = 00:00:08 . Memory (MB): peak = 1466.160 ; gain = 122.375

Phase 1.4 Constrain Clocks/Macros
Phase 1.4 Constrain Clocks/Macros | Checksum: 1b2ea0d69

Time (s): cpu = 00:00:10 ; elapsed = 00:00:08 . Memory (MB): peak = 1466.160 ; gain = 122.375
Phase 1 Placer Initialization | Checksum: 1b2ea0d69

Time (s): cpu = 00:00:10 ; elapsed = 00:00:08 . Memory (MB): peak = 1466.160 ; gain = 122.375

Phase 2 Global Placement

Phase 2.1 Floorplanning
Phase 2.1 Floorplanning | Checksum: ee6330c1

Time (s): cpu = 00:00:12 ; elapsed = 00:00:09 . Memory (MB): peak = 1466.160 ; gain = 122.375

Phase 2.2 Physical Synthesis In Placer
INFO: [Physopt 32-65] No nets found for high-fanout optimization.
INFO: [Physopt 32-232] Optimized 0 net. Created 0 new instance.
INFO: [Physopt 32-775] End 1 Pass. Optimized 0 net or cell. Created 0 new cell, deleted 0 existing cell and moved 0 existing cell
INFO: [Physopt 32-670] No setup violation found.  DSP Register Optimization was not performed.
INFO: [Physopt 32-670] No setup violation found.  Shift Register Optimization was not performed.
INFO: [Physopt 32-670] No setup violation found.  BRAM Register Optimization was not performed.
INFO: [Physopt 32-949] No candidate nets found for HD net replication
INFO: [Physopt 32-775] End 1 Pass. Optimized 0 net or cell. Created 0 new cell, deleted 0 existing cell and moved 0 existing cell
Netlist sorting complete. Time (s): cpu = 00:00:00 ; elapsed = 00:00:00.017 . Memory (MB): peak = 1466.160 ; gain = 0.000

Summary of Physical Synthesis Optimizations
============================================


----------------------------------------------------------------------------------------------------------------------------------------
|  Optimization                  |  Added Cells  |  Removed Cells  |  Optimized Cells/Nets  |  Dont Touch  |  Iterations  |  Elapsed   |
----------------------------------------------------------------------------------------------------------------------------------------
|  Very High Fanout              |            0  |              0  |                     0  |           0  |           1  |  00:00:00  |
|  DSP Register                  |            0  |              0  |                     0  |           0  |           0  |  00:00:00  |
|  Shift Register                |            0  |              0  |                     0  |           0  |           0  |  00:00:00  |
|  BRAM Register                 |            0  |              0  |                     0  |           0  |           0  |  00:00:00  |
|  HD Interface Net Replication  |            0  |              0  |                     0  |           0  |           1  |  00:00:00  |
|  Total                         |            0  |              0  |                     0  |           0  |           2  |  00:00:00  |
----------------------------------------------------------------------------------------------------------------------------------------


Phase 2.2 Physical Synthesis In Placer | Checksum: 1869b0896

Time (s): cpu = 00:00:48 ; elapsed = 00:00:33 . Memory (MB): peak = 1466.160 ; gain = 122.375
Phase 2 Global Placement | Checksum: 103c8633d

Time (s): cpu = 00:00:49 ; elapsed = 00:00:34 . Memory (MB): peak = 1466.160 ; gain = 122.375

Phase 3 Detail Placement

Phase 3.1 Commit Multi Column Macros
Phase 3.1 Commit Multi Column Macros | Checksum: 103c8633d

Time (s): cpu = 00:00:49 ; elapsed = 00:00:34 . Memory (MB): peak = 1466.160 ; gain = 122.375

Phase 3.2 Commit Most Macros & LUTRAMs
Phase 3.2 Commit Most Macros & LUTRAMs | Checksum: 122247a1a

Time (s): cpu = 00:00:57 ; elapsed = 00:00:39 . Memory (MB): peak = 1466.160 ; gain = 122.375

Phase 3.3 Area Swap Optimization
Phase 3.3 Area Swap Optimization | Checksum: 1308d6901

Time (s): cpu = 00:00:57 ; elapsed = 00:00:39 . Memory (MB): peak = 1466.160 ; gain = 122.375

Phase 3.4 Pipeline Register Optimization
Phase 3.4 Pipeline Register Optimization | Checksum: 867e6e96

Time (s): cpu = 00:00:57 ; elapsed = 00:00:39 . Memory (MB): peak = 1466.160 ; gain = 122.375

Phase 3.5 Small Shape Detail Placement
Phase 3.5 Small Shape Detail Placement | Checksum: 1b61b5aa8

Time (s): cpu = 00:01:07 ; elapsed = 00:00:48 . Memory (MB): peak = 1466.160 ; gain = 122.375

Phase 3.6 Re-assign LUT pins
Phase 3.6 Re-assign LUT pins | Checksum: 13786565a

Time (s): cpu = 00:01:08 ; elapsed = 00:00:50 . Memory (MB): peak = 1466.160 ; gain = 122.375

Phase 3.7 Pipeline Register Optimization
Phase 3.7 Pipeline Register Optimization | Checksum: ce756ecd

Time (s): cpu = 00:01:09 ; elapsed = 00:00:50 . Memory (MB): peak = 1466.160 ; gain = 122.375
Phase 3 Detail Placement | Checksum: ce756ecd

Time (s): cpu = 00:01:09 ; elapsed = 00:00:50 . Memory (MB): peak = 1466.160 ; gain = 122.375

Phase 4 Post Placement Optimization and Clean-Up

Phase 4.1 Post Commit Optimization
INFO: [Timing 38-35] Done setting XDC timing constraints.

Phase 4.1.1 Post Placement Optimization
Post Placement Optimization Initialization | Checksum: 18bd4a736

Phase 4.1.1.1 BUFG Insertion
INFO: [Place 46-33] Processed net CNN_top_module_i/axi_cnn_0/inst/coreInstance/multxPrime/mult28/ACTIVE_LOW_PR_OUT_DFF[0].FDRE_PER_N, BUFG insertion was skipped due to placement/routing conflicts.
INFO: [Place 46-46] BUFG insertion identified 1 candidate nets, 0 success, 0 bufg driver replicated, 1 skipped for placement/routing, 0 skipped for timing, 0 skipped for netlist change reason
Phase 4.1.1.1 BUFG Insertion | Checksum: 18bd4a736

Time (s): cpu = 00:01:17 ; elapsed = 00:00:56 . Memory (MB): peak = 1473.371 ; gain = 129.586
INFO: [Place 30-746] Post Placement Timing Summary WNS=0.788. For the most accurate timing information please run report_timing.
Phase 4.1.1 Post Placement Optimization | Checksum: 102373d37

Time (s): cpu = 00:01:18 ; elapsed = 00:00:56 . Memory (MB): peak = 1473.371 ; gain = 129.586
Phase 4.1 Post Commit Optimization | Checksum: 102373d37

Time (s): cpu = 00:01:18 ; elapsed = 00:00:56 . Memory (MB): peak = 1473.371 ; gain = 129.586

Phase 4.2 Post Placement Cleanup
Phase 4.2 Post Placement Cleanup | Checksum: 102373d37

Time (s): cpu = 00:01:18 ; elapsed = 00:00:56 . Memory (MB): peak = 1473.371 ; gain = 129.586

Phase 4.3 Placer Reporting
Phase 4.3 Placer Reporting | Checksum: 102373d37

Time (s): cpu = 00:01:18 ; elapsed = 00:00:56 . Memory (MB): peak = 1473.371 ; gain = 129.586

Phase 4.4 Final Placement Cleanup
Netlist sorting complete. Time (s): cpu = 00:00:00 ; elapsed = 00:00:00.006 . Memory (MB): peak = 1473.371 ; gain = 0.000
Phase 4.4 Final Placement Cleanup | Checksum: 13f8c84d9

Time (s): cpu = 00:01:18 ; elapsed = 00:00:56 . Memory (MB): peak = 1473.371 ; gain = 129.586
Phase 4 Post Placement Optimization and Clean-Up | Checksum: 13f8c84d9

Time (s): cpu = 00:01:18 ; elapsed = 00:00:57 . Memory (MB): peak = 1473.371 ; gain = 129.586
Ending Placer Task | Checksum: 118b3e1f5

Time (s): cpu = 00:01:18 ; elapsed = 00:00:57 . Memory (MB): peak = 1473.371 ; gain = 129.586
INFO: [Common 17-83] Releasing license: Implementation
61 Infos, 101 Warnings, 0 Critical Warnings and 0 Errors encountered.
place_design completed successfully
place_design: Time (s): cpu = 00:01:22 ; elapsed = 00:00:58 . Memory (MB): peak = 1473.371 ; gain = 129.586
Netlist sorting complete. Time (s): cpu = 00:00:00 ; elapsed = 00:00:00.006 . Memory (MB): peak = 1473.371 ; gain = 0.000
INFO: [Timing 38-480] Writing timing data to binary archive.
Writing placer database...
Netlist sorting complete. Time (s): cpu = 00:00:00 ; elapsed = 00:00:00.011 . Memory (MB): peak = 1476.223 ; gain = 0.000
Writing XDEF routing.
Writing XDEF routing logical nets.
Writing XDEF routing special nets.
Write XDEF Complete: Time (s): cpu = 00:00:06 ; elapsed = 00:00:02 . Memory (MB): peak = 1476.227 ; gain = 2.855
INFO: [Common 17-1381] The checkpoint 'B:/Dokumen/CNN_HW/CNN_HW.runs/impl_1/CNN_top_module_wrapper_placed.dcp' has been generated.
INFO: [runtcl-4] Executing : report_io -file CNN_top_module_wrapper_io_placed.rpt
report_io: Time (s): cpu = 00:00:00 ; elapsed = 00:00:00.051 . Memory (MB): peak = 1476.227 ; gain = 0.000
INFO: [runtcl-4] Executing : report_utilization -file CNN_top_module_wrapper_utilization_placed.rpt -pb CNN_top_module_wrapper_utilization_placed.pb
INFO: [runtcl-4] Executing : report_control_sets -verbose -file CNN_top_module_wrapper_control_sets_placed.rpt
report_control_sets: Time (s): cpu = 00:00:00 ; elapsed = 00:00:00.046 . Memory (MB): peak = 1476.227 ; gain = 0.000
Command: phys_opt_design -directive Explore
Attempting to get a license for feature 'Implementation' and/or device 'xc7z010'
INFO: [Common 17-349] Got license for feature 'Implementation' and/or device 'xc7z010'
INFO: [Vivado_Tcl 4-137] Directive used for phys_opt_design is: Explore
INFO: [Vivado_Tcl 4-383] Design worst setup slack (WNS) is greater than or equal to 0.250 ns. Skipping all physical synthesis optimizations.
INFO: [Vivado_Tcl 4-232] No setup violation found. The netlist was not modified.
INFO: [Common 17-83] Releasing license: Implementation
71 Infos, 101 Warnings, 0 Critical Warnings and 0 Errors encountered.
phys_opt_design completed successfully
Netlist sorting complete. Time (s): cpu = 00:00:00 ; elapsed = 00:00:00.005 . Memory (MB): peak = 1498.832 ; gain = 0.000
INFO: [Timing 38-480] Writing timing data to binary archive.
Writing placer database...
Netlist sorting complete. Time (s): cpu = 00:00:01 ; elapsed = 00:00:00.011 . Memory (MB): peak = 1505.750 ; gain = 0.000
Writing XDEF routing.
Writing XDEF routing logical nets.
Writing XDEF routing special nets.
Write XDEF Complete: Time (s): cpu = 00:00:07 ; elapsed = 00:00:03 . Memory (MB): peak = 1505.750 ; gain = 6.918
INFO: [Common 17-1381] The checkpoint 'B:/Dokumen/CNN_HW/CNN_HW.runs/impl_1/CNN_top_module_wrapper_physopt.dcp' has been generated.
Command: route_design -directive NoTimingRelaxation -tns_cleanup
Attempting to get a license for feature 'Implementation' and/or device 'xc7z010'
INFO: [Common 17-349] Got license for feature 'Implementation' and/or device 'xc7z010'
Running DRC as a precondition to command route_design
INFO: [DRC 23-27] Running DRC with 2 threads
WARNING: [Designutils 20-3303] unexpected site type 'IOPAD' in HDPYFinalizeIO
WARNING: [Designutils 20-3303] unexpected site type 'IOPAD' in HDPYFinalizeIO
WARNING: [Designutils 20-3303] unexpected site type 'IOPAD' in HDPYFinalizeIO
WARNING: [Designutils 20-3303] unexpected site type 'IOPAD' in HDPYFinalizeIO
WARNING: [Designutils 20-3303] unexpected site type 'IOPAD' in HDPYFinalizeIO
WARNING: [Designutils 20-3303] unexpected site type 'IOPAD' in HDPYFinalizeIO
WARNING: [Designutils 20-3303] unexpected site type 'IOPAD' in HDPYFinalizeIO
WARNING: [Designutils 20-3303] unexpected site type 'IOPAD' in HDPYFinalizeIO
WARNING: [Designutils 20-3303] unexpected site type 'IOPAD' in HDPYFinalizeIO
WARNING: [Designutils 20-3303] unexpected site type 'IOPAD' in HDPYFinalizeIO
WARNING: [Designutils 20-3303] unexpected site type 'IOPAD' in HDPYFinalizeIO
WARNING: [Designutils 20-3303] unexpected site type 'IOPAD' in HDPYFinalizeIO
WARNING: [Designutils 20-3303] unexpected site type 'IOPAD' in HDPYFinalizeIO
WARNING: [Designutils 20-3303] unexpected site type 'IOPAD' in HDPYFinalizeIO
WARNING: [Designutils 20-3303] unexpected site type 'IOPAD' in HDPYFinalizeIO
WARNING: [Designutils 20-3303] unexpected site type 'IOPAD' in HDPYFinalizeIO
WARNING: [Designutils 20-3303] unexpected site type 'IOPAD' in HDPYFinalizeIO
WARNING: [Designutils 20-3303] unexpected site type 'IOPAD' in HDPYFinalizeIO
WARNING: [Designutils 20-3303] unexpected site type 'IOPAD' in HDPYFinalizeIO
WARNING: [Designutils 20-3303] unexpected site type 'IOPAD' in HDPYFinalizeIO
WARNING: [Designutils 20-3303] unexpected site type 'IOPAD' in HDPYFinalizeIO
WARNING: [Designutils 20-3303] unexpected site type 'IOPAD' in HDPYFinalizeIO
WARNING: [Designutils 20-3303] unexpected site type 'IOPAD' in HDPYFinalizeIO
WARNING: [Designutils 20-3303] unexpected site type 'IOPAD' in HDPYFinalizeIO
WARNING: [Designutils 20-3303] unexpected site type 'IOPAD' in HDPYFinalizeIO
WARNING: [Designutils 20-3303] unexpected site type 'IOPAD' in HDPYFinalizeIO
WARNING: [Designutils 20-3303] unexpected site type 'IOPAD' in HDPYFinalizeIO
WARNING: [Designutils 20-3303] unexpected site type 'IOPAD' in HDPYFinalizeIO
WARNING: [Designutils 20-3303] unexpected site type 'IOPAD' in HDPYFinalizeIO
WARNING: [Designutils 20-3303] unexpected site type 'IOPAD' in HDPYFinalizeIO
WARNING: [Designutils 20-3303] unexpected site type 'IOPAD' in HDPYFinalizeIO
WARNING: [Designutils 20-3303] unexpected site type 'IOPAD' in HDPYFinalizeIO
WARNING: [Designutils 20-3303] unexpected site type 'IOPAD' in HDPYFinalizeIO
WARNING: [Designutils 20-3303] unexpected site type 'IOPAD' in HDPYFinalizeIO
WARNING: [Designutils 20-3303] unexpected site type 'IOPAD' in HDPYFinalizeIO
WARNING: [Designutils 20-3303] unexpected site type 'IOPAD' in HDPYFinalizeIO
WARNING: [Designutils 20-3303] unexpected site type 'IOPAD' in HDPYFinalizeIO
WARNING: [Designutils 20-3303] unexpected site type 'IOPAD' in HDPYFinalizeIO
WARNING: [Designutils 20-3303] unexpected site type 'IOPAD' in HDPYFinalizeIO
WARNING: [Designutils 20-3303] unexpected site type 'IOPAD' in HDPYFinalizeIO
WARNING: [Designutils 20-3303] unexpected site type 'IOPAD' in HDPYFinalizeIO
WARNING: [Designutils 20-3303] unexpected site type 'IOPAD' in HDPYFinalizeIO
WARNING: [Designutils 20-3303] unexpected site type 'IOPAD' in HDPYFinalizeIO
WARNING: [Designutils 20-3303] unexpected site type 'IOPAD' in HDPYFinalizeIO
WARNING: [Designutils 20-3303] unexpected site type 'IOPAD' in HDPYFinalizeIO
WARNING: [Designutils 20-3303] unexpected site type 'IOPAD' in HDPYFinalizeIO
WARNING: [Designutils 20-3303] unexpected site type 'IOPAD' in HDPYFinalizeIO
WARNING: [Designutils 20-3303] unexpected site type 'IOPAD' in HDPYFinalizeIO
WARNING: [Designutils 20-3303] unexpected site type 'IOPAD' in HDPYFinalizeIO
WARNING: [Designutils 20-3303] unexpected site type 'IOPAD' in HDPYFinalizeIO
WARNING: [Designutils 20-3303] unexpected site type 'IOPAD' in HDPYFinalizeIO
WARNING: [Designutils 20-3303] unexpected site type 'IOPAD' in HDPYFinalizeIO
WARNING: [Designutils 20-3303] unexpected site type 'IOPAD' in HDPYFinalizeIO
WARNING: [Designutils 20-3303] unexpected site type 'IOPAD' in HDPYFinalizeIO
WARNING: [Designutils 20-3303] unexpected site type 'IOPAD' in HDPYFinalizeIO
WARNING: [Designutils 20-3303] unexpected site type 'IOPAD' in HDPYFinalizeIO
WARNING: [Designutils 20-3303] unexpected site type 'IOPAD' in HDPYFinalizeIO
WARNING: [Designutils 20-3303] unexpected site type 'IOPAD' in HDPYFinalizeIO
WARNING: [Designutils 20-3303] unexpected site type 'IOPAD' in HDPYFinalizeIO
WARNING: [Designutils 20-3303] unexpected site type 'IOPAD' in HDPYFinalizeIO
WARNING: [Designutils 20-3303] unexpected site type 'IOPAD' in HDPYFinalizeIO
WARNING: [Designutils 20-3303] unexpected site type 'IOPAD' in HDPYFinalizeIO
WARNING: [Designutils 20-3303] unexpected site type 'IOPAD' in HDPYFinalizeIO
WARNING: [Designutils 20-3303] unexpected site type 'IOPAD' in HDPYFinalizeIO
WARNING: [Designutils 20-3303] unexpected site type 'IOPAD' in HDPYFinalizeIO
WARNING: [Designutils 20-3303] unexpected site type 'IOPAD' in HDPYFinalizeIO
WARNING: [Designutils 20-3303] unexpected site type 'IOPAD' in HDPYFinalizeIO
WARNING: [Designutils 20-3303] unexpected site type 'IOPAD' in HDPYFinalizeIO
WARNING: [Designutils 20-3303] unexpected site type 'IOPAD' in HDPYFinalizeIO
WARNING: [Designutils 20-3303] unexpected site type 'IOPAD' in HDPYFinalizeIO
WARNING: [Designutils 20-3303] unexpected site type 'IOPAD' in HDPYFinalizeIO
WARNING: [Designutils 20-3303] unexpected site type 'IOPAD' in HDPYFinalizeIO
WARNING: [Designutils 20-3303] unexpected site type 'IOPAD' in HDPYFinalizeIO
WARNING: [Designutils 20-3303] unexpected site type 'IOPAD' in HDPYFinalizeIO
WARNING: [Designutils 20-3303] unexpected site type 'IOPAD' in HDPYFinalizeIO
WARNING: [Designutils 20-3303] unexpected site type 'IOPAD' in HDPYFinalizeIO
WARNING: [Designutils 20-3303] unexpected site type 'IOPAD' in HDPYFinalizeIO
WARNING: [Designutils 20-3303] unexpected site type 'IOPAD' in HDPYFinalizeIO
WARNING: [Designutils 20-3303] unexpected site type 'IOPAD' in HDPYFinalizeIO
WARNING: [Designutils 20-3303] unexpected site type 'IOPAD' in HDPYFinalizeIO
WARNING: [Designutils 20-3303] unexpected site type 'IOPAD' in HDPYFinalizeIO
WARNING: [Designutils 20-3303] unexpected site type 'IOPAD' in HDPYFinalizeIO
WARNING: [Designutils 20-3303] unexpected site type 'IOPAD' in HDPYFinalizeIO
WARNING: [Designutils 20-3303] unexpected site type 'IOPAD' in HDPYFinalizeIO
WARNING: [Designutils 20-3303] unexpected site type 'IOPAD' in HDPYFinalizeIO
WARNING: [Designutils 20-3303] unexpected site type 'IOPAD' in HDPYFinalizeIO
WARNING: [Designutils 20-3303] unexpected site type 'IOPAD' in HDPYFinalizeIO
WARNING: [Designutils 20-3303] unexpected site type 'IOPAD' in HDPYFinalizeIO
WARNING: [Designutils 20-3303] unexpected site type 'IOPAD' in HDPYFinalizeIO
WARNING: [Designutils 20-3303] unexpected site type 'IOPAD' in HDPYFinalizeIO
WARNING: [Designutils 20-3303] unexpected site type 'IOPAD' in HDPYFinalizeIO
WARNING: [Designutils 20-3303] unexpected site type 'IOPAD' in HDPYFinalizeIO
WARNING: [Designutils 20-3303] unexpected site type 'IOPAD' in HDPYFinalizeIO
WARNING: [Designutils 20-3303] unexpected site type 'IOPAD' in HDPYFinalizeIO
WARNING: [Designutils 20-3303] unexpected site type 'IOPAD' in HDPYFinalizeIO
WARNING: [Designutils 20-3303] unexpected site type 'IOPAD' in HDPYFinalizeIO
WARNING: [Designutils 20-3303] unexpected site type 'IOPAD' in HDPYFinalizeIO
WARNING: [Designutils 20-3303] unexpected site type 'IOPAD' in HDPYFinalizeIO
WARNING: [Designutils 20-3303] unexpected site type 'IOPAD' in HDPYFinalizeIO
WARNING: [Designutils 20-3303] unexpected site type 'IOPAD' in HDPYFinalizeIO
INFO: [Common 17-14] Message 'Designutils 20-3303' appears 100 times and further instances of the messages will be disabled. Use the Tcl command set_msg_config to change the current settings.
INFO: [Vivado_Tcl 4-198] DRC finished with 0 Errors
INFO: [Vivado_Tcl 4-199] Please refer to the DRC report (report_drc) for more information.


Starting Routing Task
INFO: [Route 35-270] Using Router directive 'NoTimingRelaxation'.
INFO: [Route 35-254] Multithreading enabled for route_design using a maximum of 2 CPUs
Checksum: PlaceDB: 478aaa5f ConstDB: 0 ShapeSum: d1293796 RouteDB: 0

Phase 1 Build RT Design
Phase 1 Build RT Design | Checksum: e01b8ee6

Time (s): cpu = 00:00:16 ; elapsed = 00:00:12 . Memory (MB): peak = 1567.316 ; gain = 54.500
Post Restoration Checksum: NetGraph: 427cdbd8 NumContArr: 9d9eb30e Constraints: 0 Timing: 0

Phase 2 Router Initialization

Phase 2.1 Create Timer
Phase 2.1 Create Timer | Checksum: e01b8ee6

Time (s): cpu = 00:00:16 ; elapsed = 00:00:12 . Memory (MB): peak = 1567.316 ; gain = 54.500

Phase 2.2 Fix Topology Constraints
Phase 2.2 Fix Topology Constraints | Checksum: e01b8ee6

Time (s): cpu = 00:00:17 ; elapsed = 00:00:12 . Memory (MB): peak = 1569.145 ; gain = 56.328

Phase 2.3 Pre Route Cleanup
Phase 2.3 Pre Route Cleanup | Checksum: e01b8ee6

Time (s): cpu = 00:00:17 ; elapsed = 00:00:12 . Memory (MB): peak = 1569.145 ; gain = 56.328
 Number of Nodes with overlaps = 0

Phase 2.4 Update Timing
Phase 2.4 Update Timing | Checksum: 11be903a1

Time (s): cpu = 00:00:27 ; elapsed = 00:00:20 . Memory (MB): peak = 1592.590 ; gain = 79.773
INFO: [Route 35-416] Intermediate Timing Summary | WNS=1.379  | TNS=0.000  | WHS=-1.486 | THS=-6765.047|

Phase 2 Router Initialization | Checksum: 15fecb6c4

Time (s): cpu = 00:00:30 ; elapsed = 00:00:22 . Memory (MB): peak = 1701.633 ; gain = 188.816

Phase 3 Initial Routing
Phase 3 Initial Routing | Checksum: 118d1dc88

Time (s): cpu = 00:00:47 ; elapsed = 00:00:33 . Memory (MB): peak = 1719.891 ; gain = 207.074

Phase 4 Rip-up And Reroute

Phase 4.1 Global Iteration 0
 Number of Nodes with overlaps = 16094
 Number of Nodes with overlaps = 6027
INFO: [Route 35-416] Intermediate Timing Summary | WNS=0.107  | TNS=0.000  | WHS=N/A    | THS=N/A    |

WARNING: [Route 35-447] Congestion is preventing the router from routing all nets. The router will prioritize the successful completion of routing all nets over timing optimizations.
Phase 4.1 Global Iteration 0 | Checksum: eda8178e

Time (s): cpu = 00:06:04 ; elapsed = 00:03:31 . Memory (MB): peak = 1743.387 ; gain = 230.570

Phase 4.2 Global Iteration 1
 Number of Nodes with overlaps = 10259
 Number of Nodes with overlaps = 6884
 Number of Nodes with overlaps = 3409
 Number of Nodes with overlaps = 1867
 Number of Nodes with overlaps = 1172
 Number of Nodes with overlaps = 624
 Number of Nodes with overlaps = 520
 Number of Nodes with overlaps = 289
 Number of Nodes with overlaps = 163
 Number of Nodes with overlaps = 103
 Number of Nodes with overlaps = 82
 Number of Nodes with overlaps = 71
 Number of Nodes with overlaps = 41
 Number of Nodes with overlaps = 23
 Number of Nodes with overlaps = 8
 Number of Nodes with overlaps = 7
 Number of Nodes with overlaps = 5
 Number of Nodes with overlaps = 3
 Number of Nodes with overlaps = 3
 Number of Nodes with overlaps = 4
 Number of Nodes with overlaps = 2
 Number of Nodes with overlaps = 0
INFO: [Route 35-416] Intermediate Timing Summary | WNS=0.370  | TNS=0.000  | WHS=N/A    | THS=N/A    |

Phase 4.2 Global Iteration 1 | Checksum: 18e570a25

Time (s): cpu = 00:13:33 ; elapsed = 00:08:03 . Memory (MB): peak = 1749.781 ; gain = 236.965

Phase 4.3 Global Iteration 2
 Number of Nodes with overlaps = 54
 Number of Nodes with overlaps = 883
 Number of Nodes with overlaps = 1715
 Number of Nodes with overlaps = 1912
 Number of Nodes with overlaps = 2016
 Number of Nodes with overlaps = 1609
 Number of Nodes with overlaps = 1369
 Number of Nodes with overlaps = 991
 Number of Nodes with overlaps = 663
 Number of Nodes with overlaps = 544
 Number of Nodes with overlaps = 406
 Number of Nodes with overlaps = 327
 Number of Nodes with overlaps = 296
Phase 4.3 Global Iteration 2 | Checksum: 1a337d952

Time (s): cpu = 00:29:34 ; elapsed = 00:17:09 . Memory (MB): peak = 1767.887 ; gain = 255.070
Phase 4 Rip-up And Reroute | Checksum: 1a337d952

Time (s): cpu = 00:29:34 ; elapsed = 00:17:10 . Memory (MB): peak = 1767.887 ; gain = 255.070

Phase 5 Delay and Skew Optimization

Phase 5.1 TNS Cleanup

Phase 5.1.1 Delay CleanUp

Phase 5.1.1.1 Update Timing
Phase 5.1.1.1 Update Timing | Checksum: 12675e4c9

Time (s): cpu = 00:29:36 ; elapsed = 00:17:11 . Memory (MB): peak = 1767.887 ; gain = 255.070
INFO: [Route 35-416] Intermediate Timing Summary | WNS=0.370  | TNS=0.000  | WHS=N/A    | THS=N/A    |

Phase 5.1.1 Delay CleanUp | Checksum: 12675e4c9

Time (s): cpu = 00:29:36 ; elapsed = 00:17:11 . Memory (MB): peak = 1767.887 ; gain = 255.070
Phase 5.1 TNS Cleanup | Checksum: 12675e4c9

Time (s): cpu = 00:29:36 ; elapsed = 00:17:11 . Memory (MB): peak = 1767.887 ; gain = 255.070

Phase 5.2 Clock Skew Optimization
Phase 5.2 Clock Skew Optimization | Checksum: 12675e4c9

Time (s): cpu = 00:29:36 ; elapsed = 00:17:11 . Memory (MB): peak = 1767.887 ; gain = 255.070
Phase 5 Delay and Skew Optimization | Checksum: 12675e4c9

Time (s): cpu = 00:29:37 ; elapsed = 00:17:12 . Memory (MB): peak = 1767.887 ; gain = 255.070

Phase 6 Post Hold Fix

Phase 6.1 Hold Fix Iter

Phase 6.1.1 Update Timing
Phase 6.1.1 Update Timing | Checksum: 199258e1f

Time (s): cpu = 00:29:38 ; elapsed = 00:17:13 . Memory (MB): peak = 1767.887 ; gain = 255.070
INFO: [Route 35-416] Intermediate Timing Summary | WNS=0.370  | TNS=0.000  | WHS=0.055  | THS=0.000  |

Phase 6.1 Hold Fix Iter | Checksum: 204d06c43

Time (s): cpu = 00:29:38 ; elapsed = 00:17:13 . Memory (MB): peak = 1767.887 ; gain = 255.070
Phase 6 Post Hold Fix | Checksum: 204d06c43

Time (s): cpu = 00:29:38 ; elapsed = 00:17:13 . Memory (MB): peak = 1767.887 ; gain = 255.070

Phase 7 Route finalize

Router Utilization Summary
  Global Vertical Routing Utilization    = 58.4814 %
  Global Horizontal Routing Utilization  = 56.2964 %
  Routable Net Status*
  *Does not include unroutable nets such as driverless and loadless.
  Run report_route_status for detailed report.
  Number of Failed Nets               = 0
  Number of Unrouted Nets             = 0
  Number of Partially Routed Nets     = 0
  Number of Node Overlaps             = 0

Phase 7 Route finalize | Checksum: 1395e06ac

Time (s): cpu = 00:29:38 ; elapsed = 00:17:13 . Memory (MB): peak = 1767.887 ; gain = 255.070

Phase 8 Verifying routed nets

 Verification completed successfully
Phase 8 Verifying routed nets | Checksum: 1395e06ac

Time (s): cpu = 00:29:39 ; elapsed = 00:17:13 . Memory (MB): peak = 1767.887 ; gain = 255.070

Phase 9 Depositing Routes
Phase 9 Depositing Routes | Checksum: 1595f685f

Time (s): cpu = 00:29:41 ; elapsed = 00:17:16 . Memory (MB): peak = 1767.887 ; gain = 255.070

Phase 10 Post Router Timing
INFO: [Route 35-20] Post Routing Timing Summary | WNS=0.411  | TNS=0.000  | WHS=0.058  | THS=0.000  |

INFO: [Route 35-61] The design met the timing requirement.
Phase 10 Post Router Timing | Checksum: 1a7109c0b

Time (s): cpu = 00:29:50 ; elapsed = 00:17:21 . Memory (MB): peak = 1767.887 ; gain = 255.070
INFO: [Route 35-16] Router Completed Successfully

Time (s): cpu = 00:29:50 ; elapsed = 00:17:21 . Memory (MB): peak = 1767.887 ; gain = 255.070

Routing Is Done.
INFO: [Common 17-83] Releasing license: Implementation
89 Infos, 202 Warnings, 0 Critical Warnings and 0 Errors encountered.
route_design completed successfully
route_design: Time (s): cpu = 00:29:54 ; elapsed = 00:17:23 . Memory (MB): peak = 1767.887 ; gain = 262.137
Netlist sorting complete. Time (s): cpu = 00:00:00 ; elapsed = 00:00:00.007 . Memory (MB): peak = 1767.887 ; gain = 0.000
INFO: [Timing 38-480] Writing timing data to binary archive.
Writing placer database...
Netlist sorting complete. Time (s): cpu = 00:00:00 ; elapsed = 00:00:00.010 . Memory (MB): peak = 1767.887 ; gain = 0.000
Writing XDEF routing.
Writing XDEF routing logical nets.
Writing XDEF routing special nets.
Write XDEF Complete: Time (s): cpu = 00:00:09 ; elapsed = 00:00:03 . Memory (MB): peak = 1767.887 ; gain = 0.000
INFO: [Common 17-1381] The checkpoint 'B:/Dokumen/CNN_HW/CNN_HW.runs/impl_1/CNN_top_module_wrapper_routed.dcp' has been generated.
write_checkpoint: Time (s): cpu = 00:00:10 ; elapsed = 00:00:05 . Memory (MB): peak = 1767.887 ; gain = 0.000
INFO: [runtcl-4] Executing : report_drc -file CNN_top_module_wrapper_drc_routed.rpt -pb CNN_top_module_wrapper_drc_routed.pb -rpx CNN_top_module_wrapper_drc_routed.rpx
Command: report_drc -file CNN_top_module_wrapper_drc_routed.rpt -pb CNN_top_module_wrapper_drc_routed.pb -rpx CNN_top_module_wrapper_drc_routed.rpx
INFO: [IP_Flow 19-1839] IP Catalog is up to date.
INFO: [DRC 23-27] Running DRC with 2 threads
INFO: [Coretcl 2-168] The results of DRC are in file B:/Dokumen/CNN_HW/CNN_HW.runs/impl_1/CNN_top_module_wrapper_drc_routed.rpt.
report_drc completed successfully
INFO: [runtcl-4] Executing : report_methodology -file CNN_top_module_wrapper_methodology_drc_routed.rpt -pb CNN_top_module_wrapper_methodology_drc_routed.pb -rpx CNN_top_module_wrapper_methodology_drc_routed.rpx
Command: report_methodology -file CNN_top_module_wrapper_methodology_drc_routed.rpt -pb CNN_top_module_wrapper_methodology_drc_routed.pb -rpx CNN_top_module_wrapper_methodology_drc_routed.rpx
INFO: [Timing 38-35] Done setting XDC timing constraints.
INFO: [DRC 23-133] Running Methodology with 2 threads
INFO: [Coretcl 2-1520] The results of Report Methodology are in file B:/Dokumen/CNN_HW/CNN_HW.runs/impl_1/CNN_top_module_wrapper_methodology_drc_routed.rpt.
report_methodology completed successfully
report_methodology: Time (s): cpu = 00:00:12 ; elapsed = 00:00:07 . Memory (MB): peak = 1767.887 ; gain = 0.000
INFO: [runtcl-4] Executing : report_power -file CNN_top_module_wrapper_power_routed.rpt -pb CNN_top_module_wrapper_power_summary_routed.pb -rpx CNN_top_module_wrapper_power_routed.rpx
Command: report_power -file CNN_top_module_wrapper_power_routed.rpt -pb CNN_top_module_wrapper_power_summary_routed.pb -rpx CNN_top_module_wrapper_power_routed.rpx
INFO: [Timing 38-35] Done setting XDC timing constraints.
Running Vector-less Activity Propagation...

Finished Running Vector-less Activity Propagation
101 Infos, 202 Warnings, 0 Critical Warnings and 0 Errors encountered.
report_power completed successfully
report_power: Time (s): cpu = 00:00:13 ; elapsed = 00:00:08 . Memory (MB): peak = 1767.887 ; gain = 0.000
INFO: [runtcl-4] Executing : report_route_status -file CNN_top_module_wrapper_route_status.rpt -pb CNN_top_module_wrapper_route_status.pb
INFO: [runtcl-4] Executing : report_timing_summary -max_paths 10 -file CNN_top_module_wrapper_timing_summary_routed.rpt -pb CNN_top_module_wrapper_timing_summary_routed.pb -rpx CNN_top_module_wrapper_timing_summary_routed.rpx
INFO: [Timing 38-91] UpdateTimingParams: Speed grade: -1, Delay Type: min_max.
INFO: [Timing 38-191] Multithreading enabled for timing update using a maximum of 2 CPUs
INFO: [runtcl-4] Executing : report_incremental_reuse -file CNN_top_module_wrapper_incremental_reuse_routed.rpt
INFO: [Vivado_Tcl 4-1062] Incremental flow is disabled. No incremental reuse Info to report.
INFO: [runtcl-4] Executing : report_clock_utilization -file CNN_top_module_wrapper_clock_utilization_routed.rpt
INFO: [runtcl-4] Executing : report_bus_skew -warn_on_violation -file CNN_top_module_wrapper_bus_skew_routed.rpt -pb CNN_top_module_wrapper_bus_skew_routed.pb -rpx CNN_top_module_wrapper_bus_skew_routed.rpx
INFO: [Timing 38-91] UpdateTimingParams: Speed grade: -1, Delay Type: min_max.
INFO: [Timing 38-191] Multithreading enabled for timing update using a maximum of 2 CPUs
Command: phys_opt_design -directive Explore
Attempting to get a license for feature 'Implementation' and/or device 'xc7z010'
INFO: [Common 17-349] Got license for feature 'Implementation' and/or device 'xc7z010'
INFO: [Vivado_Tcl 4-241] Physical synthesis in post route mode ( 100.0% nets are fully routed)
INFO: [Vivado_Tcl 4-137] Directive used for phys_opt_design is: Explore
INFO: [Vivado_Tcl 4-383] Design worst setup slack (WNS) is greater than or equal to 0.000 ns. Skipping all physical synthesis optimizations.
INFO: [Vivado_Tcl 4-232] No setup violation found. The netlist was not modified.
INFO: [Common 17-83] Releasing license: Implementation
117 Infos, 202 Warnings, 0 Critical Warnings and 0 Errors encountered.
phys_opt_design completed successfully
Netlist sorting complete. Time (s): cpu = 00:00:00 ; elapsed = 00:00:00.006 . Memory (MB): peak = 1767.887 ; gain = 0.000
INFO: [Timing 38-480] Writing timing data to binary archive.
Writing placer database...
Netlist sorting complete. Time (s): cpu = 00:00:00 ; elapsed = 00:00:00.010 . Memory (MB): peak = 1767.887 ; gain = 0.000
Writing XDEF routing.
Writing XDEF routing logical nets.
Writing XDEF routing special nets.
Write XDEF Complete: Time (s): cpu = 00:00:09 ; elapsed = 00:00:04 . Memory (MB): peak = 1767.887 ; gain = 0.000
INFO: [Common 17-1381] The checkpoint 'B:/Dokumen/CNN_HW/CNN_HW.runs/impl_1/CNN_top_module_wrapper_postroute_physopt.dcp' has been generated.
write_checkpoint: Time (s): cpu = 00:00:11 ; elapsed = 00:00:06 . Memory (MB): peak = 1767.887 ; gain = 0.000
INFO: [runtcl-4] Executing : report_timing_summary -max_paths 10 -warn_on_violation -file CNN_top_module_wrapper_timing_summary_postroute_physopted.rpt -pb CNN_top_module_wrapper_timing_summary_postroute_physopted.pb -rpx CNN_top_module_wrapper_timing_summary_postroute_physopted.rpx
INFO: [Timing 38-91] UpdateTimingParams: Speed grade: -1, Delay Type: min_max.
INFO: [Timing 38-191] Multithreading enabled for timing update using a maximum of 2 CPUs
INFO: [runtcl-4] Executing : report_bus_skew -warn_on_violation -file CNN_top_module_wrapper_bus_skew_postroute_physopted.rpt -pb CNN_top_module_wrapper_bus_skew_postroute_physopted.pb -rpx CNN_top_module_wrapper_bus_skew_postroute_physopted.rpx
INFO: [Timing 38-91] UpdateTimingParams: Speed grade: -1, Delay Type: min_max.
INFO: [Timing 38-191] Multithreading enabled for timing update using a maximum of 2 CPUs
INFO: [Common 17-206] Exiting Vivado at Sat May  4 17:12:45 2019...
